[35m[1mScanning dependencies of target umbilical_plugin[0m
[35m[1mScanning dependencies of target uuv_underwater_object_plugin[0m
[  5%] [32mBuilding CXX object CMakeFiles/umbilical_plugin.dir/src/UmbilicalModel.cc.o[0m
[35m[1mScanning dependencies of target uuv_dynamics[0m
[ 10%] [32mBuilding CXX object CMakeFiles/uuv_underwater_object_plugin.dir/src/HydrodynamicModel.cc.o[0m
[ 15%] [32mBuilding CXX object CMakeFiles/umbilical_plugin.dir/src/UmbilicalPlugin.cc.o[0m
[ 20%] [32mBuilding CXX object CMakeFiles/uuv_dynamics.dir/src/Dynamics.cc.o[0m
[ 25%] [34m[1mRunning cpp protocol buffer compiler on /home/tom/workspaces/tauv_ws/src/packages/uuv-simulator/uuv_gazebo_plugins/uuv_gazebo_plugins/msgs/Double.proto[0m
[libprotobuf WARNING google/protobuf/compiler/parser.cc:562] No syntax specified for the proto file: Double.proto. Please use 'syntax = "proto2";' or 'syntax = "proto3";' to specify a syntax version. (Defaulted to proto2 syntax.)
[ 30%] [34m[1mRunning cpp protocol buffer compiler on /home/tom/workspaces/tauv_ws/src/packages/uuv-simulator/uuv_gazebo_plugins/uuv_gazebo_plugins/msgs/Accel.proto[0m
[libprotobuf WARNING google/protobuf/compiler/parser.cc:562] No syntax specified for the proto file: Accel.proto. Please use 'syntax = "proto2";' or 'syntax = "proto3";' to specify a syntax version. (Defaulted to proto2 syntax.)
[35m[1mScanning dependencies of target uuv_gazebo_plugins_msgs[0m
[ 35%] [32mBuilding CXX object CMakeFiles/uuv_gazebo_plugins_msgs.dir/Accel.pb.cc.o[0m
[ 40%] [32mBuilding CXX object CMakeFiles/uuv_gazebo_plugins_msgs.dir/Double.pb.cc.o[0m
[ 45%] [32mBuilding CXX object CMakeFiles/uuv_underwater_object_plugin.dir/src/BuoyantObject.cc.o[0m
[ 50%] [32m[1mLinking CXX shared library /home/tom/workspaces/tauv_ws/devel/.private/uuv_gazebo_plugins/lib/libuuv_gazebo_plugins_msgs.so[0m
[ 50%] Built target uuv_gazebo_plugins_msgs
[ 50%] Built target _catkin_empty_exported_target
[ 55%] [32mBuilding CXX object CMakeFiles/uuv_underwater_object_plugin.dir/src/UnderwaterObjectPlugin.cc.o[0m
[ 60%] [32m[1mLinking CXX shared library /home/tom/workspaces/tauv_ws/devel/.private/uuv_gazebo_plugins/lib/libuuv_dynamics.so[0m
[ 60%] Built target uuv_dynamics
[35m[1mScanning dependencies of target uuv_fin_plugin[0m
[ 65%] [32mBuilding CXX object CMakeFiles/uuv_fin_plugin.dir/src/LiftDragModel.cc.o[0m
[ 70%] [32mBuilding CXX object CMakeFiles/uuv_fin_plugin.dir/src/FinPlugin.cc.o[0m
[ 75%] [32m[1mLinking CXX shared library /home/tom/workspaces/tauv_ws/devel/.private/uuv_gazebo_plugins/lib/libumbilical_plugin.so[0m
[ 75%] Built target umbilical_plugin
[35m[1mScanning dependencies of target uuv_thruster_plugin[0m
[ 80%] [32mBuilding CXX object CMakeFiles/uuv_thruster_plugin.dir/src/ThrusterConversionFcn.cc.o[0m
[ 85%] [32mBuilding CXX object CMakeFiles/uuv_thruster_plugin.dir/src/ThrusterPlugin.cc.o[0m
[ 90%] [32m[1mLinking CXX shared library /home/tom/workspaces/tauv_ws/devel/.private/uuv_gazebo_plugins/lib/libuuv_underwater_object_plugin.so[0m
[ 90%] Built target uuv_underwater_object_plugin
[ 95%] [32m[1mLinking CXX shared library /home/tom/workspaces/tauv_ws/devel/.private/uuv_gazebo_plugins/lib/libuuv_fin_plugin.so[0m
[ 95%] Built target uuv_fin_plugin
[100%] [32m[1mLinking CXX shared library /home/tom/workspaces/tauv_ws/devel/.private/uuv_gazebo_plugins/lib/libuuv_thruster_plugin.so[0m
[100%] Built target uuv_thruster_plugin
