[  5%] [32mBuilding CXX object CMakeFiles/uuv_gazebo_plugins_msgs.dir/Accel.pb.cc.o[0m
[ 10%] [32mBuilding CXX object CMakeFiles/umbilical_plugin.dir/src/UmbilicalModel.cc.o[0m
[ 15%] [32mBuilding CXX object CMakeFiles/uuv_underwater_object_plugin.dir/src/HydrodynamicModel.cc.o[0m
[ 20%] [32mBuilding CXX object CMakeFiles/uuv_dynamics.dir/src/Dynamics.cc.o[0m
[ 20%] Built target _catkin_empty_exported_target
[ 25%] [32mBuilding CXX object CMakeFiles/umbilical_plugin.dir/src/UmbilicalPlugin.cc.o[0m
[ 30%] [32mBuilding CXX object CMakeFiles/uuv_gazebo_plugins_msgs.dir/Double.pb.cc.o[0m
[ 35%] [32mBuilding CXX object CMakeFiles/uuv_underwater_object_plugin.dir/src/BuoyantObject.cc.o[0m
[ 40%] [32m[1mLinking CXX shared library /home/tom/workspaces/tauv_ws/devel/.private/uuv_gazebo_plugins/lib/libuuv_gazebo_plugins_msgs.so[0m
[ 50%] Built target uuv_gazebo_plugins_msgs
[ 55%] [32mBuilding CXX object CMakeFiles/uuv_underwater_object_plugin.dir/src/UnderwaterObjectPlugin.cc.o[0m
In file included from [01m[K/usr/include/ignition/math6/ignition/math.hh:30[m[K,
                 from [01m[K/usr/include/sdformat-9.5/sdf/Param.hh:33[m[K,
                 from [01m[K/usr/include/sdformat-9.5/sdf/Element.hh:28[m[K,
                 from [01m[K/usr/include/sdformat-9.5/sdf/Actor.hh:25[m[K,
                 from [01m[K/usr/include/sdformat-9.5/sdf/sdf.hh:2[m[K,
                 from [01m[K/usr/include/gazebo-11/gazebo/common/Battery.hh:25[m[K,
                 from [01m[K/usr/include/gazebo-11/gazebo/common/common.hh:8[m[K,
                 from [01m[K/usr/include/gazebo-11/gazebo/gazebo_core.hh:19[m[K,
                 from [01m[K/usr/include/gazebo-11/gazebo/gazebo.hh:20[m[K,
                 from [01m[K/home/tom/workspaces/tauv_ws/src/packages/uuv-simulator/uuv_gazebo_plugins/uuv_gazebo_plugins/src/Dynamics.cc:16[m[K:
[01m[K/usr/include/ignition/math6/ignition/math/Capsule.hh:91:20:[m[K [01;31m[Kerror: [m[K‘[01m[Koptional[m[K’ in namespace ‘[01m[Kstd[m[K’ does not name a template type
   91 |       public: std::[01;31m[Koptional[m[K< MassMatrix3<Precision> > MassMatrix() const;
      |                    [01;31m[K^~~~~~~~[m[K
[01m[K/usr/include/ignition/math6/ignition/math/Capsule.hh:91:15:[m[K [01;36m[Knote: [m[K‘[01m[Kstd::optional[m[K’ is only available from C++17 onwards
   91 |       public: [01;36m[Kstd[m[K::optional< MassMatrix3<Precision> > MassMatrix() const;
      |               [01;36m[K^~~[m[K
In file included from [01m[K/usr/include/ignition/math6/ignition/math/Capsule.hh:149[m[K,
                 from [01m[K/usr/include/ignition/math6/ignition/math.hh:30[m[K,
                 from [01m[K/usr/include/sdformat-9.5/sdf/Param.hh:33[m[K,
                 from [01m[K/usr/include/sdformat-9.5/sdf/Element.hh:28[m[K,
                 from [01m[K/usr/include/sdformat-9.5/sdf/Actor.hh:25[m[K,
                 from [01m[K/usr/include/sdformat-9.5/sdf/sdf.hh:2[m[K,
                 from [01m[K/usr/include/gazebo-11/gazebo/common/Battery.hh:25[m[K,
                 from [01m[K/usr/include/gazebo-11/gazebo/common/common.hh:8[m[K,
                 from [01m[K/usr/include/gazebo-11/gazebo/gazebo_core.hh:19[m[K,
                 from [01m[K/usr/include/gazebo-11/gazebo/gazebo.hh:20[m[K,
                 from [01m[K/home/tom/workspaces/tauv_ws/src/packages/uuv-simulator/uuv_gazebo_plugins/uuv_gazebo_plugins/src/Dynamics.cc:16[m[K:
[01m[K/usr/include/ignition/math6/ignition/math/detail/Capsule.hh:100:6:[m[K [01;31m[Kerror: [m[K‘[01m[Koptional[m[K’ in namespace ‘[01m[Kstd[m[K’ does not name a template type
  100 | std::[01;31m[Koptional[m[K< MassMatrix3<T> > Capsule<T>::MassMatrix() const
      |      [01;31m[K^~~~~~~~[m[K
[01m[K/usr/include/ignition/math6/ignition/math/detail/Capsule.hh:100:1:[m[K [01;36m[Knote: [m[K‘[01m[Kstd::optional[m[K’ is only available from C++17 onwards
  100 | [01;36m[Kstd[m[K::optional< MassMatrix3<T> > Capsule<T>::MassMatrix() const
      | [01;36m[K^~~[m[K
In file included from [01m[K/usr/include/ignition/math6/ignition/math.hh:34[m[K,
                 from [01m[K/usr/include/sdformat-9.5/sdf/Param.hh:33[m[K,
                 from [01m[K/usr/include/sdformat-9.5/sdf/Element.hh:28[m[K,
                 from [01m[K/usr/include/sdformat-9.5/sdf/Actor.hh:25[m[K,
                 from [01m[K/usr/include/sdformat-9.5/sdf/sdf.hh:2[m[K,
                 from [01m[K/usr/include/gazebo-11/gazebo/common/Battery.hh:25[m[K,
                 from [01m[K/usr/include/gazebo-11/gazebo/common/common.hh:8[m[K,
                 from [01m[K/usr/include/gazebo-11/gazebo/gazebo_core.hh:19[m[K,
                 from [01m[K/usr/include/gazebo-11/gazebo/gazebo.hh:20[m[K,
                 from [01m[K/home/tom/workspaces/tauv_ws/src/packages/uuv-simulator/uuv_gazebo_plugins/uuv_gazebo_plugins/src/Dynamics.cc:16[m[K:
[01m[K/usr/include/ignition/math6/ignition/math/Ellipsoid.hh:77:20:[m[K [01;31m[Kerror: [m[K‘[01m[Koptional[m[K’ in namespace ‘[01m[Kstd[m[K’ does not name a template type
   77 |       public: std::[01;31m[Koptional[m[K< MassMatrix3<Precision> > MassMatrix() const;
      |                    [01;31m[K^~~~~~~~[m[K
[01m[K/usr/include/ignition/math6/ignition/math/Ellipsoid.hh:77:15:[m[K [01;36m[Knote: [m[K‘[01m[Kstd::optional[m[K’ is only available from C++17 onwards
   77 |       public: [01;36m[Kstd[m[K::optional< MassMatrix3<Precision> > MassMatrix() const;
      |               [01;36m[K^~~[m[K
In file included from [01m[K/usr/include/ignition/math6/ignition/math/Ellipsoid.hh:132[m[K,
                 from [01m[K/usr/include/ignition/math6/ignition/math.hh:34[m[K,
                 from [01m[K/usr/include/sdformat-9.5/sdf/Param.hh:33[m[K,
                 from [01m[K/usr/include/sdformat-9.5/sdf/Element.hh:28[m[K,
                 from [01m[K/usr/include/sdformat-9.5/sdf/Actor.hh:25[m[K,
                 from [01m[K/usr/include/sdformat-9.5/sdf/sdf.hh:2[m[K,
                 from [01m[K/usr/include/gazebo-11/gazebo/common/Battery.hh:25[m[K,
                 from [01m[K/usr/include/gazebo-11/gazebo/common/common.hh:8[m[K,
                 from [01m[K/usr/include/gazebo-11/gazebo/gazebo_core.hh:19[m[K,
                 from [01m[K/usr/include/gazebo-11/gazebo/gazebo.hh:20[m[K,
                 from [01m[K/home/tom/workspaces/tauv_ws/src/packages/uuv-simulator/uuv_gazebo_plugins/uuv_gazebo_plugins/src/Dynamics.cc:16[m[K:
[01m[K/usr/include/ignition/math6/ignition/math/detail/Ellipsoid.hh:77:6:[m[K [01;31m[Kerror: [m[K‘[01m[Koptional[m[K’ in namespace ‘[01m[Kstd[m[K’ does not name a template type
   77 | std::[01;31m[Koptional[m[K< MassMatrix3<T> > Ellipsoid<T>::MassMatrix() const
      |      [01;31m[K^~~~~~~~[m[K
[01m[K/usr/include/ignition/math6/ignition/math/detail/Ellipsoid.hh:77:1:[m[K [01;36m[Knote: [m[K‘[01m[Kstd::optional[m[K’ is only available from C++17 onwards
   77 | [01;36m[Kstd[m[K::optional< MassMatrix3<T> > Ellipsoid<T>::MassMatrix() const
      | [01;36m[K^~~[m[K
In file included from [01m[K/usr/include/sdformat-9.5/sdf/Element.hh:28[m[K,
                 from [01m[K/usr/include/sdformat-9.5/sdf/Actor.hh:25[m[K,
                 from [01m[K/usr/include/sdformat-9.5/sdf/sdf.hh:2[m[K,
                 from [01m[K/usr/include/gazebo-11/gazebo/common/Battery.hh:25[m[K,
                 from [01m[K/usr/include/gazebo-11/gazebo/common/common.hh:8[m[K,
                 from [01m[K/usr/include/gazebo-11/gazebo/gazebo_core.hh:19[m[K,
                 from [01m[K/usr/include/gazebo-11/gazebo/gazebo.hh:20[m[K,
                 from [01m[K/home/tom/workspaces/tauv_ws/src/packages/uuv-simulator/uuv_gazebo_plugins/uuv_gazebo_plugins/src/Dynamics.cc:16[m[K:
[01m[K/usr/include/sdformat-9.5/sdf/Param.hh:72:57:[m[K [01;31m[Kerror: [m[Kexpected constructor, destructor, or type conversion before ‘[01m[K;[m[K’ token
   72 |   template<class T> ParamStreamer(T) -> ParamStreamer<T>[01;31m[K;[m[K
      |                                                         [01;31m[K^[m[K
[01m[K/usr/include/sdformat-9.5/sdf/Param.hh:83:47:[m[K [01;31m[Kerror: [m[K‘[01m[Kvariant[m[K’ is not a member of ‘[01m[Kstd[m[K’
   83 |                            ParamStreamer<std::[01;31m[Kvariant[m[K<Ts...>> sv)
      |                                               [01;31m[K^~~~~~~[m[K
[01m[K/usr/include/sdformat-9.5/sdf/Param.hh:83:47:[m[K [01;36m[Knote: [m[K‘[01m[Kstd::variant[m[K’ is only available from C++17 onwards
[01m[K/usr/include/sdformat-9.5/sdf/Param.hh:83:47:[m[K [01;31m[Kerror: [m[K‘[01m[Kvariant[m[K’ is not a member of ‘[01m[Kstd[m[K’
[01m[K/usr/include/sdformat-9.5/sdf/Param.hh:83:47:[m[K [01;36m[Knote: [m[K‘[01m[Kstd::variant[m[K’ is only available from C++17 onwards
[01m[K/usr/include/sdformat-9.5/sdf/Param.hh:83:57:[m[K [01;31m[Kerror: [m[Kexpected parameter pack before ‘[01m[K...[m[K’
   83 |                            ParamStreamer<std::variant<Ts[01;31m[K...[m[K>> sv)
      |                                                         [01;31m[K^~~[m[K
[01m[K/usr/include/sdformat-9.5/sdf/Param.hh:83:57:[m[K [01;31m[Kerror: [m[Ktemplate argument 1 is invalid
[01m[K/usr/include/sdformat-9.5/sdf/Param.hh:83:47:[m[K [01;31m[Kerror: [m[K‘[01m[Kvariant[m[K’ is not a member of ‘[01m[Kstd[m[K’
   83 |                            ParamStreamer<std::[01;31m[Kvariant[m[K<Ts...>> sv)
      |                                               [01;31m[K^~~~~~~[m[K
[01m[K/usr/include/sdformat-9.5/sdf/Param.hh:83:47:[m[K [01;36m[Knote: [m[K‘[01m[Kstd::variant[m[K’ is only available from C++17 onwards
[01m[K/usr/include/sdformat-9.5/sdf/Param.hh:83:47:[m[K [01;31m[Kerror: [m[K‘[01m[Kvariant[m[K’ is not a member of ‘[01m[Kstd[m[K’
[01m[K/usr/include/sdformat-9.5/sdf/Param.hh:83:47:[m[K [01;36m[Knote: [m[K‘[01m[Kstd::variant[m[K’ is only available from C++17 onwards
[01m[K/usr/include/sdformat-9.5/sdf/Param.hh:83:57:[m[K [01;31m[Kerror: [m[Kexpected parameter pack before ‘[01m[K...[m[K’
   83 |                            ParamStreamer<std::variant<Ts[01;31m[K...[m[K>> sv)
      |                                                         [01;31m[K^~~[m[K
[01m[K/usr/include/sdformat-9.5/sdf/Param.hh:83:60:[m[K [01;31m[Kerror: [m[Ktemplate argument 1 is invalid
   83 |                            ParamStreamer<std::variant<Ts...[01;31m[K>>[m[K sv)
      |                                                            [01;31m[K^~[m[K
[01m[K/usr/include/sdformat-9.5/sdf/Param.hh:83:47:[m[K [01;31m[Kerror: [m[K‘[01m[Kvariant[m[K’ is not a member of ‘[01m[Kstd[m[K’
   83 |                            ParamStreamer<std::[01;31m[Kvariant[m[K<Ts...>> sv)
      |                                               [01;31m[K^~~~~~~[m[K
[01m[K/usr/include/sdformat-9.5/sdf/Param.hh:83:47:[m[K [01;36m[Knote: [m[K‘[01m[Kstd::variant[m[K’ is only available from C++17 onwards
[01m[K/usr/include/sdformat-9.5/sdf/Param.hh:83:47:[m[K [01;31m[Kerror: [m[K‘[01m[Kvariant[m[K’ is not a member of ‘[01m[Kstd[m[K’
[01m[K/usr/include/sdformat-9.5/sdf/Param.hh:83:47:[m[K [01;36m[Knote: [m[K‘[01m[Kstd::variant[m[K’ is only available from C++17 onwards
[01m[K/usr/include/sdformat-9.5/sdf/Param.hh:83:57:[m[K [01;31m[Kerror: [m[Kexpected parameter pack before ‘[01m[K...[m[K’
   83 |                            ParamStreamer<std::variant<Ts[01;31m[K...[m[K>> sv)
      |                                                         [01;31m[K^~~[m[K
[01m[K/usr/include/sdformat-9.5/sdf/Param.hh:83:60:[m[K [01;31m[Kerror: [m[Ktemplate argument 1 is invalid
   83 |                            ParamStreamer<std::variant<Ts...[01;31m[K>>[m[K sv)
      |                                                            [01;31m[K^~[m[K
[01m[K/usr/include/sdformat-9.5/sdf/Param.hh:83:28:[m[K [01;31m[Kerror: [m[K‘[01m[KParamStreamer[m[K’ is not a type
   83 |                            [01;31m[KParamStreamer[m[K<std::variant<Ts...>> sv)
      |                            [01;31m[K^~~~~~~~~~~~~[m[K
[01m[K/usr/include/sdformat-9.5/sdf/Param.hh:83:41:[m[K [01;31m[Kerror: [m[Kexpected ‘[01m[K,[m[K’ or ‘[01m[K...[m[K’ before ‘[01m[K<[m[K’ token
   83 |                            ParamStreamer[01;31m[K<[m[Kstd::variant<Ts...>> sv)
      |                                         [01;31m[K^[m[K
[01m[K/usr/include/sdformat-9.5/sdf/Param.hh:[m[K In function ‘[01m[Kstd::ostream& sdf::v9::operator<<(std::ostream&, int)[m[K’:
[01m[K/usr/include/sdformat-9.5/sdf/Param.hh:85:10:[m[K [01;31m[Kerror: [m[K‘[01m[Kvisit[m[K’ is not a member of ‘[01m[Kstd[m[K’
   85 |     std::[01;31m[Kvisit[m[K([&os](auto const &v)
      |          [01;31m[K^~~~~[m[K
[01m[K/usr/include/sdformat-9.5/sdf/Param.hh:85:10:[m[K [01;36m[Knote: [m[K‘[01m[Kstd::visit[m[K’ is only available from C++17 onwards
[01m[K/usr/include/sdformat-9.5/sdf/Param.hh:[m[K In lambda function:
[01m[K/usr/include/sdformat-9.5/sdf/Param.hh:87:28:[m[K [01;31m[Kerror: [m[Kmissing template arguments before ‘[01m[K{[m[K’ token
   87 |         os << ParamStreamer[01;31m[K{[m[Kv};
      |                            [01;31m[K^[m[K
[01m[K/usr/include/sdformat-9.5/sdf/Param.hh:[m[K In function ‘[01m[Kstd::ostream& sdf::v9::operator<<(std::ostream&, int)[m[K’:
[01m[K/usr/include/sdformat-9.5/sdf/Param.hh:88:10:[m[K [01;31m[Kerror: [m[K‘[01m[Ksv[m[K’ was not declared in this scope
   88 |       }, [01;31m[Ksv[m[K.val);
      |          [01;31m[K^~[m[K
[01m[K/usr/include/sdformat-9.5/sdf/Param.hh:[m[K At global scope:
[01m[K/usr/include/sdformat-9.5/sdf/Param.hh:173:30:[m[K [01;31m[Kerror: [m[K‘[01m[Kstd::any[m[K’ has not been declared
  173 |     public: bool GetAny(std::[01;31m[Kany[m[K &_anyVal) const;
      |                              [01;31m[K^~~[m[K
[01m[K/usr/include/sdformat-9.5/sdf/Param.hh:242:32:[m[K [01;31m[Kerror: [m[K‘[01m[Kany[m[K’ is not a member of ‘[01m[Kstd[m[K’
  242 |     public: std::function<std::[01;31m[Kany[m[K ()> updateFunc;
      |                                [01;31m[K^~~[m[K
[01m[K/usr/include/sdformat-9.5/sdf/Param.hh:242:32:[m[K [01;36m[Knote: [m[K‘[01m[Kstd::any[m[K’ is only available from C++17 onwards
[01m[K/usr/include/sdformat-9.5/sdf/Param.hh:242:32:[m[K [01;31m[Kerror: [m[K‘[01m[Kany[m[K’ is not a member of ‘[01m[Kstd[m[K’
[01m[K/usr/include/sdformat-9.5/sdf/Param.hh:242:32:[m[K [01;36m[Knote: [m[K‘[01m[Kstd::any[m[K’ is only available from C++17 onwards
[01m[K/usr/include/sdformat-9.5/sdf/Param.hh:242:38:[m[K [01;31m[Kerror: [m[Ktemplate argument 1 is invalid
  242 |     public: std::function<std::any ()[01;31m[K>[m[K updateFunc;
      |                                      [01;31m[K^[m[K
[01m[K/usr/include/sdformat-9.5/sdf/Param.hh:246:26:[m[K [01;31m[Kerror: [m[K‘[01m[Kvariant[m[K’ in namespace ‘[01m[Kstd[m[K’ does not name a template type
  246 |     public: typedef std::[01;31m[Kvariant[m[K<bool, char, std::string, int, std::uint64_t,
      |                          [01;31m[K^~~~~~~[m[K
[01m[K/usr/include/sdformat-9.5/sdf/Param.hh:246:21:[m[K [01;36m[Knote: [m[K‘[01m[Kstd::variant[m[K’ is only available from C++17 onwards
  246 |     public: typedef [01;36m[Kstd[m[K::variant<bool, char, std::string, int, std::uint64_t,
      |                     [01;36m[K^~~[m[K
[01m[K/usr/include/sdformat-9.5/sdf/Param.hh:257:13:[m[K [01;31m[Kerror: [m[K‘[01m[KParamVariant[m[K’ does not name a type
  257 |     public: [01;31m[KParamVariant[m[K value;
      |             [01;31m[K^~~~~~~~~~~~[m[K
[01m[K/usr/include/sdformat-9.5/sdf/Param.hh:260:13:[m[K [01;31m[Kerror: [m[K‘[01m[KParamVariant[m[K’ does not name a type
  260 |     public: [01;31m[KParamVariant[m[K defaultValue;
      |             [01;31m[K^~~~~~~~~~~~[m[K
[01m[K/usr/include/sdformat-9.5/sdf/Param.hh:[m[K In member function ‘[01m[Kbool sdf::v9::Param::Get(T&) const[m[K’:
[01m[K/usr/include/sdformat-9.5/sdf/Param.hh:298:69:[m[K [01;31m[Kerror: [m[K‘[01m[Kclass sdf::v9::ParamPrivate[m[K’ has no member named ‘[01m[Kvalue[m[K’
  298 |         std::string strValue = std::get<std::string>(this->dataPtr->[01;31m[Kvalue[m[K);
      |                                                                     [01;31m[K^~~~~[m[K
[01m[K/usr/include/sdformat-9.5/sdf/Param.hh:318:25:[m[K [01;31m[Kerror: [m[K‘[01m[Kget_if[m[K’ is not a member of ‘[01m[Kstd[m[K’; did you mean ‘[01m[Kget_time[m[K’?
  318 |         T *value = std::[01;31m[Kget_if[m[K<T>(&this->dataPtr->value);
      |                         [01;31m[K^~~~~~[m[K
      |                         [32m[Kget_time[m[K
[01m[K/usr/include/sdformat-9.5/sdf/Param.hh:318:33:[m[K [01;31m[Kerror: [m[Kexpected primary-expression before ‘[01m[K>[m[K’ token
  318 |         T *value = std::get_if<T[01;31m[K>[m[K(&this->dataPtr->value);
      |                                 [01;31m[K^[m[K
[01m[K/usr/include/sdformat-9.5/sdf/Param.hh:318:51:[m[K [01;31m[Kerror: [m[K‘[01m[Kclass sdf::v9::ParamPrivate[m[K’ has no member named ‘[01m[Kvalue[m[K’
  318 |         T *value = std::get_if<T>(&this->dataPtr->[01;31m[Kvalue[m[K);
      |                                                   [01;31m[K^~~~~[m[K
[01m[K/usr/include/sdformat-9.5/sdf/Param.hh:324:30:[m[K [01;31m[Kerror: [m[Kmissing template arguments before ‘[01m[K{[m[K’ token
  324 |           ss << ParamStreamer[01;31m[K{[m[Kthis->dataPtr->value};
      |                              [01;31m[K^[m[K
[01m[K/usr/include/sdformat-9.5/sdf/Param.hh:[m[K In member function ‘[01m[Kbool sdf::v9::Param::GetDefault(T&) const[m[K’:
[01m[K/usr/include/sdformat-9.5/sdf/Param.hh:349:26:[m[K [01;31m[Kerror: [m[Kmissing template arguments before ‘[01m[K{[m[K’ token
  349 |       ss << ParamStreamer[01;31m[K{[m[Kthis->dataPtr->defaultValue};
      |                          [01;31m[K^[m[K
[01m[K/usr/include/sdformat-9.5/sdf/Param.hh:[m[K In member function ‘[01m[Kbool sdf::v9::Param::IsType() const[m[K’:
[01m[K/usr/include/sdformat-9.5/sdf/Param.hh:369:17:[m[K [01;31m[Kerror: [m[K‘[01m[Kholds_alternative[m[K’ is not a member of ‘[01m[Kstd[m[K’
  369 |     return std::[01;31m[Kholds_alternative[m[K<Type>(this->dataPtr->value);
      |                 [01;31m[K^~~~~~~~~~~~~~~~~[m[K
[01m[K/usr/include/sdformat-9.5/sdf/Param.hh:369:39:[m[K [01;31m[Kerror: [m[Kexpected primary-expression before ‘[01m[K>[m[K’ token
  369 |     return std::holds_alternative<Type[01;31m[K>[m[K(this->dataPtr->value);
      |                                       [01;31m[K^[m[K
[01m[K/usr/include/sdformat-9.5/sdf/Param.hh:369:56:[m[K [01;31m[Kerror: [m[K‘[01m[Kclass sdf::v9::ParamPrivate[m[K’ has no member named ‘[01m[Kvalue[m[K’
  369 |     return std::holds_alternative<Type>(this->dataPtr->[01;31m[Kvalue[m[K);
      |                                                        [01;31m[K^~~~~[m[K
In file included from [01m[K/usr/include/sdformat-9.5/sdf/Actor.hh:25[m[K,
                 from [01m[K/usr/include/sdformat-9.5/sdf/sdf.hh:2[m[K,
                 from [01m[K/usr/include/gazebo-11/gazebo/common/Battery.hh:25[m[K,
                 from [01m[K/usr/include/gazebo-11/gazebo/common/common.hh:8[m[K,
                 from [01m[K/usr/include/gazebo-11/gazebo/gazebo_core.hh:19[m[K,
                 from [01m[K/usr/include/gazebo-11/gazebo/gazebo.hh:20[m[K,
                 from [01m[K/home/tom/workspaces/tauv_ws/src/packages/uuv-simulator/uuv_gazebo_plugins/uuv_gazebo_plugins/src/Dynamics.cc:16[m[K:
[01m[K/usr/include/sdformat-9.5/sdf/Element.hh:[m[K At global scope:
[01m[K/usr/include/sdformat-9.5/sdf/Element.hh:237:18:[m[K [01;31m[Kerror: [m[K‘[01m[Kany[m[K’ in namespace ‘[01m[Kstd[m[K’ does not name a type
  237 |     public: std::[01;31m[Kany[m[K GetAny(const std::string &_key = "") const;
      |                  [01;31m[K^~~[m[K
[01m[K/usr/include/sdformat-9.5/sdf/Element.hh:237:13:[m[K [01;36m[Knote: [m[K‘[01m[Kstd::any[m[K’ is only available from C++17 onwards
  237 |     public: [01;36m[Kstd[m[K::any GetAny(const std::string &_key = "") const;
      |             [01;36m[K^~~[m[K
make[2]: *** [CMakeFiles/uuv_dynamics.dir/build.make:63: CMakeFiles/uuv_dynamics.dir/src/Dynamics.cc.o] Error 1
make[1]: *** [CMakeFiles/Makefile2:216: CMakeFiles/uuv_dynamics.dir/all] Error 2
make[1]: *** Waiting for unfinished jobs....
In file included from [01m[K/home/tom/workspaces/tauv_ws/src/packages/uuv-simulator/uuv_gazebo_plugins/uuv_gazebo_plugins/include/uuv_gazebo_plugins/HydrodynamicModel.hh:37[m[K,
                 from [01m[K/home/tom/workspaces/tauv_ws/src/packages/uuv-simulator/uuv_gazebo_plugins/uuv_gazebo_plugins/src/HydrodynamicModel.cc:17[m[K:
[01m[K/home/tom/workspaces/tauv_ws/src/packages/uuv-simulator/uuv_gazebo_plugins/uuv_gazebo_plugins/include/uuv_gazebo_plugins/BuoyantObject.hh:77:31:[m[K [01;31m[Kerror: [m[Ktemplate placeholder type ‘[01m[Kconst Box<...auto...>[m[K’ must be followed by a simple declarator-id
   77 |   public: void SetBoundingBox([01;31m[Kconst[m[K ignition::math::Box &_bBox);
      |                               [01;31m[K^~~~~[m[K
In file included from [01m[K/usr/include/ignition/math6/ignition/math.hh:29[m[K,
                 from [01m[K/usr/include/sdformat-9.5/sdf/Param.hh:33[m[K,
                 from [01m[K/usr/include/sdformat-9.5/sdf/Element.hh:28[m[K,
                 from [01m[K/usr/include/sdformat-9.5/sdf/Actor.hh:25[m[K,
                 from [01m[K/usr/include/sdformat-9.5/sdf/sdf.hh:2[m[K,
                 from [01m[K/usr/include/gazebo-11/gazebo/common/Battery.hh:25[m[K,
                 from [01m[K/usr/include/gazebo-11/gazebo/common/common.hh:8[m[K,
                 from [01m[K/usr/include/gazebo-11/gazebo/gazebo_core.hh:19[m[K,
                 from [01m[K/usr/include/gazebo-11/gazebo/gazebo.hh:20[m[K,
                 from [01m[K/home/tom/workspaces/tauv_ws/src/packages/uuv-simulator/uuv_gazebo_plugins/uuv_gazebo_plugins/src/HydrodynamicModel.cc:16[m[K:
[01m[K/usr/include/ignition/math6/ignition/math/Box.hh:42:11:[m[K [01;36m[Knote: [m[K‘[01m[Ktemplate<class Precision> class ignition::math::v6::Box[m[K’ declared here
   42 |     class [01;36m[KBox[m[K
      |           [01;36m[K^~~[m[K
In file included from [01m[K/home/tom/workspaces/tauv_ws/src/packages/uuv-simulator/uuv_gazebo_plugins/uuv_gazebo_plugins/include/uuv_gazebo_plugins/HydrodynamicModel.hh:37[m[K,
                 from [01m[K/home/tom/workspaces/tauv_ws/src/packages/uuv-simulator/uuv_gazebo_plugins/uuv_gazebo_plugins/src/HydrodynamicModel.cc:17[m[K:
[01m[K/home/tom/workspaces/tauv_ws/src/packages/uuv-simulator/uuv_gazebo_plugins/uuv_gazebo_plugins/include/uuv_gazebo_plugins/BuoyantObject.hh:123:14:[m[K [01;31m[Kerror: [m[Kinvalid use of template-name ‘[01m[Kignition::math::v6::Box[m[K’ without an argument list
  123 |   protected: [01;31m[Kignition[m[K::math::Box boundingBox;
      |              [01;31m[K^~~~~~~~[m[K
[01m[K/home/tom/workspaces/tauv_ws/src/packages/uuv-simulator/uuv_gazebo_plugins/uuv_gazebo_plugins/src/HydrodynamicModel.cc:[m[K In constructor ‘[01m[Kgazebo::HydrodynamicModel::HydrodynamicModel(sdf::v9::ElementPtr, gazebo::physics::LinkPtr)[m[K’:
[01m[K/home/tom/workspaces/tauv_ws/src/packages/uuv-simulator/uuv_gazebo_plugins/uuv_gazebo_plugins/src/HydrodynamicModel.cc:80:68:[m[K [01;31m[Kerror: [m[Kclass template argument deduction failed:
   80 |         ignition::math::Vector3d(width / 2, length / 2, height / 2)[01;31m[K)[m[K;
      |                                                                    [01;31m[K^[m[K
[01m[K/home/tom/workspaces/tauv_ws/src/packages/uuv-simulator/uuv_gazebo_plugins/uuv_gazebo_plugins/src/HydrodynamicModel.cc:80:68:[m[K [01;31m[Kerror: [m[Kno matching function for call to ‘[01m[KBox(ignition::math::v6::Vector3d, ignition::math::v6::Vector3d)[m[K’
In file included from [01m[K/usr/include/ignition/math6/ignition/math/Box.hh:185[m[K,
                 from [01m[K/usr/include/ignition/math6/ignition/math.hh:29[m[K,
                 from [01m[K/usr/include/sdformat-9.5/sdf/Param.hh:33[m[K,
                 from [01m[K/usr/include/sdformat-9.5/sdf/Element.hh:28[m[K,
                 from [01m[K/usr/include/sdformat-9.5/sdf/Actor.hh:25[m[K,
                 from [01m[K/usr/include/sdformat-9.5/sdf/sdf.hh:2[m[K,
                 from [01m[K/usr/include/gazebo-11/gazebo/common/Battery.hh:25[m[K,
                 from [01m[K/usr/include/gazebo-11/gazebo/common/common.hh:8[m[K,
                 from [01m[K/usr/include/gazebo-11/gazebo/gazebo_core.hh:19[m[K,
                 from [01m[K/usr/include/gazebo-11/gazebo/gazebo.hh:20[m[K,
                 from [01m[K/home/tom/workspaces/tauv_ws/src/packages/uuv-simulator/uuv_gazebo_plugins/uuv_gazebo_plugins/src/HydrodynamicModel.cc:16[m[K:
[01m[K/usr/include/ignition/math6/ignition/math/detail/Box.hh:52:1:[m[K [01;36m[Knote: [m[Kcandidate: ‘[01m[Ktemplate<class Precision> Box(const ignition::math::v6::Vector3<T>&, const ignition::math::v6::Material&)-> ignition::math::v6::Box<Precision>[m[K’
   52 | [01;36m[KBox<T>[m[K::Box(const Vector3<T> &_size, const ignition::math::Material &_mat)
      | [01;36m[K^~~~~~[m[K
[01m[K/usr/include/ignition/math6/ignition/math/detail/Box.hh:52:1:[m[K [01;36m[Knote: [m[K  template argument deduction/substitution failed:
[01m[K/home/tom/workspaces/tauv_ws/src/packages/uuv-simulator/uuv_gazebo_plugins/uuv_gazebo_plugins/src/HydrodynamicModel.cc:80:25:[m[K [01;36m[Knote: [m[K  cannot convert ‘[01m[Kignition::math::v6::Vector3<double>((width / (double)2), (length / (double)2), (height / (double)2))[m[K’ (type ‘[01m[Kignition::math::v6::Vector3d[m[K’ {aka ‘[01m[Kignition::math::v6::Vector3<double>[m[K’}) to type ‘[01m[Kconst ignition::math::v6::Material&[m[K’
   80 |         ignition::math::[01;36m[KVector3d(width / 2, length / 2, height / 2)[m[K);
      |                         [01;36m[K^~~~~~~~~~~~~~~~~~~~~~~~~~~~~~~~~~~~~~~~~~~[m[K
In file included from [01m[K/usr/include/ignition/math6/ignition/math/Box.hh:185[m[K,
                 from [01m[K/usr/include/ignition/math6/ignition/math.hh:29[m[K,
                 from [01m[K/usr/include/sdformat-9.5/sdf/Param.hh:33[m[K,
                 from [01m[K/usr/include/sdformat-9.5/sdf/Element.hh:28[m[K,
                 from [01m[K/usr/include/sdformat-9.5/sdf/Actor.hh:25[m[K,
                 from [01m[K/usr/include/sdformat-9.5/sdf/sdf.hh:2[m[K,
                 from [01m[K/usr/include/gazebo-11/gazebo/common/Battery.hh:25[m[K,
                 from [01m[K/usr/include/gazebo-11/gazebo/common/common.hh:8[m[K,
                 from [01m[K/usr/include/gazebo-11/gazebo/gazebo_core.hh:19[m[K,
                 from [01m[K/usr/include/gazebo-11/gazebo/gazebo.hh:20[m[K,
                 from [01m[K/home/tom/workspaces/tauv_ws/src/packages/uuv-simulator/uuv_gazebo_plugins/uuv_gazebo_plugins/src/HydrodynamicModel.cc:16[m[K:
[01m[K/usr/include/ignition/math6/ignition/math/detail/Box.hh:45:1:[m[K [01;36m[Knote: [m[Kcandidate: ‘[01m[Ktemplate<class Precision> Box(const ignition::math::v6::Vector3<T>&)-> ignition::math::v6::Box<Precision>[m[K’
   45 | [01;36m[KBox<T>[m[K::Box(const Vector3<T> &_size)
      | [01;36m[K^~~~~~[m[K
[01m[K/usr/include/ignition/math6/ignition/math/detail/Box.hh:45:1:[m[K [01;36m[Knote: [m[K  template argument deduction/substitution failed:
[01m[K/home/tom/workspaces/tauv_ws/src/packages/uuv-simulator/uuv_gazebo_plugins/uuv_gazebo_plugins/src/HydrodynamicModel.cc:80:68:[m[K [01;36m[Knote: [m[K  candidate expects 1 argument, 2 provided
   80 |         ignition::math::Vector3d(width / 2, length / 2, height / 2)[01;36m[K)[m[K;
      |                                                                    [01;36m[K^[m[K
In file included from [01m[K/usr/include/ignition/math6/ignition/math/Box.hh:185[m[K,
                 from [01m[K/usr/include/ignition/math6/ignition/math.hh:29[m[K,
                 from [01m[K/usr/include/sdformat-9.5/sdf/Param.hh:33[m[K,
                 from [01m[K/usr/include/sdformat-9.5/sdf/Element.hh:28[m[K,
                 from [01m[K/usr/include/sdformat-9.5/sdf/Actor.hh:25[m[K,
                 from [01m[K/usr/include/sdformat-9.5/sdf/sdf.hh:2[m[K,
                 from [01m[K/usr/include/gazebo-11/gazebo/common/Battery.hh:25[m[K,
                 from [01m[K/usr/include/gazebo-11/gazebo/common/common.hh:8[m[K,
                 from [01m[K/usr/include/gazebo-11/gazebo/gazebo_core.hh:19[m[K,
                 from [01m[K/usr/include/gazebo-11/gazebo/gazebo.hh:20[m[K,
                 from [01m[K/home/tom/workspaces/tauv_ws/src/packages/uuv-simulator/uuv_gazebo_plugins/uuv_gazebo_plugins/src/HydrodynamicModel.cc:16[m[K:
[01m[K/usr/include/ignition/math6/ignition/math/detail/Box.hh:34:1:[m[K [01;36m[Knote: [m[Kcandidate: ‘[01m[Ktemplate<class Precision> Box(T, T, T, const ignition::math::v6::Material&)-> ignition::math::v6::Box<Precision>[m[K’
   34 | [01;36m[KBox<T>[m[K::Box(T _length, T _width, T _height,
      | [01;36m[K^~~~~~[m[K
[01m[K/usr/include/ignition/math6/ignition/math/detail/Box.hh:34:1:[m[K [01;36m[Knote: [m[K  template argument deduction/substitution failed:
[01m[K/home/tom/workspaces/tauv_ws/src/packages/uuv-simulator/uuv_gazebo_plugins/uuv_gazebo_plugins/src/HydrodynamicModel.cc:80:68:[m[K [01;36m[Knote: [m[K  candidate expects 4 arguments, 2 provided
   80 |         ignition::math::Vector3d(width / 2, length / 2, height / 2)[01;36m[K)[m[K;
      |                                                                    [01;36m[K^[m[K
In file included from [01m[K/usr/include/ignition/math6/ignition/math/Box.hh:185[m[K,
                 from [01m[K/usr/include/ignition/math6/ignition/math.hh:29[m[K,
                 from [01m[K/usr/include/sdformat-9.5/sdf/Param.hh:33[m[K,
                 from [01m[K/usr/include/sdformat-9.5/sdf/Element.hh:28[m[K,
                 from [01m[K/usr/include/sdformat-9.5/sdf/Actor.hh:25[m[K,
                 from [01m[K/usr/include/sdformat-9.5/sdf/sdf.hh:2[m[K,
                 from [01m[K/usr/include/gazebo-11/gazebo/common/Battery.hh:25[m[K,
                 from [01m[K/usr/include/gazebo-11/gazebo/common/common.hh:8[m[K,
                 from [01m[K/usr/include/gazebo-11/gazebo/gazebo_core.hh:19[m[K,
                 from [01m[K/usr/include/gazebo-11/gazebo/gazebo.hh:20[m[K,
                 from [01m[K/home/tom/workspaces/tauv_ws/src/packages/uuv-simulator/uuv_gazebo_plugins/uuv_gazebo_plugins/src/HydrodynamicModel.cc:16[m[K:
[01m[K/usr/include/ignition/math6/ignition/math/detail/Box.hh:25:1:[m[K [01;36m[Knote: [m[Kcandidate: ‘[01m[Ktemplate<class Precision> Box(T, T, T)-> ignition::math::v6::Box<Precision>[m[K’
   25 | [01;36m[KBox<T>[m[K::Box(T _length, T _width, T _height)
      | [01;36m[K^~~~~~[m[K
[01m[K/usr/include/ignition/math6/ignition/math/detail/Box.hh:25:1:[m[K [01;36m[Knote: [m[K  template argument deduction/substitution failed:
[01m[K/home/tom/workspaces/tauv_ws/src/packages/uuv-simulator/uuv_gazebo_plugins/uuv_gazebo_plugins/src/HydrodynamicModel.cc:80:68:[m[K [01;36m[Knote: [m[K  candidate expects 3 arguments, 2 provided
   80 |         ignition::math::Vector3d(width / 2, length / 2, height / 2)[01;36m[K)[m[K;
      |                                                                    [01;36m[K^[m[K
In file included from [01m[K/usr/include/ignition/math6/ignition/math.hh:29[m[K,
                 from [01m[K/usr/include/sdformat-9.5/sdf/Param.hh:33[m[K,
                 from [01m[K/usr/include/sdformat-9.5/sdf/Element.hh:28[m[K,
                 from [01m[K/usr/include/sdformat-9.5/sdf/Actor.hh:25[m[K,
                 from [01m[K/usr/include/sdformat-9.5/sdf/sdf.hh:2[m[K,
                 from [01m[K/usr/include/gazebo-11/gazebo/common/Battery.hh:25[m[K,
                 from [01m[K/usr/include/gazebo-11/gazebo/common/common.hh:8[m[K,
                 from [01m[K/usr/include/gazebo-11/gazebo/gazebo_core.hh:19[m[K,
                 from [01m[K/usr/include/gazebo-11/gazebo/gazebo.hh:20[m[K,
                 from [01m[K/home/tom/workspaces/tauv_ws/src/packages/uuv-simulator/uuv_gazebo_plugins/uuv_gazebo_plugins/src/HydrodynamicModel.cc:16[m[K:
[01m[K/usr/include/ignition/math6/ignition/math/Box.hh:45:15:[m[K [01;36m[Knote: [m[Kcandidate: ‘[01m[Ktemplate<class Precision> Box()-> ignition::math::v6::Box<Precision>[m[K’
   45 |       public: [01;36m[KBox[m[K() = default;
      |               [01;36m[K^~~[m[K
[01m[K/usr/include/ignition/math6/ignition/math/Box.hh:45:15:[m[K [01;36m[Knote: [m[K  template argument deduction/substitution failed:
[01m[K/home/tom/workspaces/tauv_ws/src/packages/uuv-simulator/uuv_gazebo_plugins/uuv_gazebo_plugins/src/HydrodynamicModel.cc:80:68:[m[K [01;36m[Knote: [m[K  candidate expects 0 arguments, 2 provided
   80 |         ignition::math::Vector3d(width / 2, length / 2, height / 2)[01;36m[K)[m[K;
      |                                                                    [01;36m[K^[m[K
[01m[K/home/tom/workspaces/tauv_ws/src/packages/uuv-simulator/uuv_gazebo_plugins/uuv_gazebo_plugins/src/HydrodynamicModel.cc:80:68:[m[K [01;31m[Kerror: [m[Kexpression list treated as compound expression in functional cast [[01;31m[K-fpermissive[m[K]
In file included from [01m[K/home/tom/workspaces/tauv_ws/src/packages/uuv-simulator/uuv_gazebo_plugins/uuv_gazebo_plugins/src/BuoyantObject.cc:19[m[K:
[01m[K/home/tom/workspaces/tauv_ws/src/packages/uuv-simulator/uuv_gazebo_plugins/uuv_gazebo_plugins/include/uuv_gazebo_plugins/BuoyantObject.hh:77:31:[m[K [01;31m[Kerror: [m[Ktemplate placeholder type ‘[01m[Kconst Box<...auto...>[m[K’ must be followed by a simple declarator-id
   77 |   public: void SetBoundingBox([01;31m[Kconst[m[K ignition::math::Box &_bBox);
      |                               [01;31m[K^~~~~[m[K
In file included from [01m[K/usr/include/ignition/math6/ignition/math.hh:29[m[K,
                 from [01m[K/usr/include/sdformat-9.5/sdf/Param.hh:33[m[K,
                 from [01m[K/usr/include/sdformat-9.5/sdf/Element.hh:28[m[K,
                 from [01m[K/usr/include/sdformat-9.5/sdf/Actor.hh:25[m[K,
                 from [01m[K/usr/include/sdformat-9.5/sdf/sdf.hh:2[m[K,
                 from [01m[K/usr/include/gazebo-11/gazebo/common/Battery.hh:25[m[K,
                 from [01m[K/usr/include/gazebo-11/gazebo/common/common.hh:8[m[K,
                 from [01m[K/usr/include/gazebo-11/gazebo/gazebo_core.hh:19[m[K,
                 from [01m[K/usr/include/gazebo-11/gazebo/gazebo.hh:20[m[K,
                 from [01m[K/home/tom/workspaces/tauv_ws/src/packages/uuv-simulator/uuv_gazebo_plugins/uuv_gazebo_plugins/src/BuoyantObject.cc:18[m[K:
[01m[K/usr/include/ignition/math6/ignition/math/Box.hh:42:11:[m[K [01;36m[Knote: [m[K‘[01m[Ktemplate<class Precision> class ignition::math::v6::Box[m[K’ declared here
   42 |     class [01;36m[KBox[m[K
      |           [01;36m[K^~~[m[K
In file included from [01m[K/home/tom/workspaces/tauv_ws/src/packages/uuv-simulator/uuv_gazebo_plugins/uuv_gazebo_plugins/src/BuoyantObject.cc:19[m[K:
[01m[K/home/tom/workspaces/tauv_ws/src/packages/uuv-simulator/uuv_gazebo_plugins/uuv_gazebo_plugins/include/uuv_gazebo_plugins/BuoyantObject.hh:123:14:[m[K [01;31m[Kerror: [m[Kinvalid use of template-name ‘[01m[Kignition::math::v6::Box[m[K’ without an argument list
  123 |   protected: [01;31m[Kignition[m[K::math::Box boundingBox;
      |              [01;31m[K^~~~~~~~[m[K
[01m[K/home/tom/workspaces/tauv_ws/src/packages/uuv-simulator/uuv_gazebo_plugins/uuv_gazebo_plugins/src/BuoyantObject.cc:208:36:[m[K [01;31m[Kerror: [m[Ktemplate placeholder type ‘[01m[Kconst Box<...auto...>[m[K’ must be followed by a simple declarator-id
  208 | void BuoyantObject::SetBoundingBox([01;31m[Kconst[m[K ignition::math::Box &_bBox)
      |                                    [01;31m[K^~~~~[m[K
In file included from [01m[K/usr/include/ignition/math6/ignition/math.hh:29[m[K,
                 from [01m[K/usr/include/sdformat-9.5/sdf/Param.hh:33[m[K,
                 from [01m[K/usr/include/sdformat-9.5/sdf/Element.hh:28[m[K,
                 from [01m[K/usr/include/sdformat-9.5/sdf/Actor.hh:25[m[K,
                 from [01m[K/usr/include/sdformat-9.5/sdf/sdf.hh:2[m[K,
                 from [01m[K/usr/include/gazebo-11/gazebo/common/Battery.hh:25[m[K,
                 from [01m[K/usr/include/gazebo-11/gazebo/common/common.hh:8[m[K,
                 from [01m[K/usr/include/gazebo-11/gazebo/gazebo_core.hh:19[m[K,
                 from [01m[K/usr/include/gazebo-11/gazebo/gazebo.hh:20[m[K,
                 from [01m[K/home/tom/workspaces/tauv_ws/src/packages/uuv-simulator/uuv_gazebo_plugins/uuv_gazebo_plugins/src/BuoyantObject.cc:18[m[K:
[01m[K/usr/include/ignition/math6/ignition/math/Box.hh:42:11:[m[K [01;36m[Knote: [m[K‘[01m[Ktemplate<class Precision> class ignition::math::v6::Box[m[K’ declared here
   42 |     class [01;36m[KBox[m[K
      |           [01;36m[K^~~[m[K
[01m[K/home/tom/workspaces/tauv_ws/src/packages/uuv-simulator/uuv_gazebo_plugins/uuv_gazebo_plugins/src/BuoyantObject.cc:[m[K In member function ‘[01m[Kvoid gazebo::BuoyantObject::SetBoundingBox(...)[m[K’:
[01m[K/home/tom/workspaces/tauv_ws/src/packages/uuv-simulator/uuv_gazebo_plugins/uuv_gazebo_plugins/src/BuoyantObject.cc:210:43:[m[K [01;31m[Kerror: [m[K‘[01m[K_bBox[m[K’ was not declared in this scope
  210 |   this->boundingBox = ignition::math::Box([01;31m[K_bBox[m[K);
      |                                           [01;31m[K^~~~~[m[K
[01m[K/home/tom/workspaces/tauv_ws/src/packages/uuv-simulator/uuv_gazebo_plugins/uuv_gazebo_plugins/src/BuoyantObject.cc:210:48:[m[K [01;31m[Kerror: [m[Kclass template argument deduction failed:
  210 |   this->boundingBox = ignition::math::Box(_bBox[01;31m[K)[m[K;
      |                                                [01;31m[K^[m[K
[01m[K/home/tom/workspaces/tauv_ws/src/packages/uuv-simulator/uuv_gazebo_plugins/uuv_gazebo_plugins/src/BuoyantObject.cc:210:48:[m[K [01;31m[Kerror: [m[Kno matching function for call to ‘[01m[KBox()[m[K’
In file included from [01m[K/usr/include/ignition/math6/ignition/math/Box.hh:185[m[K,
                 from [01m[K/usr/include/ignition/math6/ignition/math.hh:29[m[K,
                 from [01m[K/usr/include/sdformat-9.5/sdf/Param.hh:33[m[K,
                 from [01m[K/usr/include/sdformat-9.5/sdf/Element.hh:28[m[K,
                 from [01m[K/usr/include/sdformat-9.5/sdf/Actor.hh:25[m[K,
                 from [01m[K/usr/include/sdformat-9.5/sdf/sdf.hh:2[m[K,
                 from [01m[K/usr/include/gazebo-11/gazebo/common/Battery.hh:25[m[K,
                 from [01m[K/usr/include/gazebo-11/gazebo/common/common.hh:8[m[K,
                 from [01m[K/usr/include/gazebo-11/gazebo/gazebo_core.hh:19[m[K,
                 from [01m[K/usr/include/gazebo-11/gazebo/gazebo.hh:20[m[K,
                 from [01m[K/home/tom/workspaces/tauv_ws/src/packages/uuv-simulator/uuv_gazebo_plugins/uuv_gazebo_plugins/src/BuoyantObject.cc:18[m[K:
[01m[K/usr/include/ignition/math6/ignition/math/detail/Box.hh:52:1:[m[K [01;36m[Knote: [m[Kcandidate: ‘[01m[Ktemplate<class Precision> Box(const ignition::math::v6::Vector3<T>&, const ignition::math::v6::Material&)-> ignition::math::v6::Box<Precision>[m[K’
   52 | [01;36m[KBox<T>[m[K::Box(const Vector3<T> &_size, const ignition::math::Material &_mat)
      | [01;36m[K^~~~~~[m[K
[01m[K/usr/include/ignition/math6/ignition/math/detail/Box.hh:52:1:[m[K [01;36m[Knote: [m[K  template argument deduction/substitution failed:
[01m[K/home/tom/workspaces/tauv_ws/src/packages/uuv-simulator/uuv_gazebo_plugins/uuv_gazebo_plugins/src/BuoyantObject.cc:210:48:[m[K [01;36m[Knote: [m[K  candidate expects 2 arguments, 0 provided
  210 |   this->boundingBox = ignition::math::Box(_bBox[01;36m[K)[m[K;
      |                                                [01;36m[K^[m[K
In file included from [01m[K/usr/include/ignition/math6/ignition/math/Box.hh:185[m[K,
                 from [01m[K/usr/include/ignition/math6/ignition/math.hh:29[m[K,
                 from [01m[K/usr/include/sdformat-9.5/sdf/Param.hh:33[m[K,
                 from [01m[K/usr/include/sdformat-9.5/sdf/Element.hh:28[m[K,
                 from [01m[K/usr/include/sdformat-9.5/sdf/Actor.hh:25[m[K,
                 from [01m[K/usr/include/sdformat-9.5/sdf/sdf.hh:2[m[K,
                 from [01m[K/usr/include/gazebo-11/gazebo/common/Battery.hh:25[m[K,
                 from [01m[K/usr/include/gazebo-11/gazebo/common/common.hh:8[m[K,
                 from [01m[K/usr/include/gazebo-11/gazebo/gazebo_core.hh:19[m[K,
                 from [01m[K/usr/include/gazebo-11/gazebo/gazebo.hh:20[m[K,
                 from [01m[K/home/tom/workspaces/tauv_ws/src/packages/uuv-simulator/uuv_gazebo_plugins/uuv_gazebo_plugins/src/BuoyantObject.cc:18[m[K:
[01m[K/usr/include/ignition/math6/ignition/math/detail/Box.hh:45:1:[m[K [01;36m[Knote: [m[Kcandidate: ‘[01m[Ktemplate<class Precision> Box(const ignition::math::v6::Vector3<T>&)-> ignition::math::v6::Box<Precision>[m[K’
   45 | [01;36m[KBox<T>[m[K::Box(const Vector3<T> &_size)
      | [01;36m[K^~~~~~[m[K
[01m[K/usr/include/ignition/math6/ignition/math/detail/Box.hh:45:1:[m[K [01;36m[Knote: [m[K  template argument deduction/substitution failed:
[01m[K/home/tom/workspaces/tauv_ws/src/packages/uuv-simulator/uuv_gazebo_plugins/uuv_gazebo_plugins/src/BuoyantObject.cc:210:48:[m[K [01;36m[Knote: [m[K  candidate expects 1 argument, 0 provided
  210 |   this->boundingBox = ignition::math::Box(_bBox[01;36m[K)[m[K;
      |                                                [01;36m[K^[m[K
In file included from [01m[K/usr/include/ignition/math6/ignition/math/Box.hh:185[m[K,
                 from [01m[K/usr/include/ignition/math6/ignition/math.hh:29[m[K,
                 from [01m[K/usr/include/sdformat-9.5/sdf/Param.hh:33[m[K,
                 from [01m[K/usr/include/sdformat-9.5/sdf/Element.hh:28[m[K,
                 from [01m[K/usr/include/sdformat-9.5/sdf/Actor.hh:25[m[K,
                 from [01m[K/usr/include/sdformat-9.5/sdf/sdf.hh:2[m[K,
                 from [01m[K/usr/include/gazebo-11/gazebo/common/Battery.hh:25[m[K,
                 from [01m[K/usr/include/gazebo-11/gazebo/common/common.hh:8[m[K,
                 from [01m[K/usr/include/gazebo-11/gazebo/gazebo_core.hh:19[m[K,
                 from [01m[K/usr/include/gazebo-11/gazebo/gazebo.hh:20[m[K,
                 from [01m[K/home/tom/workspaces/tauv_ws/src/packages/uuv-simulator/uuv_gazebo_plugins/uuv_gazebo_plugins/src/BuoyantObject.cc:18[m[K:
[01m[K/usr/include/ignition/math6/ignition/math/detail/Box.hh:34:1:[m[K [01;36m[Knote: [m[Kcandidate: ‘[01m[Ktemplate<class Precision> Box(T, T, T, const ignition::math::v6::Material&)-> ignition::math::v6::Box<Precision>[m[K’
   34 | [01;36m[KBox<T>[m[K::Box(T _length, T _width, T _height,
      | [01;36m[K^~~~~~[m[K
[01m[K/usr/include/ignition/math6/ignition/math/detail/Box.hh:34:1:[m[K [01;36m[Knote: [m[K  template argument deduction/substitution failed:
[01m[K/home/tom/workspaces/tauv_ws/src/packages/uuv-simulator/uuv_gazebo_plugins/uuv_gazebo_plugins/src/BuoyantObject.cc:210:48:[m[K [01;36m[Knote: [m[K  candidate expects 4 arguments, 0 provided
  210 |   this->boundingBox = ignition::math::Box(_bBox[01;36m[K)[m[K;
      |                                                [01;36m[K^[m[K
In file included from [01m[K/usr/include/ignition/math6/ignition/math/Box.hh:185[m[K,
                 from [01m[K/usr/include/ignition/math6/ignition/math.hh:29[m[K,
                 from [01m[K/usr/include/sdformat-9.5/sdf/Param.hh:33[m[K,
                 from [01m[K/usr/include/sdformat-9.5/sdf/Element.hh:28[m[K,
                 from [01m[K/usr/include/sdformat-9.5/sdf/Actor.hh:25[m[K,
                 from [01m[K/usr/include/sdformat-9.5/sdf/sdf.hh:2[m[K,
                 from [01m[K/usr/include/gazebo-11/gazebo/common/Battery.hh:25[m[K,
                 from [01m[K/usr/include/gazebo-11/gazebo/common/common.hh:8[m[K,
                 from [01m[K/usr/include/gazebo-11/gazebo/gazebo_core.hh:19[m[K,
                 from [01m[K/usr/include/gazebo-11/gazebo/gazebo.hh:20[m[K,
                 from [01m[K/home/tom/workspaces/tauv_ws/src/packages/uuv-simulator/uuv_gazebo_plugins/uuv_gazebo_plugins/src/BuoyantObject.cc:18[m[K:
[01m[K/usr/include/ignition/math6/ignition/math/detail/Box.hh:25:1:[m[K [01;36m[Knote: [m[Kcandidate: ‘[01m[Ktemplate<class Precision> Box(T, T, T)-> ignition::math::v6::Box<Precision>[m[K’
   25 | [01;36m[KBox<T>[m[K::Box(T _length, T _width, T _height)
      | [01;36m[K^~~~~~[m[K
[01m[K/usr/include/ignition/math6/ignition/math/detail/Box.hh:25:1:[m[K [01;36m[Knote: [m[K  template argument deduction/substitution failed:
[01m[K/home/tom/workspaces/tauv_ws/src/packages/uuv-simulator/uuv_gazebo_plugins/uuv_gazebo_plugins/src/BuoyantObject.cc:210:48:[m[K [01;36m[Knote: [m[K  candidate expects 3 arguments, 0 provided
  210 |   this->boundingBox = ignition::math::Box(_bBox[01;36m[K)[m[K;
      |                                                [01;36m[K^[m[K
In file included from [01m[K/usr/include/ignition/math6/ignition/math.hh:29[m[K,
                 from [01m[K/usr/include/sdformat-9.5/sdf/Param.hh:33[m[K,
                 from [01m[K/usr/include/sdformat-9.5/sdf/Element.hh:28[m[K,
                 from [01m[K/usr/include/sdformat-9.5/sdf/Actor.hh:25[m[K,
                 from [01m[K/usr/include/sdformat-9.5/sdf/sdf.hh:2[m[K,
                 from [01m[K/usr/include/gazebo-11/gazebo/common/Battery.hh:25[m[K,
                 from [01m[K/usr/include/gazebo-11/gazebo/common/common.hh:8[m[K,
                 from [01m[K/usr/include/gazebo-11/gazebo/gazebo_core.hh:19[m[K,
                 from [01m[K/usr/include/gazebo-11/gazebo/gazebo.hh:20[m[K,
                 from [01m[K/home/tom/workspaces/tauv_ws/src/packages/uuv-simulator/uuv_gazebo_plugins/uuv_gazebo_plugins/src/BuoyantObject.cc:18[m[K:
[01m[K/usr/include/ignition/math6/ignition/math/Box.hh:45:15:[m[K [01;36m[Knote: [m[Kcandidate: ‘[01m[Ktemplate<class Precision> Box()-> ignition::math::v6::Box<Precision>[m[K’
   45 |       public: [01;36m[KBox[m[K() = default;
      |               [01;36m[K^~~[m[K
[01m[K/usr/include/ignition/math6/ignition/math/Box.hh:45:15:[m[K [01;36m[Knote: [m[K  template argument deduction/substitution failed:
[01m[K/home/tom/workspaces/tauv_ws/src/packages/uuv-simulator/uuv_gazebo_plugins/uuv_gazebo_plugins/src/BuoyantObject.cc:210:48:[m[K [01;36m[Knote: [m[K  couldn’t deduce template parameter ‘[01m[KPrecision[m[K’
  210 |   this->boundingBox = ignition::math::Box(_bBox[01;36m[K)[m[K;
      |                                                [01;36m[K^[m[K
In file included from [01m[K/usr/include/ignition/math6/ignition/math.hh:29[m[K,
                 from [01m[K/usr/include/sdformat-9.5/sdf/Param.hh:33[m[K,
                 from [01m[K/usr/include/sdformat-9.5/sdf/Element.hh:28[m[K,
                 from [01m[K/usr/include/sdformat-9.5/sdf/Actor.hh:25[m[K,
                 from [01m[K/usr/include/sdformat-9.5/sdf/sdf.hh:2[m[K,
                 from [01m[K/usr/include/gazebo-11/gazebo/common/Battery.hh:25[m[K,
                 from [01m[K/usr/include/gazebo-11/gazebo/common/common.hh:8[m[K,
                 from [01m[K/usr/include/gazebo-11/gazebo/gazebo_core.hh:19[m[K,
                 from [01m[K/usr/include/gazebo-11/gazebo/gazebo.hh:20[m[K,
                 from [01m[K/home/tom/workspaces/tauv_ws/src/packages/uuv-simulator/uuv_gazebo_plugins/uuv_gazebo_plugins/src/BuoyantObject.cc:18[m[K:
[01m[K/usr/include/ignition/math6/ignition/math/Box.hh:42:11:[m[K [01;36m[Knote: [m[Kcandidate: ‘[01m[Ktemplate<class Precision> Box(ignition::math::v6::Box<Precision>)-> ignition::math::v6::Box<Precision>[m[K’
   42 |     class [01;36m[KBox[m[K
      |           [01;36m[K^~~[m[K
[01m[K/usr/include/ignition/math6/ignition/math/Box.hh:42:11:[m[K [01;36m[Knote: [m[K  template argument deduction/substitution failed:
[01m[K/home/tom/workspaces/tauv_ws/src/packages/uuv-simulator/uuv_gazebo_plugins/uuv_gazebo_plugins/src/BuoyantObject.cc:210:48:[m[K [01;36m[Knote: [m[K  candidate expects 1 argument, 0 provided
  210 |   this->boundingBox = ignition::math::Box(_bBox[01;36m[K)[m[K;
      |                                                [01;36m[K^[m[K
In file included from [01m[K/home/tom/workspaces/tauv_ws/src/packages/uuv-simulator/uuv_gazebo_plugins/uuv_gazebo_plugins/include/uuv_gazebo_plugins/HydrodynamicModel.hh:37[m[K,
                 from [01m[K/home/tom/workspaces/tauv_ws/src/packages/uuv-simulator/uuv_gazebo_plugins/uuv_gazebo_plugins/include/uuv_gazebo_plugins/UnderwaterObjectPlugin.hh:29[m[K,
                 from [01m[K/home/tom/workspaces/tauv_ws/src/packages/uuv-simulator/uuv_gazebo_plugins/uuv_gazebo_plugins/src/UnderwaterObjectPlugin.cc:26[m[K:
[01m[K/home/tom/workspaces/tauv_ws/src/packages/uuv-simulator/uuv_gazebo_plugins/uuv_gazebo_plugins/include/uuv_gazebo_plugins/BuoyantObject.hh:77:31:[m[K [01;31m[Kerror: [m[Ktemplate placeholder type ‘[01m[Kconst Box<...auto...>[m[K’ must be followed by a simple declarator-id
   77 |   public: void SetBoundingBox([01;31m[Kconst[m[K ignition::math::Box &_bBox);
      |                               [01;31m[K^~~~~[m[K
In file included from [01m[K/usr/include/ignition/math6/ignition/math.hh:29[m[K,
                 from [01m[K/usr/include/sdformat-9.5/sdf/Param.hh:33[m[K,
                 from [01m[K/usr/include/sdformat-9.5/sdf/Element.hh:28[m[K,
                 from [01m[K/usr/include/sdformat-9.5/sdf/Actor.hh:25[m[K,
                 from [01m[K/usr/include/sdformat-9.5/sdf/sdf.hh:2[m[K,
                 from [01m[K/usr/include/gazebo-11/gazebo/common/Battery.hh:25[m[K,
                 from [01m[K/usr/include/gazebo-11/gazebo/common/common.hh:8[m[K,
                 from [01m[K/usr/include/gazebo-11/gazebo/gazebo_core.hh:19[m[K,
                 from [01m[K/usr/include/gazebo-11/gazebo/gazebo.hh:20[m[K,
                 from [01m[K/home/tom/workspaces/tauv_ws/src/packages/uuv-simulator/uuv_gazebo_plugins/uuv_gazebo_plugins/src/UnderwaterObjectPlugin.cc:16[m[K:
[01m[K/usr/include/ignition/math6/ignition/math/Box.hh:42:11:[m[K [01;36m[Knote: [m[K‘[01m[Ktemplate<class Precision> class ignition::math::v6::Box[m[K’ declared here
   42 |     class [01;36m[KBox[m[K
      |           [01;36m[K^~~[m[K
In file included from [01m[K/home/tom/workspaces/tauv_ws/src/packages/uuv-simulator/uuv_gazebo_plugins/uuv_gazebo_plugins/include/uuv_gazebo_plugins/HydrodynamicModel.hh:37[m[K,
                 from [01m[K/home/tom/workspaces/tauv_ws/src/packages/uuv-simulator/uuv_gazebo_plugins/uuv_gazebo_plugins/include/uuv_gazebo_plugins/UnderwaterObjectPlugin.hh:29[m[K,
                 from [01m[K/home/tom/workspaces/tauv_ws/src/packages/uuv-simulator/uuv_gazebo_plugins/uuv_gazebo_plugins/src/UnderwaterObjectPlugin.cc:26[m[K:
[01m[K/home/tom/workspaces/tauv_ws/src/packages/uuv-simulator/uuv_gazebo_plugins/uuv_gazebo_plugins/include/uuv_gazebo_plugins/BuoyantObject.hh:123:14:[m[K [01;31m[Kerror: [m[Kinvalid use of template-name ‘[01m[Kignition::math::v6::Box[m[K’ without an argument list
  123 |   protected: [01;31m[Kignition[m[K::math::Box boundingBox;
      |              [01;31m[K^~~~~~~~[m[K
make[2]: *** [CMakeFiles/uuv_underwater_object_plugin.dir/build.make:76: CMakeFiles/uuv_underwater_object_plugin.dir/src/BuoyantObject.cc.o] Error 1
make[2]: *** Waiting for unfinished jobs....
[ 60%] [32m[1mLinking CXX shared library /home/tom/workspaces/tauv_ws/devel/.private/uuv_gazebo_plugins/lib/libumbilical_plugin.so[0m
make[2]: *** [CMakeFiles/uuv_underwater_object_plugin.dir/build.make:63: CMakeFiles/uuv_underwater_object_plugin.dir/src/HydrodynamicModel.cc.o] Error 1
[ 60%] Built target umbilical_plugin
make[2]: *** [CMakeFiles/uuv_underwater_object_plugin.dir/build.make:89: CMakeFiles/uuv_underwater_object_plugin.dir/src/UnderwaterObjectPlugin.cc.o] Error 1
make[1]: *** [CMakeFiles/Makefile2:189: CMakeFiles/uuv_underwater_object_plugin.dir/all] Error 2
make: *** [Makefile:141: all] Error 2
