make[1]: Entering directory '/home/tom/workspaces/tauv_ws/build/uuv_gazebo_plugins'
make[2]: Entering directory '/home/tom/workspaces/tauv_ws/build/uuv_gazebo_plugins'
make[3]: Entering directory '/home/tom/workspaces/tauv_ws/build/uuv_gazebo_plugins'
make[3]: Leaving directory '/home/tom/workspaces/tauv_ws/build/uuv_gazebo_plugins'
make[3]: Entering directory '/home/tom/workspaces/tauv_ws/build/uuv_gazebo_plugins'
make[3]: Leaving directory '/home/tom/workspaces/tauv_ws/build/uuv_gazebo_plugins'
[ 15%] Built target umbilical_plugin
make[3]: Entering directory '/home/tom/workspaces/tauv_ws/build/uuv_gazebo_plugins'
make[3]: Leaving directory '/home/tom/workspaces/tauv_ws/build/uuv_gazebo_plugins'
[ 35%] Built target uuv_underwater_object_plugin
make[3]: Entering directory '/home/tom/workspaces/tauv_ws/build/uuv_gazebo_plugins'
[ 45%] Built target uuv_dynamics
make[3]: Entering directory '/home/tom/workspaces/tauv_ws/build/uuv_gazebo_plugins'
make[3]: Leaving directory '/home/tom/workspaces/tauv_ws/build/uuv_gazebo_plugins'
make[3]: Leaving directory '/home/tom/workspaces/tauv_ws/build/uuv_gazebo_plugins'
[ 50%] Built target _catkin_empty_exported_target
[ 70%] Built target uuv_gazebo_plugins_msgs
make[3]: Entering directory '/home/tom/workspaces/tauv_ws/build/uuv_gazebo_plugins'
make[3]: Entering directory '/home/tom/workspaces/tauv_ws/build/uuv_gazebo_plugins'
make[3]: Leaving directory '/home/tom/workspaces/tauv_ws/build/uuv_gazebo_plugins'
make[3]: Leaving directory '/home/tom/workspaces/tauv_ws/build/uuv_gazebo_plugins'
[ 85%] Built target uuv_thruster_plugin
[100%] Built target uuv_fin_plugin
make[2]: Leaving directory '/home/tom/workspaces/tauv_ws/build/uuv_gazebo_plugins'
make[1]: Leaving directory '/home/tom/workspaces/tauv_ws/build/uuv_gazebo_plugins'
