Symlinking /home/tom/workspaces/tauv_ws/devel/lib/pkgconfig/tauv_msgs.pc
Symlinking /home/tom/workspaces/tauv_ws/devel/lib/python3/dist-packages/tauv_msgs/__init__.py
Symlinking /home/tom/workspaces/tauv_ws/devel/lib/python3/dist-packages/tauv_msgs/msg/_BucketList.py
Symlinking /home/tom/workspaces/tauv_ws/devel/lib/python3/dist-packages/tauv_msgs/msg/_FluidDepth.py
Symlinking /home/tom/workspaces/tauv_ws/devel/lib/python3/dist-packages/tauv_msgs/msg/_BucketDetection.py
Symlinking /home/tom/workspaces/tauv_ws/devel/lib/python3/dist-packages/tauv_msgs/msg/_ControllerCmd.py
Symlinking /home/tom/workspaces/tauv_ws/devel/lib/python3/dist-packages/tauv_msgs/msg/_PidVals.py
Symlinking /home/tom/workspaces/tauv_ws/devel/lib/python3/dist-packages/tauv_msgs/msg/__init__.py
Symlinking /home/tom/workspaces/tauv_ws/devel/lib/python3/dist-packages/tauv_msgs/msg/_PoseGraphMeasurement.py
Symlinking /home/tom/workspaces/tauv_ws/devel/lib/python3/dist-packages/tauv_msgs/msg/_InertialVals.py
Symlinking /home/tom/workspaces/tauv_ws/devel/lib/python3/dist-packages/tauv_msgs/msg/_SonarPulse.py
Symlinking /home/tom/workspaces/tauv_ws/devel/lib/python3/dist-packages/tauv_msgs/srv/_GetTraj.py
Symlinking /home/tom/workspaces/tauv_ws/devel/lib/python3/dist-packages/tauv_msgs/srv/_TuneInertial.py
Symlinking /home/tom/workspaces/tauv_ws/devel/lib/python3/dist-packages/tauv_msgs/srv/_TunePid.py
Symlinking /home/tom/workspaces/tauv_ws/devel/lib/python3/dist-packages/tauv_msgs/srv/__init__.py
Symlinking /home/tom/workspaces/tauv_ws/devel/share/roseus/ros/tauv_msgs/manifest.l
Symlinking /home/tom/workspaces/tauv_ws/devel/share/roseus/ros/tauv_msgs/msg/ControllerCmd.l
Symlinking /home/tom/workspaces/tauv_ws/devel/share/roseus/ros/tauv_msgs/msg/PoseGraphMeasurement.l
Symlinking /home/tom/workspaces/tauv_ws/devel/share/roseus/ros/tauv_msgs/msg/InertialVals.l
Symlinking /home/tom/workspaces/tauv_ws/devel/share/roseus/ros/tauv_msgs/msg/PidVals.l
Symlinking /home/tom/workspaces/tauv_ws/devel/share/roseus/ros/tauv_msgs/msg/FluidDepth.l
Symlinking /home/tom/workspaces/tauv_ws/devel/share/roseus/ros/tauv_msgs/msg/BucketDetection.l
Symlinking /home/tom/workspaces/tauv_ws/devel/share/roseus/ros/tauv_msgs/msg/SonarPulse.l
Symlinking /home/tom/workspaces/tauv_ws/devel/share/roseus/ros/tauv_msgs/msg/BucketList.l
Symlinking /home/tom/workspaces/tauv_ws/devel/share/roseus/ros/tauv_msgs/srv/TuneInertial.l
Symlinking /home/tom/workspaces/tauv_ws/devel/share/roseus/ros/tauv_msgs/srv/GetTraj.l
Symlinking /home/tom/workspaces/tauv_ws/devel/share/roseus/ros/tauv_msgs/srv/TunePid.l
Symlinking /home/tom/workspaces/tauv_ws/devel/share/common-lisp/ros/tauv_msgs/msg/_package_BucketDetection.lisp
Symlinking /home/tom/workspaces/tauv_ws/devel/share/common-lisp/ros/tauv_msgs/msg/PidVals.lisp
Symlinking /home/tom/workspaces/tauv_ws/devel/share/common-lisp/ros/tauv_msgs/msg/PoseGraphMeasurement.lisp
Symlinking /home/tom/workspaces/tauv_ws/devel/share/common-lisp/ros/tauv_msgs/msg/InertialVals.lisp
Symlinking /home/tom/workspaces/tauv_ws/devel/share/common-lisp/ros/tauv_msgs/msg/_package_InertialVals.lisp
Symlinking /home/tom/workspaces/tauv_ws/devel/share/common-lisp/ros/tauv_msgs/msg/SonarPulse.lisp
Symlinking /home/tom/workspaces/tauv_ws/devel/share/common-lisp/ros/tauv_msgs/msg/_package_ControllerCmd.lisp
Symlinking /home/tom/workspaces/tauv_ws/devel/share/common-lisp/ros/tauv_msgs/msg/_package_PidVals.lisp
Symlinking /home/tom/workspaces/tauv_ws/devel/share/common-lisp/ros/tauv_msgs/msg/FluidDepth.lisp
Symlinking /home/tom/workspaces/tauv_ws/devel/share/common-lisp/ros/tauv_msgs/msg/_package_SonarPulse.lisp
Symlinking /home/tom/workspaces/tauv_ws/devel/share/common-lisp/ros/tauv_msgs/msg/_package_FluidDepth.lisp
Symlinking /home/tom/workspaces/tauv_ws/devel/share/common-lisp/ros/tauv_msgs/msg/BucketList.lisp
Symlinking /home/tom/workspaces/tauv_ws/devel/share/common-lisp/ros/tauv_msgs/msg/_package_BucketList.lisp
Symlinking /home/tom/workspaces/tauv_ws/devel/share/common-lisp/ros/tauv_msgs/msg/tauv_msgs-msg.asd
Symlinking /home/tom/workspaces/tauv_ws/devel/share/common-lisp/ros/tauv_msgs/msg/ControllerCmd.lisp
Symlinking /home/tom/workspaces/tauv_ws/devel/share/common-lisp/ros/tauv_msgs/msg/_package_PoseGraphMeasurement.lisp
Symlinking /home/tom/workspaces/tauv_ws/devel/share/common-lisp/ros/tauv_msgs/msg/_package.lisp
Symlinking /home/tom/workspaces/tauv_ws/devel/share/common-lisp/ros/tauv_msgs/msg/BucketDetection.lisp
Symlinking /home/tom/workspaces/tauv_ws/devel/share/common-lisp/ros/tauv_msgs/srv/tauv_msgs-srv.asd
Symlinking /home/tom/workspaces/tauv_ws/devel/share/common-lisp/ros/tauv_msgs/srv/TuneInertial.lisp
Symlinking /home/tom/workspaces/tauv_ws/devel/share/common-lisp/ros/tauv_msgs/srv/_package_TuneInertial.lisp
Symlinking /home/tom/workspaces/tauv_ws/devel/share/common-lisp/ros/tauv_msgs/srv/GetTraj.lisp
Symlinking /home/tom/workspaces/tauv_ws/devel/share/common-lisp/ros/tauv_msgs/srv/TunePid.lisp
Symlinking /home/tom/workspaces/tauv_ws/devel/share/common-lisp/ros/tauv_msgs/srv/_package_GetTraj.lisp
Symlinking /home/tom/workspaces/tauv_ws/devel/share/common-lisp/ros/tauv_msgs/srv/_package.lisp
Symlinking /home/tom/workspaces/tauv_ws/devel/share/common-lisp/ros/tauv_msgs/srv/_package_TunePid.lisp
Symlinking /home/tom/workspaces/tauv_ws/devel/share/tauv_msgs/cmake/tauv_msgs-msg-extras.cmake
Symlinking /home/tom/workspaces/tauv_ws/devel/share/tauv_msgs/cmake/tauv_msgsConfig.cmake
Symlinking /home/tom/workspaces/tauv_ws/devel/share/tauv_msgs/cmake/tauv_msgs-msg-paths.cmake
Symlinking /home/tom/workspaces/tauv_ws/devel/share/tauv_msgs/cmake/tauv_msgsConfig-version.cmake
Symlinking /home/tom/workspaces/tauv_ws/devel/share/gennodejs/ros/tauv_msgs/_index.js
Symlinking /home/tom/workspaces/tauv_ws/devel/share/gennodejs/ros/tauv_msgs/msg/InertialVals.js
Symlinking /home/tom/workspaces/tauv_ws/devel/share/gennodejs/ros/tauv_msgs/msg/PoseGraphMeasurement.js
Symlinking /home/tom/workspaces/tauv_ws/devel/share/gennodejs/ros/tauv_msgs/msg/SonarPulse.js
Symlinking /home/tom/workspaces/tauv_ws/devel/share/gennodejs/ros/tauv_msgs/msg/BucketList.js
Symlinking /home/tom/workspaces/tauv_ws/devel/share/gennodejs/ros/tauv_msgs/msg/PidVals.js
Symlinking /home/tom/workspaces/tauv_ws/devel/share/gennodejs/ros/tauv_msgs/msg/ControllerCmd.js
Symlinking /home/tom/workspaces/tauv_ws/devel/share/gennodejs/ros/tauv_msgs/msg/FluidDepth.js
Symlinking /home/tom/workspaces/tauv_ws/devel/share/gennodejs/ros/tauv_msgs/msg/BucketDetection.js
Symlinking /home/tom/workspaces/tauv_ws/devel/share/gennodejs/ros/tauv_msgs/msg/_index.js
Symlinking /home/tom/workspaces/tauv_ws/devel/share/gennodejs/ros/tauv_msgs/srv/GetTraj.js
Symlinking /home/tom/workspaces/tauv_ws/devel/share/gennodejs/ros/tauv_msgs/srv/TuneInertial.js
Symlinking /home/tom/workspaces/tauv_ws/devel/share/gennodejs/ros/tauv_msgs/srv/TunePid.js
Symlinking /home/tom/workspaces/tauv_ws/devel/share/gennodejs/ros/tauv_msgs/srv/_index.js
Symlinking /home/tom/workspaces/tauv_ws/devel/include/tauv_msgs/TunePidResponse.h
Symlinking /home/tom/workspaces/tauv_ws/devel/include/tauv_msgs/InertialVals.h
Symlinking /home/tom/workspaces/tauv_ws/devel/include/tauv_msgs/BucketList.h
Symlinking /home/tom/workspaces/tauv_ws/devel/include/tauv_msgs/SonarPulse.h
Symlinking /home/tom/workspaces/tauv_ws/devel/include/tauv_msgs/FluidDepth.h
Symlinking /home/tom/workspaces/tauv_ws/devel/include/tauv_msgs/GetTraj.h
Symlinking /home/tom/workspaces/tauv_ws/devel/include/tauv_msgs/TuneInertialRequest.h
Symlinking /home/tom/workspaces/tauv_ws/devel/include/tauv_msgs/TuneInertialResponse.h
Symlinking /home/tom/workspaces/tauv_ws/devel/include/tauv_msgs/PoseGraphMeasurement.h
Symlinking /home/tom/workspaces/tauv_ws/devel/include/tauv_msgs/TuneInertial.h
Symlinking /home/tom/workspaces/tauv_ws/devel/include/tauv_msgs/GetTrajRequest.h
Symlinking /home/tom/workspaces/tauv_ws/devel/include/tauv_msgs/ControllerCmd.h
Symlinking /home/tom/workspaces/tauv_ws/devel/include/tauv_msgs/TunePid.h
Symlinking /home/tom/workspaces/tauv_ws/devel/include/tauv_msgs/BucketDetection.h
Symlinking /home/tom/workspaces/tauv_ws/devel/include/tauv_msgs/PidVals.h
Symlinking /home/tom/workspaces/tauv_ws/devel/include/tauv_msgs/TunePidRequest.h
Symlinking /home/tom/workspaces/tauv_ws/devel/include/tauv_msgs/GetTrajResponse.h
