Linked: (/home/tom/workspaces/tauv_ws/devel/.private/tauv_msgs/lib/pkgconfig/tauv_msgs.pc, /home/tom/workspaces/tauv_ws/devel/lib/pkgconfig/tauv_msgs.pc)
Linked: (/home/tom/workspaces/tauv_ws/devel/.private/tauv_msgs/lib/python3/dist-packages/tauv_msgs/__init__.py, /home/tom/workspaces/tauv_ws/devel/lib/python3/dist-packages/tauv_msgs/__init__.py)
Linked: (/home/tom/workspaces/tauv_ws/devel/.private/tauv_msgs/lib/python3/dist-packages/tauv_msgs/msg/_BucketList.py, /home/tom/workspaces/tauv_ws/devel/lib/python3/dist-packages/tauv_msgs/msg/_BucketList.py)
Linked: (/home/tom/workspaces/tauv_ws/devel/.private/tauv_msgs/lib/python3/dist-packages/tauv_msgs/msg/_FluidDepth.py, /home/tom/workspaces/tauv_ws/devel/lib/python3/dist-packages/tauv_msgs/msg/_FluidDepth.py)
Linked: (/home/tom/workspaces/tauv_ws/devel/.private/tauv_msgs/lib/python3/dist-packages/tauv_msgs/msg/_BucketDetection.py, /home/tom/workspaces/tauv_ws/devel/lib/python3/dist-packages/tauv_msgs/msg/_BucketDetection.py)
Linked: (/home/tom/workspaces/tauv_ws/devel/.private/tauv_msgs/lib/python3/dist-packages/tauv_msgs/msg/_ControllerCmd.py, /home/tom/workspaces/tauv_ws/devel/lib/python3/dist-packages/tauv_msgs/msg/_ControllerCmd.py)
Linked: (/home/tom/workspaces/tauv_ws/devel/.private/tauv_msgs/lib/python3/dist-packages/tauv_msgs/msg/_PidVals.py, /home/tom/workspaces/tauv_ws/devel/lib/python3/dist-packages/tauv_msgs/msg/_PidVals.py)
Linked: (/home/tom/workspaces/tauv_ws/devel/.private/tauv_msgs/lib/python3/dist-packages/tauv_msgs/msg/__init__.py, /home/tom/workspaces/tauv_ws/devel/lib/python3/dist-packages/tauv_msgs/msg/__init__.py)
Linked: (/home/tom/workspaces/tauv_ws/devel/.private/tauv_msgs/lib/python3/dist-packages/tauv_msgs/msg/_PoseGraphMeasurement.py, /home/tom/workspaces/tauv_ws/devel/lib/python3/dist-packages/tauv_msgs/msg/_PoseGraphMeasurement.py)
Linked: (/home/tom/workspaces/tauv_ws/devel/.private/tauv_msgs/lib/python3/dist-packages/tauv_msgs/msg/_InertialVals.py, /home/tom/workspaces/tauv_ws/devel/lib/python3/dist-packages/tauv_msgs/msg/_InertialVals.py)
Linked: (/home/tom/workspaces/tauv_ws/devel/.private/tauv_msgs/lib/python3/dist-packages/tauv_msgs/msg/_SonarPulse.py, /home/tom/workspaces/tauv_ws/devel/lib/python3/dist-packages/tauv_msgs/msg/_SonarPulse.py)
Linked: (/home/tom/workspaces/tauv_ws/devel/.private/tauv_msgs/lib/python3/dist-packages/tauv_msgs/srv/_GetTraj.py, /home/tom/workspaces/tauv_ws/devel/lib/python3/dist-packages/tauv_msgs/srv/_GetTraj.py)
Linked: (/home/tom/workspaces/tauv_ws/devel/.private/tauv_msgs/lib/python3/dist-packages/tauv_msgs/srv/_TuneInertial.py, /home/tom/workspaces/tauv_ws/devel/lib/python3/dist-packages/tauv_msgs/srv/_TuneInertial.py)
Linked: (/home/tom/workspaces/tauv_ws/devel/.private/tauv_msgs/lib/python3/dist-packages/tauv_msgs/srv/_TunePid.py, /home/tom/workspaces/tauv_ws/devel/lib/python3/dist-packages/tauv_msgs/srv/_TunePid.py)
Linked: (/home/tom/workspaces/tauv_ws/devel/.private/tauv_msgs/lib/python3/dist-packages/tauv_msgs/srv/__init__.py, /home/tom/workspaces/tauv_ws/devel/lib/python3/dist-packages/tauv_msgs/srv/__init__.py)
Linked: (/home/tom/workspaces/tauv_ws/devel/.private/tauv_msgs/share/roseus/ros/tauv_msgs/manifest.l, /home/tom/workspaces/tauv_ws/devel/share/roseus/ros/tauv_msgs/manifest.l)
Linked: (/home/tom/workspaces/tauv_ws/devel/.private/tauv_msgs/share/roseus/ros/tauv_msgs/msg/ControllerCmd.l, /home/tom/workspaces/tauv_ws/devel/share/roseus/ros/tauv_msgs/msg/ControllerCmd.l)
Linked: (/home/tom/workspaces/tauv_ws/devel/.private/tauv_msgs/share/roseus/ros/tauv_msgs/msg/PoseGraphMeasurement.l, /home/tom/workspaces/tauv_ws/devel/share/roseus/ros/tauv_msgs/msg/PoseGraphMeasurement.l)
Linked: (/home/tom/workspaces/tauv_ws/devel/.private/tauv_msgs/share/roseus/ros/tauv_msgs/msg/InertialVals.l, /home/tom/workspaces/tauv_ws/devel/share/roseus/ros/tauv_msgs/msg/InertialVals.l)
Linked: (/home/tom/workspaces/tauv_ws/devel/.private/tauv_msgs/share/roseus/ros/tauv_msgs/msg/PidVals.l, /home/tom/workspaces/tauv_ws/devel/share/roseus/ros/tauv_msgs/msg/PidVals.l)
Linked: (/home/tom/workspaces/tauv_ws/devel/.private/tauv_msgs/share/roseus/ros/tauv_msgs/msg/FluidDepth.l, /home/tom/workspaces/tauv_ws/devel/share/roseus/ros/tauv_msgs/msg/FluidDepth.l)
Linked: (/home/tom/workspaces/tauv_ws/devel/.private/tauv_msgs/share/roseus/ros/tauv_msgs/msg/BucketDetection.l, /home/tom/workspaces/tauv_ws/devel/share/roseus/ros/tauv_msgs/msg/BucketDetection.l)
Linked: (/home/tom/workspaces/tauv_ws/devel/.private/tauv_msgs/share/roseus/ros/tauv_msgs/msg/SonarPulse.l, /home/tom/workspaces/tauv_ws/devel/share/roseus/ros/tauv_msgs/msg/SonarPulse.l)
Linked: (/home/tom/workspaces/tauv_ws/devel/.private/tauv_msgs/share/roseus/ros/tauv_msgs/msg/BucketList.l, /home/tom/workspaces/tauv_ws/devel/share/roseus/ros/tauv_msgs/msg/BucketList.l)
Linked: (/home/tom/workspaces/tauv_ws/devel/.private/tauv_msgs/share/roseus/ros/tauv_msgs/srv/TuneInertial.l, /home/tom/workspaces/tauv_ws/devel/share/roseus/ros/tauv_msgs/srv/TuneInertial.l)
Linked: (/home/tom/workspaces/tauv_ws/devel/.private/tauv_msgs/share/roseus/ros/tauv_msgs/srv/GetTraj.l, /home/tom/workspaces/tauv_ws/devel/share/roseus/ros/tauv_msgs/srv/GetTraj.l)
Linked: (/home/tom/workspaces/tauv_ws/devel/.private/tauv_msgs/share/roseus/ros/tauv_msgs/srv/TunePid.l, /home/tom/workspaces/tauv_ws/devel/share/roseus/ros/tauv_msgs/srv/TunePid.l)
Linked: (/home/tom/workspaces/tauv_ws/devel/.private/tauv_msgs/share/common-lisp/ros/tauv_msgs/msg/_package_BucketDetection.lisp, /home/tom/workspaces/tauv_ws/devel/share/common-lisp/ros/tauv_msgs/msg/_package_BucketDetection.lisp)
Linked: (/home/tom/workspaces/tauv_ws/devel/.private/tauv_msgs/share/common-lisp/ros/tauv_msgs/msg/PidVals.lisp, /home/tom/workspaces/tauv_ws/devel/share/common-lisp/ros/tauv_msgs/msg/PidVals.lisp)
Linked: (/home/tom/workspaces/tauv_ws/devel/.private/tauv_msgs/share/common-lisp/ros/tauv_msgs/msg/PoseGraphMeasurement.lisp, /home/tom/workspaces/tauv_ws/devel/share/common-lisp/ros/tauv_msgs/msg/PoseGraphMeasurement.lisp)
Linked: (/home/tom/workspaces/tauv_ws/devel/.private/tauv_msgs/share/common-lisp/ros/tauv_msgs/msg/InertialVals.lisp, /home/tom/workspaces/tauv_ws/devel/share/common-lisp/ros/tauv_msgs/msg/InertialVals.lisp)
Linked: (/home/tom/workspaces/tauv_ws/devel/.private/tauv_msgs/share/common-lisp/ros/tauv_msgs/msg/_package_InertialVals.lisp, /home/tom/workspaces/tauv_ws/devel/share/common-lisp/ros/tauv_msgs/msg/_package_InertialVals.lisp)
Linked: (/home/tom/workspaces/tauv_ws/devel/.private/tauv_msgs/share/common-lisp/ros/tauv_msgs/msg/SonarPulse.lisp, /home/tom/workspaces/tauv_ws/devel/share/common-lisp/ros/tauv_msgs/msg/SonarPulse.lisp)
Linked: (/home/tom/workspaces/tauv_ws/devel/.private/tauv_msgs/share/common-lisp/ros/tauv_msgs/msg/_package_ControllerCmd.lisp, /home/tom/workspaces/tauv_ws/devel/share/common-lisp/ros/tauv_msgs/msg/_package_ControllerCmd.lisp)
Linked: (/home/tom/workspaces/tauv_ws/devel/.private/tauv_msgs/share/common-lisp/ros/tauv_msgs/msg/_package_PidVals.lisp, /home/tom/workspaces/tauv_ws/devel/share/common-lisp/ros/tauv_msgs/msg/_package_PidVals.lisp)
Linked: (/home/tom/workspaces/tauv_ws/devel/.private/tauv_msgs/share/common-lisp/ros/tauv_msgs/msg/FluidDepth.lisp, /home/tom/workspaces/tauv_ws/devel/share/common-lisp/ros/tauv_msgs/msg/FluidDepth.lisp)
Linked: (/home/tom/workspaces/tauv_ws/devel/.private/tauv_msgs/share/common-lisp/ros/tauv_msgs/msg/_package_SonarPulse.lisp, /home/tom/workspaces/tauv_ws/devel/share/common-lisp/ros/tauv_msgs/msg/_package_SonarPulse.lisp)
Linked: (/home/tom/workspaces/tauv_ws/devel/.private/tauv_msgs/share/common-lisp/ros/tauv_msgs/msg/_package_FluidDepth.lisp, /home/tom/workspaces/tauv_ws/devel/share/common-lisp/ros/tauv_msgs/msg/_package_FluidDepth.lisp)
Linked: (/home/tom/workspaces/tauv_ws/devel/.private/tauv_msgs/share/common-lisp/ros/tauv_msgs/msg/BucketList.lisp, /home/tom/workspaces/tauv_ws/devel/share/common-lisp/ros/tauv_msgs/msg/BucketList.lisp)
Linked: (/home/tom/workspaces/tauv_ws/devel/.private/tauv_msgs/share/common-lisp/ros/tauv_msgs/msg/_package_BucketList.lisp, /home/tom/workspaces/tauv_ws/devel/share/common-lisp/ros/tauv_msgs/msg/_package_BucketList.lisp)
Linked: (/home/tom/workspaces/tauv_ws/devel/.private/tauv_msgs/share/common-lisp/ros/tauv_msgs/msg/tauv_msgs-msg.asd, /home/tom/workspaces/tauv_ws/devel/share/common-lisp/ros/tauv_msgs/msg/tauv_msgs-msg.asd)
Linked: (/home/tom/workspaces/tauv_ws/devel/.private/tauv_msgs/share/common-lisp/ros/tauv_msgs/msg/ControllerCmd.lisp, /home/tom/workspaces/tauv_ws/devel/share/common-lisp/ros/tauv_msgs/msg/ControllerCmd.lisp)
Linked: (/home/tom/workspaces/tauv_ws/devel/.private/tauv_msgs/share/common-lisp/ros/tauv_msgs/msg/_package_PoseGraphMeasurement.lisp, /home/tom/workspaces/tauv_ws/devel/share/common-lisp/ros/tauv_msgs/msg/_package_PoseGraphMeasurement.lisp)
Linked: (/home/tom/workspaces/tauv_ws/devel/.private/tauv_msgs/share/common-lisp/ros/tauv_msgs/msg/_package.lisp, /home/tom/workspaces/tauv_ws/devel/share/common-lisp/ros/tauv_msgs/msg/_package.lisp)
Linked: (/home/tom/workspaces/tauv_ws/devel/.private/tauv_msgs/share/common-lisp/ros/tauv_msgs/msg/BucketDetection.lisp, /home/tom/workspaces/tauv_ws/devel/share/common-lisp/ros/tauv_msgs/msg/BucketDetection.lisp)
Linked: (/home/tom/workspaces/tauv_ws/devel/.private/tauv_msgs/share/common-lisp/ros/tauv_msgs/srv/tauv_msgs-srv.asd, /home/tom/workspaces/tauv_ws/devel/share/common-lisp/ros/tauv_msgs/srv/tauv_msgs-srv.asd)
Linked: (/home/tom/workspaces/tauv_ws/devel/.private/tauv_msgs/share/common-lisp/ros/tauv_msgs/srv/TuneInertial.lisp, /home/tom/workspaces/tauv_ws/devel/share/common-lisp/ros/tauv_msgs/srv/TuneInertial.lisp)
Linked: (/home/tom/workspaces/tauv_ws/devel/.private/tauv_msgs/share/common-lisp/ros/tauv_msgs/srv/_package_TuneInertial.lisp, /home/tom/workspaces/tauv_ws/devel/share/common-lisp/ros/tauv_msgs/srv/_package_TuneInertial.lisp)
Linked: (/home/tom/workspaces/tauv_ws/devel/.private/tauv_msgs/share/common-lisp/ros/tauv_msgs/srv/GetTraj.lisp, /home/tom/workspaces/tauv_ws/devel/share/common-lisp/ros/tauv_msgs/srv/GetTraj.lisp)
Linked: (/home/tom/workspaces/tauv_ws/devel/.private/tauv_msgs/share/common-lisp/ros/tauv_msgs/srv/TunePid.lisp, /home/tom/workspaces/tauv_ws/devel/share/common-lisp/ros/tauv_msgs/srv/TunePid.lisp)
Linked: (/home/tom/workspaces/tauv_ws/devel/.private/tauv_msgs/share/common-lisp/ros/tauv_msgs/srv/_package_GetTraj.lisp, /home/tom/workspaces/tauv_ws/devel/share/common-lisp/ros/tauv_msgs/srv/_package_GetTraj.lisp)
Linked: (/home/tom/workspaces/tauv_ws/devel/.private/tauv_msgs/share/common-lisp/ros/tauv_msgs/srv/_package.lisp, /home/tom/workspaces/tauv_ws/devel/share/common-lisp/ros/tauv_msgs/srv/_package.lisp)
Linked: (/home/tom/workspaces/tauv_ws/devel/.private/tauv_msgs/share/common-lisp/ros/tauv_msgs/srv/_package_TunePid.lisp, /home/tom/workspaces/tauv_ws/devel/share/common-lisp/ros/tauv_msgs/srv/_package_TunePid.lisp)
Linked: (/home/tom/workspaces/tauv_ws/devel/.private/tauv_msgs/share/tauv_msgs/cmake/tauv_msgs-msg-extras.cmake, /home/tom/workspaces/tauv_ws/devel/share/tauv_msgs/cmake/tauv_msgs-msg-extras.cmake)
Linked: (/home/tom/workspaces/tauv_ws/devel/.private/tauv_msgs/share/tauv_msgs/cmake/tauv_msgsConfig.cmake, /home/tom/workspaces/tauv_ws/devel/share/tauv_msgs/cmake/tauv_msgsConfig.cmake)
Linked: (/home/tom/workspaces/tauv_ws/devel/.private/tauv_msgs/share/tauv_msgs/cmake/tauv_msgs-msg-paths.cmake, /home/tom/workspaces/tauv_ws/devel/share/tauv_msgs/cmake/tauv_msgs-msg-paths.cmake)
Linked: (/home/tom/workspaces/tauv_ws/devel/.private/tauv_msgs/share/tauv_msgs/cmake/tauv_msgsConfig-version.cmake, /home/tom/workspaces/tauv_ws/devel/share/tauv_msgs/cmake/tauv_msgsConfig-version.cmake)
Linked: (/home/tom/workspaces/tauv_ws/devel/.private/tauv_msgs/share/gennodejs/ros/tauv_msgs/_index.js, /home/tom/workspaces/tauv_ws/devel/share/gennodejs/ros/tauv_msgs/_index.js)
Linked: (/home/tom/workspaces/tauv_ws/devel/.private/tauv_msgs/share/gennodejs/ros/tauv_msgs/msg/InertialVals.js, /home/tom/workspaces/tauv_ws/devel/share/gennodejs/ros/tauv_msgs/msg/InertialVals.js)
Linked: (/home/tom/workspaces/tauv_ws/devel/.private/tauv_msgs/share/gennodejs/ros/tauv_msgs/msg/PoseGraphMeasurement.js, /home/tom/workspaces/tauv_ws/devel/share/gennodejs/ros/tauv_msgs/msg/PoseGraphMeasurement.js)
Linked: (/home/tom/workspaces/tauv_ws/devel/.private/tauv_msgs/share/gennodejs/ros/tauv_msgs/msg/SonarPulse.js, /home/tom/workspaces/tauv_ws/devel/share/gennodejs/ros/tauv_msgs/msg/SonarPulse.js)
Linked: (/home/tom/workspaces/tauv_ws/devel/.private/tauv_msgs/share/gennodejs/ros/tauv_msgs/msg/BucketList.js, /home/tom/workspaces/tauv_ws/devel/share/gennodejs/ros/tauv_msgs/msg/BucketList.js)
Linked: (/home/tom/workspaces/tauv_ws/devel/.private/tauv_msgs/share/gennodejs/ros/tauv_msgs/msg/PidVals.js, /home/tom/workspaces/tauv_ws/devel/share/gennodejs/ros/tauv_msgs/msg/PidVals.js)
Linked: (/home/tom/workspaces/tauv_ws/devel/.private/tauv_msgs/share/gennodejs/ros/tauv_msgs/msg/ControllerCmd.js, /home/tom/workspaces/tauv_ws/devel/share/gennodejs/ros/tauv_msgs/msg/ControllerCmd.js)
Linked: (/home/tom/workspaces/tauv_ws/devel/.private/tauv_msgs/share/gennodejs/ros/tauv_msgs/msg/FluidDepth.js, /home/tom/workspaces/tauv_ws/devel/share/gennodejs/ros/tauv_msgs/msg/FluidDepth.js)
Linked: (/home/tom/workspaces/tauv_ws/devel/.private/tauv_msgs/share/gennodejs/ros/tauv_msgs/msg/BucketDetection.js, /home/tom/workspaces/tauv_ws/devel/share/gennodejs/ros/tauv_msgs/msg/BucketDetection.js)
Linked: (/home/tom/workspaces/tauv_ws/devel/.private/tauv_msgs/share/gennodejs/ros/tauv_msgs/msg/_index.js, /home/tom/workspaces/tauv_ws/devel/share/gennodejs/ros/tauv_msgs/msg/_index.js)
Linked: (/home/tom/workspaces/tauv_ws/devel/.private/tauv_msgs/share/gennodejs/ros/tauv_msgs/srv/GetTraj.js, /home/tom/workspaces/tauv_ws/devel/share/gennodejs/ros/tauv_msgs/srv/GetTraj.js)
Linked: (/home/tom/workspaces/tauv_ws/devel/.private/tauv_msgs/share/gennodejs/ros/tauv_msgs/srv/TuneInertial.js, /home/tom/workspaces/tauv_ws/devel/share/gennodejs/ros/tauv_msgs/srv/TuneInertial.js)
Linked: (/home/tom/workspaces/tauv_ws/devel/.private/tauv_msgs/share/gennodejs/ros/tauv_msgs/srv/TunePid.js, /home/tom/workspaces/tauv_ws/devel/share/gennodejs/ros/tauv_msgs/srv/TunePid.js)
Linked: (/home/tom/workspaces/tauv_ws/devel/.private/tauv_msgs/share/gennodejs/ros/tauv_msgs/srv/_index.js, /home/tom/workspaces/tauv_ws/devel/share/gennodejs/ros/tauv_msgs/srv/_index.js)
Linked: (/home/tom/workspaces/tauv_ws/devel/.private/tauv_msgs/include/tauv_msgs/TunePidResponse.h, /home/tom/workspaces/tauv_ws/devel/include/tauv_msgs/TunePidResponse.h)
Linked: (/home/tom/workspaces/tauv_ws/devel/.private/tauv_msgs/include/tauv_msgs/InertialVals.h, /home/tom/workspaces/tauv_ws/devel/include/tauv_msgs/InertialVals.h)
Linked: (/home/tom/workspaces/tauv_ws/devel/.private/tauv_msgs/include/tauv_msgs/BucketList.h, /home/tom/workspaces/tauv_ws/devel/include/tauv_msgs/BucketList.h)
Linked: (/home/tom/workspaces/tauv_ws/devel/.private/tauv_msgs/include/tauv_msgs/SonarPulse.h, /home/tom/workspaces/tauv_ws/devel/include/tauv_msgs/SonarPulse.h)
Linked: (/home/tom/workspaces/tauv_ws/devel/.private/tauv_msgs/include/tauv_msgs/FluidDepth.h, /home/tom/workspaces/tauv_ws/devel/include/tauv_msgs/FluidDepth.h)
Linked: (/home/tom/workspaces/tauv_ws/devel/.private/tauv_msgs/include/tauv_msgs/GetTraj.h, /home/tom/workspaces/tauv_ws/devel/include/tauv_msgs/GetTraj.h)
Linked: (/home/tom/workspaces/tauv_ws/devel/.private/tauv_msgs/include/tauv_msgs/TuneInertialRequest.h, /home/tom/workspaces/tauv_ws/devel/include/tauv_msgs/TuneInertialRequest.h)
Linked: (/home/tom/workspaces/tauv_ws/devel/.private/tauv_msgs/include/tauv_msgs/TuneInertialResponse.h, /home/tom/workspaces/tauv_ws/devel/include/tauv_msgs/TuneInertialResponse.h)
Linked: (/home/tom/workspaces/tauv_ws/devel/.private/tauv_msgs/include/tauv_msgs/PoseGraphMeasurement.h, /home/tom/workspaces/tauv_ws/devel/include/tauv_msgs/PoseGraphMeasurement.h)
Linked: (/home/tom/workspaces/tauv_ws/devel/.private/tauv_msgs/include/tauv_msgs/TuneInertial.h, /home/tom/workspaces/tauv_ws/devel/include/tauv_msgs/TuneInertial.h)
Linked: (/home/tom/workspaces/tauv_ws/devel/.private/tauv_msgs/include/tauv_msgs/GetTrajRequest.h, /home/tom/workspaces/tauv_ws/devel/include/tauv_msgs/GetTrajRequest.h)
Linked: (/home/tom/workspaces/tauv_ws/devel/.private/tauv_msgs/include/tauv_msgs/ControllerCmd.h, /home/tom/workspaces/tauv_ws/devel/include/tauv_msgs/ControllerCmd.h)
Linked: (/home/tom/workspaces/tauv_ws/devel/.private/tauv_msgs/include/tauv_msgs/TunePid.h, /home/tom/workspaces/tauv_ws/devel/include/tauv_msgs/TunePid.h)
Linked: (/home/tom/workspaces/tauv_ws/devel/.private/tauv_msgs/include/tauv_msgs/BucketDetection.h, /home/tom/workspaces/tauv_ws/devel/include/tauv_msgs/BucketDetection.h)
Linked: (/home/tom/workspaces/tauv_ws/devel/.private/tauv_msgs/include/tauv_msgs/PidVals.h, /home/tom/workspaces/tauv_ws/devel/include/tauv_msgs/PidVals.h)
Linked: (/home/tom/workspaces/tauv_ws/devel/.private/tauv_msgs/include/tauv_msgs/TunePidRequest.h, /home/tom/workspaces/tauv_ws/devel/include/tauv_msgs/TunePidRequest.h)
Linked: (/home/tom/workspaces/tauv_ws/devel/.private/tauv_msgs/include/tauv_msgs/GetTrajResponse.h, /home/tom/workspaces/tauv_ws/devel/include/tauv_msgs/GetTrajResponse.h)
