[35m[1mScanning dependencies of target _tauv_msgs_generate_messages_check_deps_TunePid[0m
[  0%] Built target _tauv_msgs_generate_messages_check_deps_TunePid
[35m[1mScanning dependencies of target _tauv_msgs_generate_messages_check_deps_FluidDepth[0m
[  0%] Built target _tauv_msgs_generate_messages_check_deps_FluidDepth
[35m[1mScanning dependencies of target jsk_recognition_msgs_generate_messages_cpp[0m
[  0%] Built target jsk_recognition_msgs_generate_messages_cpp
[35m[1mScanning dependencies of target _tauv_msgs_generate_messages_check_deps_BucketList[0m
[  0%] Built target _tauv_msgs_generate_messages_check_deps_BucketList
[35m[1mScanning dependencies of target vision_msgs_generate_messages_cpp[0m
[  0%] Built target vision_msgs_generate_messages_cpp
[35m[1mScanning dependencies of target sensor_msgs_generate_messages_cpp[0m
[  0%] Built target sensor_msgs_generate_messages_cpp
[35m[1mScanning dependencies of target geometry_msgs_generate_messages_cpp[0m
[  0%] Built target geometry_msgs_generate_messages_cpp
[35m[1mScanning dependencies of target _tauv_msgs_generate_messages_check_deps_GetTraj[0m
[  0%] Built target _tauv_msgs_generate_messages_check_deps_GetTraj
[35m[1mScanning dependencies of target _tauv_msgs_generate_messages_check_deps_ControllerCmd[0m
[  0%] Built target _tauv_msgs_generate_messages_check_deps_ControllerCmd
[35m[1mScanning dependencies of target _tauv_msgs_generate_messages_check_deps_InertialVals[0m
[  0%] Built target _tauv_msgs_generate_messages_check_deps_InertialVals
[35m[1mScanning dependencies of target _tauv_msgs_generate_messages_check_deps_BucketDetection[0m
[  0%] Built target _tauv_msgs_generate_messages_check_deps_BucketDetection
[35m[1mScanning dependencies of target _tauv_msgs_generate_messages_check_deps_PidVals[0m
[  0%] Built target _tauv_msgs_generate_messages_check_deps_PidVals
[35m[1mScanning dependencies of target std_msgs_generate_messages_cpp[0m
[  0%] Built target std_msgs_generate_messages_cpp
[35m[1mScanning dependencies of target _tauv_msgs_generate_messages_check_deps_SonarPulse[0m
[  0%] Built target _tauv_msgs_generate_messages_check_deps_SonarPulse
[35m[1mScanning dependencies of target _tauv_msgs_generate_messages_check_deps_PoseGraphMeasurement[0m
[  0%] Built target _tauv_msgs_generate_messages_check_deps_PoseGraphMeasurement
[35m[1mScanning dependencies of target _tauv_msgs_generate_messages_check_deps_TuneInertial[0m
[  0%] Built target _tauv_msgs_generate_messages_check_deps_TuneInertial
[35m[1mScanning dependencies of target vision_msgs_generate_messages_nodejs[0m
[  0%] Built target vision_msgs_generate_messages_nodejs
[35m[1mScanning dependencies of target jsk_recognition_msgs_generate_messages_nodejs[0m
[  0%] Built target jsk_recognition_msgs_generate_messages_nodejs
[35m[1mScanning dependencies of target geometry_msgs_generate_messages_nodejs[0m
[  0%] Built target geometry_msgs_generate_messages_nodejs
[35m[1mScanning dependencies of target sensor_msgs_generate_messages_nodejs[0m
[  0%] Built target sensor_msgs_generate_messages_nodejs
[35m[1mScanning dependencies of target std_msgs_generate_messages_nodejs[0m
[  0%] Built target std_msgs_generate_messages_nodejs
[35m[1mScanning dependencies of target jsk_recognition_msgs_generate_messages_lisp[0m
[  0%] Built target jsk_recognition_msgs_generate_messages_lisp
[35m[1mScanning dependencies of target geometry_msgs_generate_messages_lisp[0m
[  0%] Built target geometry_msgs_generate_messages_lisp
[35m[1mScanning dependencies of target vision_msgs_generate_messages_lisp[0m
[  0%] Built target vision_msgs_generate_messages_lisp
[35m[1mScanning dependencies of target std_msgs_generate_messages_lisp[0m
[  0%] Built target std_msgs_generate_messages_lisp
[35m[1mScanning dependencies of target sensor_msgs_generate_messages_lisp[0m
[  0%] Built target sensor_msgs_generate_messages_lisp
[35m[1mScanning dependencies of target jsk_recognition_msgs_generate_messages_eus[0m
[  0%] Built target jsk_recognition_msgs_generate_messages_eus
[35m[1mScanning dependencies of target geometry_msgs_generate_messages_eus[0m
[  0%] Built target geometry_msgs_generate_messages_eus
[35m[1mScanning dependencies of target vision_msgs_generate_messages_eus[0m
[  0%] Built target vision_msgs_generate_messages_eus
[35m[1mScanning dependencies of target std_msgs_generate_messages_eus[0m
[  0%] Built target std_msgs_generate_messages_eus
[35m[1mScanning dependencies of target sensor_msgs_generate_messages_eus[0m
[  0%] Built target sensor_msgs_generate_messages_eus
[35m[1mScanning dependencies of target std_msgs_generate_messages_py[0m
[  0%] Built target std_msgs_generate_messages_py
[35m[1mScanning dependencies of target geometry_msgs_generate_messages_py[0m
[  0%] Built target geometry_msgs_generate_messages_py
[35m[1mScanning dependencies of target sensor_msgs_generate_messages_py[0m
[  0%] Built target sensor_msgs_generate_messages_py
[35m[1mScanning dependencies of target vision_msgs_generate_messages_py[0m
[  0%] Built target vision_msgs_generate_messages_py
[35m[1mScanning dependencies of target jsk_recognition_msgs_generate_messages_py[0m
[  0%] Built target jsk_recognition_msgs_generate_messages_py
[35m[1mScanning dependencies of target tauv_msgs_generate_messages_cpp[0m
[  1%] [34m[1mGenerating C++ code from tauv_msgs/BucketDetection.msg[0m
[  3%] [34m[1mGenerating C++ code from tauv_msgs/BucketList.msg[0m
[  5%] [34m[1mGenerating C++ code from tauv_msgs/FluidDepth.msg[0m
[  6%] [34m[1mGenerating C++ code from tauv_msgs/ControllerCmd.msg[0m
[  8%] [34m[1mGenerating C++ code from tauv_msgs/InertialVals.msg[0m
[ 10%] [34m[1mGenerating C++ code from tauv_msgs/PidVals.msg[0m
[ 12%] [34m[1mGenerating C++ code from tauv_msgs/SonarPulse.msg[0m
[ 13%] [34m[1mGenerating C++ code from tauv_msgs/PoseGraphMeasurement.msg[0m
[ 15%] [34m[1mGenerating C++ code from tauv_msgs/TuneInertial.srv[0m
[ 17%] [34m[1mGenerating C++ code from tauv_msgs/TunePid.srv[0m
[ 18%] [34m[1mGenerating C++ code from tauv_msgs/GetTraj.srv[0m
[ 18%] Built target tauv_msgs_generate_messages_cpp
[35m[1mScanning dependencies of target tauv_msgs_generate_messages_nodejs[0m
[ 20%] [34m[1mGenerating Javascript code from tauv_msgs/BucketDetection.msg[0m
[ 22%] [34m[1mGenerating Javascript code from tauv_msgs/BucketList.msg[0m
[ 24%] [34m[1mGenerating Javascript code from tauv_msgs/FluidDepth.msg[0m
[ 25%] [34m[1mGenerating Javascript code from tauv_msgs/ControllerCmd.msg[0m
[ 27%] [34m[1mGenerating Javascript code from tauv_msgs/InertialVals.msg[0m
[ 29%] [34m[1mGenerating Javascript code from tauv_msgs/PidVals.msg[0m
[ 31%] [34m[1mGenerating Javascript code from tauv_msgs/SonarPulse.msg[0m
[ 32%] [34m[1mGenerating Javascript code from tauv_msgs/PoseGraphMeasurement.msg[0m
[ 34%] [34m[1mGenerating Javascript code from tauv_msgs/TuneInertial.srv[0m
[ 36%] [34m[1mGenerating Javascript code from tauv_msgs/TunePid.srv[0m
[ 37%] [34m[1mGenerating Javascript code from tauv_msgs/GetTraj.srv[0m
[ 37%] Built target tauv_msgs_generate_messages_nodejs
[35m[1mScanning dependencies of target tauv_msgs_generate_messages_lisp[0m
[ 39%] [34m[1mGenerating Lisp code from tauv_msgs/BucketDetection.msg[0m
[ 41%] [34m[1mGenerating Lisp code from tauv_msgs/BucketList.msg[0m
[ 43%] [34m[1mGenerating Lisp code from tauv_msgs/FluidDepth.msg[0m
[ 44%] [34m[1mGenerating Lisp code from tauv_msgs/ControllerCmd.msg[0m
[ 46%] [34m[1mGenerating Lisp code from tauv_msgs/InertialVals.msg[0m
[ 48%] [34m[1mGenerating Lisp code from tauv_msgs/PidVals.msg[0m
[ 50%] [34m[1mGenerating Lisp code from tauv_msgs/SonarPulse.msg[0m
[ 51%] [34m[1mGenerating Lisp code from tauv_msgs/PoseGraphMeasurement.msg[0m
[ 53%] [34m[1mGenerating Lisp code from tauv_msgs/TuneInertial.srv[0m
[ 55%] [34m[1mGenerating Lisp code from tauv_msgs/TunePid.srv[0m
[ 56%] [34m[1mGenerating Lisp code from tauv_msgs/GetTraj.srv[0m
[ 56%] Built target tauv_msgs_generate_messages_lisp
[35m[1mScanning dependencies of target tauv_msgs_generate_messages_eus[0m
[ 58%] [34m[1mGenerating EusLisp code from tauv_msgs/BucketDetection.msg[0m
[ 60%] [34m[1mGenerating EusLisp code from tauv_msgs/BucketList.msg[0m
[ 62%] [34m[1mGenerating EusLisp code from tauv_msgs/FluidDepth.msg[0m
[ 63%] [34m[1mGenerating EusLisp code from tauv_msgs/ControllerCmd.msg[0m
[ 65%] [34m[1mGenerating EusLisp code from tauv_msgs/InertialVals.msg[0m
[ 67%] [34m[1mGenerating EusLisp code from tauv_msgs/PidVals.msg[0m
[ 68%] [34m[1mGenerating EusLisp code from tauv_msgs/SonarPulse.msg[0m
[ 70%] [34m[1mGenerating EusLisp code from tauv_msgs/PoseGraphMeasurement.msg[0m
[ 72%] [34m[1mGenerating EusLisp code from tauv_msgs/TuneInertial.srv[0m
[ 74%] [34m[1mGenerating EusLisp code from tauv_msgs/TunePid.srv[0m
[ 75%] [34m[1mGenerating EusLisp code from tauv_msgs/GetTraj.srv[0m
[ 77%] [34m[1mGenerating EusLisp manifest code for tauv_msgs[0m
[ 77%] Built target tauv_msgs_generate_messages_eus
[35m[1mScanning dependencies of target tauv_msgs_generate_messages_py[0m
[ 79%] [34m[1mGenerating Python from MSG tauv_msgs/BucketDetection[0m
[ 81%] [34m[1mGenerating Python from MSG tauv_msgs/BucketList[0m
[ 82%] [34m[1mGenerating Python from MSG tauv_msgs/FluidDepth[0m
[ 84%] [34m[1mGenerating Python from MSG tauv_msgs/ControllerCmd[0m
[ 86%] [34m[1mGenerating Python from MSG tauv_msgs/InertialVals[0m
[ 87%] [34m[1mGenerating Python from MSG tauv_msgs/PidVals[0m
[ 89%] [34m[1mGenerating Python from MSG tauv_msgs/SonarPulse[0m
[ 91%] [34m[1mGenerating Python from MSG tauv_msgs/PoseGraphMeasurement[0m
[ 93%] [34m[1mGenerating Python code from SRV tauv_msgs/TuneInertial[0m
[ 94%] [34m[1mGenerating Python code from SRV tauv_msgs/TunePid[0m
[ 96%] [34m[1mGenerating Python code from SRV tauv_msgs/GetTraj[0m
[ 98%] [34m[1mGenerating Python msg __init__.py for tauv_msgs[0m
[100%] [34m[1mGenerating Python srv __init__.py for tauv_msgs[0m
[100%] Built target tauv_msgs_generate_messages_py
[35m[1mScanning dependencies of target tauv_msgs_generate_messages[0m
[100%] Built target tauv_msgs_generate_messages
