[  0%] Built target _tauv_msgs_generate_messages_check_deps_TunePid
[  0%] Built target _tauv_msgs_generate_messages_check_deps_FluidDepth
[  0%] Built target jsk_recognition_msgs_generate_messages_cpp
[  0%] Built target _tauv_msgs_generate_messages_check_deps_BucketList
[  0%] Built target vision_msgs_generate_messages_cpp
[  0%] Built target geometry_msgs_generate_messages_cpp
[  0%] Built target sensor_msgs_generate_messages_cpp
[  0%] Built target _tauv_msgs_generate_messages_check_deps_GetTraj
[  0%] Built target _tauv_msgs_generate_messages_check_deps_ControllerCmd
[  0%] Built target _tauv_msgs_generate_messages_check_deps_InertialVals
[  0%] Built target _tauv_msgs_generate_messages_check_deps_BucketDetection
[  0%] Built target _tauv_msgs_generate_messages_check_deps_PidVals
[  0%] Built target std_msgs_generate_messages_cpp
[  0%] Built target _tauv_msgs_generate_messages_check_deps_SonarPulse
[  0%] Built target _tauv_msgs_generate_messages_check_deps_PoseGraphMeasurement
[  0%] Built target _tauv_msgs_generate_messages_check_deps_TuneInertial
[  0%] Built target vision_msgs_generate_messages_nodejs
[  0%] Built target jsk_recognition_msgs_generate_messages_nodejs
[  0%] Built target geometry_msgs_generate_messages_nodejs
[  0%] Built target sensor_msgs_generate_messages_nodejs
[  0%] Built target std_msgs_generate_messages_nodejs
[  0%] Built target jsk_recognition_msgs_generate_messages_lisp
[  0%] Built target geometry_msgs_generate_messages_lisp
[  0%] Built target vision_msgs_generate_messages_lisp
[  0%] Built target std_msgs_generate_messages_lisp
[  0%] Built target sensor_msgs_generate_messages_lisp
[  0%] Built target jsk_recognition_msgs_generate_messages_eus
[  0%] Built target geometry_msgs_generate_messages_eus
[  0%] Built target vision_msgs_generate_messages_eus
[  0%] Built target std_msgs_generate_messages_eus
[  0%] Built target sensor_msgs_generate_messages_eus
[  0%] Built target std_msgs_generate_messages_py
[  0%] Built target geometry_msgs_generate_messages_py
[  0%] Built target sensor_msgs_generate_messages_py
[  0%] Built target jsk_recognition_msgs_generate_messages_py
[ 18%] Built target tauv_msgs_generate_messages_cpp
[ 18%] Built target vision_msgs_generate_messages_py
[ 37%] Built target tauv_msgs_generate_messages_nodejs
[ 56%] Built target tauv_msgs_generate_messages_lisp
[ 77%] Built target tauv_msgs_generate_messages_eus
[100%] Built target tauv_msgs_generate_messages_py
[100%] Built target tauv_msgs_generate_messages
