Linked: (/home/tom/workspaces/tauv_ws/devel/.private/tauv_joy/lib/pkgconfig/tauv_joy.pc, /home/tom/workspaces/tauv_ws/devel/lib/pkgconfig/tauv_joy.pc)
Linked: (/home/tom/workspaces/tauv_ws/devel/.private/tauv_joy/lib/python3/dist-packages/tauv_joy/__init__.py, /home/tom/workspaces/tauv_ws/devel/lib/python3/dist-packages/tauv_joy/__init__.py)
Linked: (/home/tom/workspaces/tauv_ws/devel/.private/tauv_joy/lib/python3/dist-packages/tauv_joy/srv/__init__.py, /home/tom/workspaces/tauv_ws/devel/lib/python3/dist-packages/tauv_joy/srv/__init__.py)
Linked: (/home/tom/workspaces/tauv_ws/devel/.private/tauv_joy/lib/python3/dist-packages/tauv_joy/srv/_JoyConnect.py, /home/tom/workspaces/tauv_ws/devel/lib/python3/dist-packages/tauv_joy/srv/_JoyConnect.py)
Linked: (/home/tom/workspaces/tauv_ws/devel/.private/tauv_joy/lib/tauv_joy/tauv_joy_node, /home/tom/workspaces/tauv_ws/devel/lib/tauv_joy/tauv_joy_node)
Linked: (/home/tom/workspaces/tauv_ws/devel/.private/tauv_joy/share/tauv_joy/cmake/tauv_joyConfig-version.cmake, /home/tom/workspaces/tauv_ws/devel/share/tauv_joy/cmake/tauv_joyConfig-version.cmake)
Linked: (/home/tom/workspaces/tauv_ws/devel/.private/tauv_joy/share/tauv_joy/cmake/tauv_joy-msg-paths.cmake, /home/tom/workspaces/tauv_ws/devel/share/tauv_joy/cmake/tauv_joy-msg-paths.cmake)
Linked: (/home/tom/workspaces/tauv_ws/devel/.private/tauv_joy/share/tauv_joy/cmake/tauv_joyConfig.cmake, /home/tom/workspaces/tauv_ws/devel/share/tauv_joy/cmake/tauv_joyConfig.cmake)
Linked: (/home/tom/workspaces/tauv_ws/devel/.private/tauv_joy/share/tauv_joy/cmake/tauv_joy-msg-extras.cmake, /home/tom/workspaces/tauv_ws/devel/share/tauv_joy/cmake/tauv_joy-msg-extras.cmake)
Linked: (/home/tom/workspaces/tauv_ws/devel/.private/tauv_joy/share/roseus/ros/tauv_joy/manifest.l, /home/tom/workspaces/tauv_ws/devel/share/roseus/ros/tauv_joy/manifest.l)
Linked: (/home/tom/workspaces/tauv_ws/devel/.private/tauv_joy/share/roseus/ros/tauv_joy/srv/JoyConnect.l, /home/tom/workspaces/tauv_ws/devel/share/roseus/ros/tauv_joy/srv/JoyConnect.l)
Linked: (/home/tom/workspaces/tauv_ws/devel/.private/tauv_joy/share/common-lisp/ros/tauv_joy/srv/tauv_joy-srv.asd, /home/tom/workspaces/tauv_ws/devel/share/common-lisp/ros/tauv_joy/srv/tauv_joy-srv.asd)
Linked: (/home/tom/workspaces/tauv_ws/devel/.private/tauv_joy/share/common-lisp/ros/tauv_joy/srv/_package_JoyConnect.lisp, /home/tom/workspaces/tauv_ws/devel/share/common-lisp/ros/tauv_joy/srv/_package_JoyConnect.lisp)
Linked: (/home/tom/workspaces/tauv_ws/devel/.private/tauv_joy/share/common-lisp/ros/tauv_joy/srv/_package.lisp, /home/tom/workspaces/tauv_ws/devel/share/common-lisp/ros/tauv_joy/srv/_package.lisp)
Linked: (/home/tom/workspaces/tauv_ws/devel/.private/tauv_joy/share/common-lisp/ros/tauv_joy/srv/JoyConnect.lisp, /home/tom/workspaces/tauv_ws/devel/share/common-lisp/ros/tauv_joy/srv/JoyConnect.lisp)
Linked: (/home/tom/workspaces/tauv_ws/devel/.private/tauv_joy/share/gennodejs/ros/tauv_joy/_index.js, /home/tom/workspaces/tauv_ws/devel/share/gennodejs/ros/tauv_joy/_index.js)
Linked: (/home/tom/workspaces/tauv_ws/devel/.private/tauv_joy/share/gennodejs/ros/tauv_joy/srv/JoyConnect.js, /home/tom/workspaces/tauv_ws/devel/share/gennodejs/ros/tauv_joy/srv/JoyConnect.js)
Linked: (/home/tom/workspaces/tauv_ws/devel/.private/tauv_joy/share/gennodejs/ros/tauv_joy/srv/_index.js, /home/tom/workspaces/tauv_ws/devel/share/gennodejs/ros/tauv_joy/srv/_index.js)
Linked: (/home/tom/workspaces/tauv_ws/devel/.private/tauv_joy/include/tauv_joy/JoyConnectResponse.h, /home/tom/workspaces/tauv_ws/devel/include/tauv_joy/JoyConnectResponse.h)
Linked: (/home/tom/workspaces/tauv_ws/devel/.private/tauv_joy/include/tauv_joy/JoyConnect.h, /home/tom/workspaces/tauv_ws/devel/include/tauv_joy/JoyConnect.h)
Linked: (/home/tom/workspaces/tauv_ws/devel/.private/tauv_joy/include/tauv_joy/JoyConnectRequest.h, /home/tom/workspaces/tauv_ws/devel/include/tauv_joy/JoyConnectRequest.h)
