Symlinking /home/tom/workspaces/tauv_ws/devel/lib/pkgconfig/tauv_joy.pc
Symlinking /home/tom/workspaces/tauv_ws/devel/lib/python3/dist-packages/tauv_joy/__init__.py
Symlinking /home/tom/workspaces/tauv_ws/devel/lib/python3/dist-packages/tauv_joy/srv/__init__.py
Symlinking /home/tom/workspaces/tauv_ws/devel/lib/python3/dist-packages/tauv_joy/srv/_JoyConnect.py
Symlinking /home/tom/workspaces/tauv_ws/devel/lib/tauv_joy/tauv_joy_node
Symlinking /home/tom/workspaces/tauv_ws/devel/share/tauv_joy/cmake/tauv_joyConfig-version.cmake
Symlinking /home/tom/workspaces/tauv_ws/devel/share/tauv_joy/cmake/tauv_joy-msg-paths.cmake
Symlinking /home/tom/workspaces/tauv_ws/devel/share/tauv_joy/cmake/tauv_joyConfig.cmake
Symlinking /home/tom/workspaces/tauv_ws/devel/share/tauv_joy/cmake/tauv_joy-msg-extras.cmake
Symlinking /home/tom/workspaces/tauv_ws/devel/share/roseus/ros/tauv_joy/manifest.l
Symlinking /home/tom/workspaces/tauv_ws/devel/share/roseus/ros/tauv_joy/srv/JoyConnect.l
Symlinking /home/tom/workspaces/tauv_ws/devel/share/common-lisp/ros/tauv_joy/srv/tauv_joy-srv.asd
Symlinking /home/tom/workspaces/tauv_ws/devel/share/common-lisp/ros/tauv_joy/srv/_package_JoyConnect.lisp
Symlinking /home/tom/workspaces/tauv_ws/devel/share/common-lisp/ros/tauv_joy/srv/_package.lisp
Symlinking /home/tom/workspaces/tauv_ws/devel/share/common-lisp/ros/tauv_joy/srv/JoyConnect.lisp
Symlinking /home/tom/workspaces/tauv_ws/devel/share/gennodejs/ros/tauv_joy/_index.js
Symlinking /home/tom/workspaces/tauv_ws/devel/share/gennodejs/ros/tauv_joy/srv/JoyConnect.js
Symlinking /home/tom/workspaces/tauv_ws/devel/share/gennodejs/ros/tauv_joy/srv/_index.js
Symlinking /home/tom/workspaces/tauv_ws/devel/include/tauv_joy/JoyConnectResponse.h
Symlinking /home/tom/workspaces/tauv_ws/devel/include/tauv_joy/JoyConnect.h
Symlinking /home/tom/workspaces/tauv_ws/devel/include/tauv_joy/JoyConnectRequest.h
