[  0%] Built target geometry_msgs_generate_messages_lisp
[  0%] Built target sensor_msgs_generate_messages_lisp
[  0%] Built target std_msgs_generate_messages_lisp
[  0%] Built target tauv_msgs_generate_messages_lisp
[  0%] Built target vision_msgs_generate_messages_lisp
[  0%] Built target _tauv_common_generate_messages_check_deps_GetThrusterManagerConfig
[  0%] Built target std_srvs_generate_messages_lisp
[  0%] Built target _tauv_common_generate_messages_check_deps_ThrusterManagerInfo
[  0%] Built target _tauv_common_generate_messages_check_deps_RegisterObjectDetections
[  0%] Built target sensor_msgs_generate_messages_eus
[  0%] Built target _tauv_common_generate_messages_check_deps_RegisterMeasurement
[  0%] Built target vision_msgs_generate_messages_eus
[  0%] Built target _tauv_common_generate_messages_check_deps_GetThrusterCurve
[  0%] Built target geometry_msgs_generate_messages_eus
[  0%] Built target std_srvs_generate_messages_eus
[  0%] Built target tauv_msgs_generate_messages_eus
[  0%] Built target std_msgs_generate_messages_eus
[  0%] Built target _tauv_common_generate_messages_check_deps_SetThrusterManagerConfig
[  0%] Built target sensor_msgs_generate_messages_nodejs
[  0%] Built target geometry_msgs_generate_messages_nodejs
[  0%] Built target std_srvs_generate_messages_nodejs
[  0%] Built target tauv_msgs_generate_messages_nodejs
[  0%] Built target std_msgs_generate_messages_nodejs
[  0%] Built target vision_msgs_generate_messages_nodejs
[  0%] Built target geometry_msgs_generate_messages_py
[  0%] Built target vision_msgs_generate_messages_py
[  0%] Built target std_msgs_generate_messages_py
[  0%] Built target sensor_msgs_generate_messages_py
[  0%] Built target std_srvs_generate_messages_py
[  0%] Built target tauv_msgs_generate_messages_py
[  0%] Built target geometry_msgs_generate_messages_cpp
[  0%] Built target std_srvs_generate_messages_cpp
[  0%] Built target sensor_msgs_generate_messages_cpp
[  0%] Built target std_msgs_generate_messages_cpp
[  0%] Built target vision_msgs_generate_messages_cpp
[  0%] Built target tauv_msgs_generate_messages_cpp
[ 18%] Built target tauv_common_generate_messages_lisp
[ 75%] Built target tauv_common_generate_messages_nodejs
[ 81%] Built target tauv_common_generate_messages_py
[ 81%] Built target tauv_common_generate_messages_eus
[100%] Built target tauv_common_generate_messages_cpp
[100%] Built target tauv_common_generate_messages
