Linked: (/home/tom/workspaces/tauv_ws/devel/.private/tauv_common/lib/pkgconfig/tauv_common.pc, /home/tom/workspaces/tauv_ws/devel/lib/pkgconfig/tauv_common.pc)
Linked: (/home/tom/workspaces/tauv_ws/devel/.private/tauv_common/lib/python3/dist-packages/planners/__init__.py, /home/tom/workspaces/tauv_ws/devel/lib/python3/dist-packages/planners/__init__.py)
Linked: (/home/tom/workspaces/tauv_ws/devel/.private/tauv_common/lib/python3/dist-packages/tauv_util/__init__.py, /home/tom/workspaces/tauv_ws/devel/lib/python3/dist-packages/tauv_util/__init__.py)
Linked: (/home/tom/workspaces/tauv_ws/devel/.private/tauv_common/lib/python3/dist-packages/controllers/__init__.py, /home/tom/workspaces/tauv_ws/devel/lib/python3/dist-packages/controllers/__init__.py)
Linked: (/home/tom/workspaces/tauv_ws/devel/.private/tauv_common/lib/python3/dist-packages/thruster_managers/__init__.py, /home/tom/workspaces/tauv_ws/devel/lib/python3/dist-packages/thruster_managers/__init__.py)
Linked: (/home/tom/workspaces/tauv_ws/devel/.private/tauv_common/lib/python3/dist-packages/dynamics/__init__.py, /home/tom/workspaces/tauv_ws/devel/lib/python3/dist-packages/dynamics/__init__.py)
Linked: (/home/tom/workspaces/tauv_ws/devel/.private/tauv_common/lib/python3/dist-packages/vision/__init__.py, /home/tom/workspaces/tauv_ws/devel/lib/python3/dist-packages/vision/__init__.py)
Linked: (/home/tom/workspaces/tauv_ws/devel/.private/tauv_common/lib/python3/dist-packages/tauv_common/__init__.py, /home/tom/workspaces/tauv_ws/devel/lib/python3/dist-packages/tauv_common/__init__.py)
Linked: (/home/tom/workspaces/tauv_ws/devel/.private/tauv_common/lib/python3/dist-packages/tauv_common/srv/_SetThrusterManagerConfig.py, /home/tom/workspaces/tauv_ws/devel/lib/python3/dist-packages/tauv_common/srv/_SetThrusterManagerConfig.py)
Linked: (/home/tom/workspaces/tauv_ws/devel/.private/tauv_common/lib/python3/dist-packages/tauv_common/srv/_GetThrusterManagerConfig.py, /home/tom/workspaces/tauv_ws/devel/lib/python3/dist-packages/tauv_common/srv/_GetThrusterManagerConfig.py)
Linked: (/home/tom/workspaces/tauv_ws/devel/.private/tauv_common/lib/python3/dist-packages/tauv_common/srv/_RegisterMeasurement.py, /home/tom/workspaces/tauv_ws/devel/lib/python3/dist-packages/tauv_common/srv/_RegisterMeasurement.py)
Linked: (/home/tom/workspaces/tauv_ws/devel/.private/tauv_common/lib/python3/dist-packages/tauv_common/srv/_GetThrusterCurve.py, /home/tom/workspaces/tauv_ws/devel/lib/python3/dist-packages/tauv_common/srv/_GetThrusterCurve.py)
Linked: (/home/tom/workspaces/tauv_ws/devel/.private/tauv_common/lib/python3/dist-packages/tauv_common/srv/__init__.py, /home/tom/workspaces/tauv_ws/devel/lib/python3/dist-packages/tauv_common/srv/__init__.py)
Linked: (/home/tom/workspaces/tauv_ws/devel/.private/tauv_common/lib/python3/dist-packages/tauv_common/srv/_RegisterObjectDetections.py, /home/tom/workspaces/tauv_ws/devel/lib/python3/dist-packages/tauv_common/srv/_RegisterObjectDetections.py)
Linked: (/home/tom/workspaces/tauv_ws/devel/.private/tauv_common/lib/python3/dist-packages/tauv_common/srv/_ThrusterManagerInfo.py, /home/tom/workspaces/tauv_ws/devel/lib/python3/dist-packages/tauv_common/srv/_ThrusterManagerInfo.py)
Linked: (/home/tom/workspaces/tauv_ws/devel/.private/tauv_common/lib/python3/dist-packages/motionlib/__init__.py, /home/tom/workspaces/tauv_ws/devel/lib/python3/dist-packages/motionlib/__init__.py)
Linked: (/home/tom/workspaces/tauv_ws/devel/.private/tauv_common/lib/python3/dist-packages/teleop/__init__.py, /home/tom/workspaces/tauv_ws/devel/lib/python3/dist-packages/teleop/__init__.py)
Linked: (/home/tom/workspaces/tauv_ws/devel/.private/tauv_common/share/tauv_common/cmake/tauv_commonConfig-version.cmake, /home/tom/workspaces/tauv_ws/devel/share/tauv_common/cmake/tauv_commonConfig-version.cmake)
Linked: (/home/tom/workspaces/tauv_ws/devel/.private/tauv_common/share/tauv_common/cmake/tauv_common-msg-extras.cmake, /home/tom/workspaces/tauv_ws/devel/share/tauv_common/cmake/tauv_common-msg-extras.cmake)
Linked: (/home/tom/workspaces/tauv_ws/devel/.private/tauv_common/share/tauv_common/cmake/tauv_common-msg-paths.cmake, /home/tom/workspaces/tauv_ws/devel/share/tauv_common/cmake/tauv_common-msg-paths.cmake)
Linked: (/home/tom/workspaces/tauv_ws/devel/.private/tauv_common/share/tauv_common/cmake/tauv_commonConfig.cmake, /home/tom/workspaces/tauv_ws/devel/share/tauv_common/cmake/tauv_commonConfig.cmake)
Linked: (/home/tom/workspaces/tauv_ws/devel/.private/tauv_common/share/roseus/ros/tauv_common/manifest.l, /home/tom/workspaces/tauv_ws/devel/share/roseus/ros/tauv_common/manifest.l)
Linked: (/home/tom/workspaces/tauv_ws/devel/.private/tauv_common/share/roseus/ros/tauv_common/srv/GetThrusterCurve.l, /home/tom/workspaces/tauv_ws/devel/share/roseus/ros/tauv_common/srv/GetThrusterCurve.l)
Linked: (/home/tom/workspaces/tauv_ws/devel/.private/tauv_common/share/roseus/ros/tauv_common/srv/RegisterObjectDetections.l, /home/tom/workspaces/tauv_ws/devel/share/roseus/ros/tauv_common/srv/RegisterObjectDetections.l)
Linked: (/home/tom/workspaces/tauv_ws/devel/.private/tauv_common/share/roseus/ros/tauv_common/srv/RegisterMeasurement.l, /home/tom/workspaces/tauv_ws/devel/share/roseus/ros/tauv_common/srv/RegisterMeasurement.l)
Linked: (/home/tom/workspaces/tauv_ws/devel/.private/tauv_common/share/roseus/ros/tauv_common/srv/GetThrusterManagerConfig.l, /home/tom/workspaces/tauv_ws/devel/share/roseus/ros/tauv_common/srv/GetThrusterManagerConfig.l)
Linked: (/home/tom/workspaces/tauv_ws/devel/.private/tauv_common/share/roseus/ros/tauv_common/srv/SetThrusterManagerConfig.l, /home/tom/workspaces/tauv_ws/devel/share/roseus/ros/tauv_common/srv/SetThrusterManagerConfig.l)
Linked: (/home/tom/workspaces/tauv_ws/devel/.private/tauv_common/share/roseus/ros/tauv_common/srv/ThrusterManagerInfo.l, /home/tom/workspaces/tauv_ws/devel/share/roseus/ros/tauv_common/srv/ThrusterManagerInfo.l)
Linked: (/home/tom/workspaces/tauv_ws/devel/.private/tauv_common/share/common-lisp/ros/tauv_common/srv/_package_GetThrusterCurve.lisp, /home/tom/workspaces/tauv_ws/devel/share/common-lisp/ros/tauv_common/srv/_package_GetThrusterCurve.lisp)
Linked: (/home/tom/workspaces/tauv_ws/devel/.private/tauv_common/share/common-lisp/ros/tauv_common/srv/GetThrusterManagerConfig.lisp, /home/tom/workspaces/tauv_ws/devel/share/common-lisp/ros/tauv_common/srv/GetThrusterManagerConfig.lisp)
Linked: (/home/tom/workspaces/tauv_ws/devel/.private/tauv_common/share/common-lisp/ros/tauv_common/srv/_package_RegisterMeasurement.lisp, /home/tom/workspaces/tauv_ws/devel/share/common-lisp/ros/tauv_common/srv/_package_RegisterMeasurement.lisp)
Linked: (/home/tom/workspaces/tauv_ws/devel/.private/tauv_common/share/common-lisp/ros/tauv_common/srv/SetThrusterManagerConfig.lisp, /home/tom/workspaces/tauv_ws/devel/share/common-lisp/ros/tauv_common/srv/SetThrusterManagerConfig.lisp)
Linked: (/home/tom/workspaces/tauv_ws/devel/.private/tauv_common/share/common-lisp/ros/tauv_common/srv/GetThrusterCurve.lisp, /home/tom/workspaces/tauv_ws/devel/share/common-lisp/ros/tauv_common/srv/GetThrusterCurve.lisp)
Linked: (/home/tom/workspaces/tauv_ws/devel/.private/tauv_common/share/common-lisp/ros/tauv_common/srv/_package_SetThrusterManagerConfig.lisp, /home/tom/workspaces/tauv_ws/devel/share/common-lisp/ros/tauv_common/srv/_package_SetThrusterManagerConfig.lisp)
Linked: (/home/tom/workspaces/tauv_ws/devel/.private/tauv_common/share/common-lisp/ros/tauv_common/srv/ThrusterManagerInfo.lisp, /home/tom/workspaces/tauv_ws/devel/share/common-lisp/ros/tauv_common/srv/ThrusterManagerInfo.lisp)
Linked: (/home/tom/workspaces/tauv_ws/devel/.private/tauv_common/share/common-lisp/ros/tauv_common/srv/tauv_common-srv.asd, /home/tom/workspaces/tauv_ws/devel/share/common-lisp/ros/tauv_common/srv/tauv_common-srv.asd)
Linked: (/home/tom/workspaces/tauv_ws/devel/.private/tauv_common/share/common-lisp/ros/tauv_common/srv/_package_GetThrusterManagerConfig.lisp, /home/tom/workspaces/tauv_ws/devel/share/common-lisp/ros/tauv_common/srv/_package_GetThrusterManagerConfig.lisp)
Linked: (/home/tom/workspaces/tauv_ws/devel/.private/tauv_common/share/common-lisp/ros/tauv_common/srv/RegisterMeasurement.lisp, /home/tom/workspaces/tauv_ws/devel/share/common-lisp/ros/tauv_common/srv/RegisterMeasurement.lisp)
Linked: (/home/tom/workspaces/tauv_ws/devel/.private/tauv_common/share/common-lisp/ros/tauv_common/srv/_package_RegisterObjectDetections.lisp, /home/tom/workspaces/tauv_ws/devel/share/common-lisp/ros/tauv_common/srv/_package_RegisterObjectDetections.lisp)
Linked: (/home/tom/workspaces/tauv_ws/devel/.private/tauv_common/share/common-lisp/ros/tauv_common/srv/_package.lisp, /home/tom/workspaces/tauv_ws/devel/share/common-lisp/ros/tauv_common/srv/_package.lisp)
Linked: (/home/tom/workspaces/tauv_ws/devel/.private/tauv_common/share/common-lisp/ros/tauv_common/srv/RegisterObjectDetections.lisp, /home/tom/workspaces/tauv_ws/devel/share/common-lisp/ros/tauv_common/srv/RegisterObjectDetections.lisp)
Linked: (/home/tom/workspaces/tauv_ws/devel/.private/tauv_common/share/common-lisp/ros/tauv_common/srv/_package_ThrusterManagerInfo.lisp, /home/tom/workspaces/tauv_ws/devel/share/common-lisp/ros/tauv_common/srv/_package_ThrusterManagerInfo.lisp)
Linked: (/home/tom/workspaces/tauv_ws/devel/.private/tauv_common/share/gennodejs/ros/tauv_common/_index.js, /home/tom/workspaces/tauv_ws/devel/share/gennodejs/ros/tauv_common/_index.js)
Linked: (/home/tom/workspaces/tauv_ws/devel/.private/tauv_common/share/gennodejs/ros/tauv_common/srv/RegisterObjectDetections.js, /home/tom/workspaces/tauv_ws/devel/share/gennodejs/ros/tauv_common/srv/RegisterObjectDetections.js)
Linked: (/home/tom/workspaces/tauv_ws/devel/.private/tauv_common/share/gennodejs/ros/tauv_common/srv/GetThrusterManagerConfig.js, /home/tom/workspaces/tauv_ws/devel/share/gennodejs/ros/tauv_common/srv/GetThrusterManagerConfig.js)
Linked: (/home/tom/workspaces/tauv_ws/devel/.private/tauv_common/share/gennodejs/ros/tauv_common/srv/ThrusterManagerInfo.js, /home/tom/workspaces/tauv_ws/devel/share/gennodejs/ros/tauv_common/srv/ThrusterManagerInfo.js)
Linked: (/home/tom/workspaces/tauv_ws/devel/.private/tauv_common/share/gennodejs/ros/tauv_common/srv/SetThrusterManagerConfig.js, /home/tom/workspaces/tauv_ws/devel/share/gennodejs/ros/tauv_common/srv/SetThrusterManagerConfig.js)
Linked: (/home/tom/workspaces/tauv_ws/devel/.private/tauv_common/share/gennodejs/ros/tauv_common/srv/RegisterMeasurement.js, /home/tom/workspaces/tauv_ws/devel/share/gennodejs/ros/tauv_common/srv/RegisterMeasurement.js)
Linked: (/home/tom/workspaces/tauv_ws/devel/.private/tauv_common/share/gennodejs/ros/tauv_common/srv/GetThrusterCurve.js, /home/tom/workspaces/tauv_ws/devel/share/gennodejs/ros/tauv_common/srv/GetThrusterCurve.js)
Linked: (/home/tom/workspaces/tauv_ws/devel/.private/tauv_common/share/gennodejs/ros/tauv_common/srv/_index.js, /home/tom/workspaces/tauv_ws/devel/share/gennodejs/ros/tauv_common/srv/_index.js)
Linked: (/home/tom/workspaces/tauv_ws/devel/.private/tauv_common/include/tauv_common/RegisterObjectDetectionsRequest.h, /home/tom/workspaces/tauv_ws/devel/include/tauv_common/RegisterObjectDetectionsRequest.h)
Linked: (/home/tom/workspaces/tauv_ws/devel/.private/tauv_common/include/tauv_common/GetThrusterManagerConfigRequest.h, /home/tom/workspaces/tauv_ws/devel/include/tauv_common/GetThrusterManagerConfigRequest.h)
Linked: (/home/tom/workspaces/tauv_ws/devel/.private/tauv_common/include/tauv_common/RegisterObjectDetectionsResponse.h, /home/tom/workspaces/tauv_ws/devel/include/tauv_common/RegisterObjectDetectionsResponse.h)
Linked: (/home/tom/workspaces/tauv_ws/devel/.private/tauv_common/include/tauv_common/RegisterObjectDetections.h, /home/tom/workspaces/tauv_ws/devel/include/tauv_common/RegisterObjectDetections.h)
Linked: (/home/tom/workspaces/tauv_ws/devel/.private/tauv_common/include/tauv_common/RegisterMeasurement.h, /home/tom/workspaces/tauv_ws/devel/include/tauv_common/RegisterMeasurement.h)
Linked: (/home/tom/workspaces/tauv_ws/devel/.private/tauv_common/include/tauv_common/ThrusterManagerInfoResponse.h, /home/tom/workspaces/tauv_ws/devel/include/tauv_common/ThrusterManagerInfoResponse.h)
Linked: (/home/tom/workspaces/tauv_ws/devel/.private/tauv_common/include/tauv_common/GetThrusterCurveRequest.h, /home/tom/workspaces/tauv_ws/devel/include/tauv_common/GetThrusterCurveRequest.h)
Linked: (/home/tom/workspaces/tauv_ws/devel/.private/tauv_common/include/tauv_common/RegisterMeasurementRequest.h, /home/tom/workspaces/tauv_ws/devel/include/tauv_common/RegisterMeasurementRequest.h)
Linked: (/home/tom/workspaces/tauv_ws/devel/.private/tauv_common/include/tauv_common/SetThrusterManagerConfigRequest.h, /home/tom/workspaces/tauv_ws/devel/include/tauv_common/SetThrusterManagerConfigRequest.h)
Linked: (/home/tom/workspaces/tauv_ws/devel/.private/tauv_common/include/tauv_common/ThrusterManagerInfoRequest.h, /home/tom/workspaces/tauv_ws/devel/include/tauv_common/ThrusterManagerInfoRequest.h)
Linked: (/home/tom/workspaces/tauv_ws/devel/.private/tauv_common/include/tauv_common/SetThrusterManagerConfig.h, /home/tom/workspaces/tauv_ws/devel/include/tauv_common/SetThrusterManagerConfig.h)
Linked: (/home/tom/workspaces/tauv_ws/devel/.private/tauv_common/include/tauv_common/SetThrusterManagerConfigResponse.h, /home/tom/workspaces/tauv_ws/devel/include/tauv_common/SetThrusterManagerConfigResponse.h)
Linked: (/home/tom/workspaces/tauv_ws/devel/.private/tauv_common/include/tauv_common/ThrusterManagerInfo.h, /home/tom/workspaces/tauv_ws/devel/include/tauv_common/ThrusterManagerInfo.h)
Linked: (/home/tom/workspaces/tauv_ws/devel/.private/tauv_common/include/tauv_common/GetThrusterCurve.h, /home/tom/workspaces/tauv_ws/devel/include/tauv_common/GetThrusterCurve.h)
Linked: (/home/tom/workspaces/tauv_ws/devel/.private/tauv_common/include/tauv_common/GetThrusterManagerConfigResponse.h, /home/tom/workspaces/tauv_ws/devel/include/tauv_common/GetThrusterManagerConfigResponse.h)
Linked: (/home/tom/workspaces/tauv_ws/devel/.private/tauv_common/include/tauv_common/GetThrusterManagerConfig.h, /home/tom/workspaces/tauv_ws/devel/include/tauv_common/GetThrusterManagerConfig.h)
Linked: (/home/tom/workspaces/tauv_ws/devel/.private/tauv_common/include/tauv_common/GetThrusterCurveResponse.h, /home/tom/workspaces/tauv_ws/devel/include/tauv_common/GetThrusterCurveResponse.h)
Linked: (/home/tom/workspaces/tauv_ws/devel/.private/tauv_common/include/tauv_common/RegisterMeasurementResponse.h, /home/tom/workspaces/tauv_ws/devel/include/tauv_common/RegisterMeasurementResponse.h)
Linked: (/home/tom/workspaces/tauv_ws/devel/.private/tauv_common/bin/thruster_allocator, /home/tom/workspaces/tauv_ws/devel/bin/thruster_allocator)
Linked: (/home/tom/workspaces/tauv_ws/devel/.private/tauv_common/bin/gate_detector, /home/tom/workspaces/tauv_ws/devel/bin/gate_detector)
Linked: (/home/tom/workspaces/tauv_ws/devel/.private/tauv_common/bin/detector_bucket, /home/tom/workspaces/tauv_ws/devel/bin/detector_bucket)
Linked: (/home/tom/workspaces/tauv_ws/devel/.private/tauv_common/bin/teleop_planner, /home/tom/workspaces/tauv_ws/devel/bin/teleop_planner)
Linked: (/home/tom/workspaces/tauv_ws/devel/.private/tauv_common/bin/depth_odometry, /home/tom/workspaces/tauv_ws/devel/bin/depth_odometry)
Linked: (/home/tom/workspaces/tauv_ws/devel/.private/tauv_common/bin/keyboard_planner, /home/tom/workspaces/tauv_ws/devel/bin/keyboard_planner)
Linked: (/home/tom/workspaces/tauv_ws/devel/.private/tauv_common/bin/twist_transformer, /home/tom/workspaces/tauv_ws/devel/bin/twist_transformer)
Linked: (/home/tom/workspaces/tauv_ws/devel/.private/tauv_common/bin/mpc_traj_follower, /home/tom/workspaces/tauv_ws/devel/bin/mpc_traj_follower)
Linked: (/home/tom/workspaces/tauv_ws/devel/.private/tauv_common/bin/pose_graph, /home/tom/workspaces/tauv_ws/devel/bin/pose_graph)
Linked: (/home/tom/workspaces/tauv_ws/devel/.private/tauv_common/bin/attitude_controller, /home/tom/workspaces/tauv_ws/devel/bin/attitude_controller)
Linked: (/home/tom/workspaces/tauv_ws/devel/.private/tauv_common/bin/cnn_detector, /home/tom/workspaces/tauv_ws/devel/bin/cnn_detector)
