Symlinking /home/tom/workspaces/tauv_ws/devel/lib/pkgconfig/tauv_common.pc
Symlinking /home/tom/workspaces/tauv_ws/devel/lib/python3/dist-packages/planners/__init__.py
Symlinking /home/tom/workspaces/tauv_ws/devel/lib/python3/dist-packages/tauv_util/__init__.py
Symlinking /home/tom/workspaces/tauv_ws/devel/lib/python3/dist-packages/controllers/__init__.py
Symlinking /home/tom/workspaces/tauv_ws/devel/lib/python3/dist-packages/thruster_managers/__init__.py
Symlinking /home/tom/workspaces/tauv_ws/devel/lib/python3/dist-packages/dynamics/__init__.py
Symlinking /home/tom/workspaces/tauv_ws/devel/lib/python3/dist-packages/vision/__init__.py
Symlinking /home/tom/workspaces/tauv_ws/devel/lib/python3/dist-packages/tauv_common/__init__.py
Symlinking /home/tom/workspaces/tauv_ws/devel/lib/python3/dist-packages/tauv_common/srv/_SetThrusterManagerConfig.py
Symlinking /home/tom/workspaces/tauv_ws/devel/lib/python3/dist-packages/tauv_common/srv/_GetThrusterManagerConfig.py
Symlinking /home/tom/workspaces/tauv_ws/devel/lib/python3/dist-packages/tauv_common/srv/_RegisterMeasurement.py
Symlinking /home/tom/workspaces/tauv_ws/devel/lib/python3/dist-packages/tauv_common/srv/_GetThrusterCurve.py
Symlinking /home/tom/workspaces/tauv_ws/devel/lib/python3/dist-packages/tauv_common/srv/__init__.py
Symlinking /home/tom/workspaces/tauv_ws/devel/lib/python3/dist-packages/tauv_common/srv/_RegisterObjectDetections.py
Symlinking /home/tom/workspaces/tauv_ws/devel/lib/python3/dist-packages/tauv_common/srv/_ThrusterManagerInfo.py
Symlinking /home/tom/workspaces/tauv_ws/devel/lib/python3/dist-packages/motionlib/__init__.py
Symlinking /home/tom/workspaces/tauv_ws/devel/lib/python3/dist-packages/teleop/__init__.py
Symlinking /home/tom/workspaces/tauv_ws/devel/share/tauv_common/cmake/tauv_commonConfig-version.cmake
Symlinking /home/tom/workspaces/tauv_ws/devel/share/tauv_common/cmake/tauv_common-msg-extras.cmake
Symlinking /home/tom/workspaces/tauv_ws/devel/share/tauv_common/cmake/tauv_common-msg-paths.cmake
Symlinking /home/tom/workspaces/tauv_ws/devel/share/tauv_common/cmake/tauv_commonConfig.cmake
Symlinking /home/tom/workspaces/tauv_ws/devel/share/roseus/ros/tauv_common/manifest.l
Symlinking /home/tom/workspaces/tauv_ws/devel/share/roseus/ros/tauv_common/srv/GetThrusterCurve.l
Symlinking /home/tom/workspaces/tauv_ws/devel/share/roseus/ros/tauv_common/srv/RegisterObjectDetections.l
Symlinking /home/tom/workspaces/tauv_ws/devel/share/roseus/ros/tauv_common/srv/RegisterMeasurement.l
Symlinking /home/tom/workspaces/tauv_ws/devel/share/roseus/ros/tauv_common/srv/GetThrusterManagerConfig.l
Symlinking /home/tom/workspaces/tauv_ws/devel/share/roseus/ros/tauv_common/srv/SetThrusterManagerConfig.l
Symlinking /home/tom/workspaces/tauv_ws/devel/share/roseus/ros/tauv_common/srv/ThrusterManagerInfo.l
Symlinking /home/tom/workspaces/tauv_ws/devel/share/common-lisp/ros/tauv_common/srv/_package_GetThrusterCurve.lisp
Symlinking /home/tom/workspaces/tauv_ws/devel/share/common-lisp/ros/tauv_common/srv/GetThrusterManagerConfig.lisp
Symlinking /home/tom/workspaces/tauv_ws/devel/share/common-lisp/ros/tauv_common/srv/_package_RegisterMeasurement.lisp
Symlinking /home/tom/workspaces/tauv_ws/devel/share/common-lisp/ros/tauv_common/srv/SetThrusterManagerConfig.lisp
Symlinking /home/tom/workspaces/tauv_ws/devel/share/common-lisp/ros/tauv_common/srv/GetThrusterCurve.lisp
Symlinking /home/tom/workspaces/tauv_ws/devel/share/common-lisp/ros/tauv_common/srv/_package_SetThrusterManagerConfig.lisp
Symlinking /home/tom/workspaces/tauv_ws/devel/share/common-lisp/ros/tauv_common/srv/ThrusterManagerInfo.lisp
Symlinking /home/tom/workspaces/tauv_ws/devel/share/common-lisp/ros/tauv_common/srv/tauv_common-srv.asd
Symlinking /home/tom/workspaces/tauv_ws/devel/share/common-lisp/ros/tauv_common/srv/_package_GetThrusterManagerConfig.lisp
Symlinking /home/tom/workspaces/tauv_ws/devel/share/common-lisp/ros/tauv_common/srv/RegisterMeasurement.lisp
Symlinking /home/tom/workspaces/tauv_ws/devel/share/common-lisp/ros/tauv_common/srv/_package_RegisterObjectDetections.lisp
Symlinking /home/tom/workspaces/tauv_ws/devel/share/common-lisp/ros/tauv_common/srv/_package.lisp
Symlinking /home/tom/workspaces/tauv_ws/devel/share/common-lisp/ros/tauv_common/srv/RegisterObjectDetections.lisp
Symlinking /home/tom/workspaces/tauv_ws/devel/share/common-lisp/ros/tauv_common/srv/_package_ThrusterManagerInfo.lisp
Symlinking /home/tom/workspaces/tauv_ws/devel/share/gennodejs/ros/tauv_common/_index.js
Symlinking /home/tom/workspaces/tauv_ws/devel/share/gennodejs/ros/tauv_common/srv/RegisterObjectDetections.js
Symlinking /home/tom/workspaces/tauv_ws/devel/share/gennodejs/ros/tauv_common/srv/GetThrusterManagerConfig.js
Symlinking /home/tom/workspaces/tauv_ws/devel/share/gennodejs/ros/tauv_common/srv/ThrusterManagerInfo.js
Symlinking /home/tom/workspaces/tauv_ws/devel/share/gennodejs/ros/tauv_common/srv/SetThrusterManagerConfig.js
Symlinking /home/tom/workspaces/tauv_ws/devel/share/gennodejs/ros/tauv_common/srv/RegisterMeasurement.js
Symlinking /home/tom/workspaces/tauv_ws/devel/share/gennodejs/ros/tauv_common/srv/GetThrusterCurve.js
Symlinking /home/tom/workspaces/tauv_ws/devel/share/gennodejs/ros/tauv_common/srv/_index.js
Symlinking /home/tom/workspaces/tauv_ws/devel/include/tauv_common/RegisterObjectDetectionsRequest.h
Symlinking /home/tom/workspaces/tauv_ws/devel/include/tauv_common/GetThrusterManagerConfigRequest.h
Symlinking /home/tom/workspaces/tauv_ws/devel/include/tauv_common/RegisterObjectDetectionsResponse.h
Symlinking /home/tom/workspaces/tauv_ws/devel/include/tauv_common/RegisterObjectDetections.h
Symlinking /home/tom/workspaces/tauv_ws/devel/include/tauv_common/RegisterMeasurement.h
Symlinking /home/tom/workspaces/tauv_ws/devel/include/tauv_common/ThrusterManagerInfoResponse.h
Symlinking /home/tom/workspaces/tauv_ws/devel/include/tauv_common/GetThrusterCurveRequest.h
Symlinking /home/tom/workspaces/tauv_ws/devel/include/tauv_common/RegisterMeasurementRequest.h
Symlinking /home/tom/workspaces/tauv_ws/devel/include/tauv_common/SetThrusterManagerConfigRequest.h
Symlinking /home/tom/workspaces/tauv_ws/devel/include/tauv_common/ThrusterManagerInfoRequest.h
Symlinking /home/tom/workspaces/tauv_ws/devel/include/tauv_common/SetThrusterManagerConfig.h
Symlinking /home/tom/workspaces/tauv_ws/devel/include/tauv_common/SetThrusterManagerConfigResponse.h
Symlinking /home/tom/workspaces/tauv_ws/devel/include/tauv_common/ThrusterManagerInfo.h
Symlinking /home/tom/workspaces/tauv_ws/devel/include/tauv_common/GetThrusterCurve.h
Symlinking /home/tom/workspaces/tauv_ws/devel/include/tauv_common/GetThrusterManagerConfigResponse.h
Symlinking /home/tom/workspaces/tauv_ws/devel/include/tauv_common/GetThrusterManagerConfig.h
Symlinking /home/tom/workspaces/tauv_ws/devel/include/tauv_common/GetThrusterCurveResponse.h
Symlinking /home/tom/workspaces/tauv_ws/devel/include/tauv_common/RegisterMeasurementResponse.h
Symlinking /home/tom/workspaces/tauv_ws/devel/bin/thruster_allocator
Symlinking /home/tom/workspaces/tauv_ws/devel/bin/gate_detector
Symlinking /home/tom/workspaces/tauv_ws/devel/bin/detector_bucket
Symlinking /home/tom/workspaces/tauv_ws/devel/bin/teleop_planner
Symlinking /home/tom/workspaces/tauv_ws/devel/bin/depth_odometry
Symlinking /home/tom/workspaces/tauv_ws/devel/bin/keyboard_planner
Symlinking /home/tom/workspaces/tauv_ws/devel/bin/twist_transformer
Symlinking /home/tom/workspaces/tauv_ws/devel/bin/mpc_traj_follower
Symlinking /home/tom/workspaces/tauv_ws/devel/bin/pose_graph
Symlinking /home/tom/workspaces/tauv_ws/devel/bin/attitude_controller
Symlinking /home/tom/workspaces/tauv_ws/devel/bin/cnn_detector
