make[1]: Entering directory '/home/tom/workspaces/tauv_ws/build/uuv_sensor_ros_plugins'
make[2]: Entering directory '/home/tom/workspaces/tauv_ws/build/uuv_sensor_ros_plugins'
make[3]: Entering directory '/home/tom/workspaces/tauv_ws/build/uuv_sensor_ros_plugins'
make[3]: Entering directory '/home/tom/workspaces/tauv_ws/build/uuv_sensor_ros_plugins'
make[3]: Entering directory '/home/tom/workspaces/tauv_ws/build/uuv_sensor_ros_plugins'
make[3]: Entering directory '/home/tom/workspaces/tauv_ws/build/uuv_sensor_ros_plugins'
make[3]: Entering directory '/home/tom/workspaces/tauv_ws/build/uuv_sensor_ros_plugins'
make[3]: Entering directory '/home/tom/workspaces/tauv_ws/build/uuv_sensor_ros_plugins'
make[3]: Leaving directory '/home/tom/workspaces/tauv_ws/build/uuv_sensor_ros_plugins'
make[3]: Leaving directory '/home/tom/workspaces/tauv_ws/build/uuv_sensor_ros_plugins'
make[3]: Leaving directory '/home/tom/workspaces/tauv_ws/build/uuv_sensor_ros_plugins'
make[3]: Leaving directory '/home/tom/workspaces/tauv_ws/build/uuv_sensor_ros_plugins'
make[3]: Leaving directory '/home/tom/workspaces/tauv_ws/build/uuv_sensor_ros_plugins'
make[3]: Leaving directory '/home/tom/workspaces/tauv_ws/build/uuv_sensor_ros_plugins'
[  0%] Built target jsk_footstep_msgs_generate_messages_eus
[  0%] Built target actionlib_msgs_generate_messages_lisp
[  0%] Built target actionlib_msgs_generate_messages_nodejs
make[3]: Entering directory '/home/tom/workspaces/tauv_ws/build/uuv_sensor_ros_plugins'
make[3]: Entering directory '/home/tom/workspaces/tauv_ws/build/uuv_sensor_ros_plugins'
make[3]: Entering directory '/home/tom/workspaces/tauv_ws/build/uuv_sensor_ros_plugins'
[  0%] Built target tf_generate_messages_py
[  0%] Built target actionlib_msgs_generate_messages_cpp
[  0%] Built target pcl_msgs_generate_messages_py
make[3]: Entering directory '/home/tom/workspaces/tauv_ws/build/uuv_sensor_ros_plugins'
make[3]: Entering directory '/home/tom/workspaces/tauv_ws/build/uuv_sensor_ros_plugins'
make[3]: Entering directory '/home/tom/workspaces/tauv_ws/build/uuv_sensor_ros_plugins'
make[3]: Leaving directory '/home/tom/workspaces/tauv_ws/build/uuv_sensor_ros_plugins'
make[3]: Leaving directory '/home/tom/workspaces/tauv_ws/build/uuv_sensor_ros_plugins'
make[3]: Leaving directory '/home/tom/workspaces/tauv_ws/build/uuv_sensor_ros_plugins'
make[3]: Leaving directory '/home/tom/workspaces/tauv_ws/build/uuv_sensor_ros_plugins'
make[3]: Leaving directory '/home/tom/workspaces/tauv_ws/build/uuv_sensor_ros_plugins'
[  0%] Built target pcl_msgs_generate_messages_eus
[  0%] Built target std_msgs_generate_messages_lisp
make[3]: Leaving directory '/home/tom/workspaces/tauv_ws/build/uuv_sensor_ros_plugins'
make[3]: Entering directory '/home/tom/workspaces/tauv_ws/build/uuv_sensor_ros_plugins'
make[3]: Entering directory '/home/tom/workspaces/tauv_ws/build/uuv_sensor_ros_plugins'
[  0%] Built target jsk_recognition_msgs_generate_messages_nodejs
[  0%] Built target roscpp_generate_messages_py
make[3]: Entering directory '/home/tom/workspaces/tauv_ws/build/uuv_sensor_ros_plugins'
make[3]: Entering directory '/home/tom/workspaces/tauv_ws/build/uuv_sensor_ros_plugins'
[  0%] Built target sensor_msgs_generate_messages_nodejs
[  0%] Built target jsk_footstep_msgs_generate_messages_py
make[3]: Entering directory '/home/tom/workspaces/tauv_ws/build/uuv_sensor_ros_plugins'
make[3]: Leaving directory '/home/tom/workspaces/tauv_ws/build/uuv_sensor_ros_plugins'
make[3]: Leaving directory '/home/tom/workspaces/tauv_ws/build/uuv_sensor_ros_plugins'
make[3]: Entering directory '/home/tom/workspaces/tauv_ws/build/uuv_sensor_ros_plugins'
make[3]: Leaving directory '/home/tom/workspaces/tauv_ws/build/uuv_sensor_ros_plugins'
make[3]: Leaving directory '/home/tom/workspaces/tauv_ws/build/uuv_sensor_ros_plugins'
make[3]: Leaving directory '/home/tom/workspaces/tauv_ws/build/uuv_sensor_ros_plugins'
make[3]: Leaving directory '/home/tom/workspaces/tauv_ws/build/uuv_sensor_ros_plugins'
[  0%] Built target jsk_recognition_msgs_generate_messages_cpp
[  0%] Built target geometry_msgs_generate_messages_py
make[3]: Entering directory '/home/tom/workspaces/tauv_ws/build/uuv_sensor_ros_plugins'
[  0%] Built target pcl_msgs_generate_messages_lisp
[  0%] Built target vision_msgs_generate_messages_cpp
[  0%] Built target pcl_msgs_generate_messages_nodejs
make[3]: Entering directory '/home/tom/workspaces/tauv_ws/build/uuv_sensor_ros_plugins'
make[3]: Entering directory '/home/tom/workspaces/tauv_ws/build/uuv_sensor_ros_plugins'
make[3]: Entering directory '/home/tom/workspaces/tauv_ws/build/uuv_sensor_ros_plugins'
make[3]: Entering directory '/home/tom/workspaces/tauv_ws/build/uuv_sensor_ros_plugins'
[  0%] Built target vision_msgs_generate_messages_py
make[3]: Leaving directory '/home/tom/workspaces/tauv_ws/build/uuv_sensor_ros_plugins'
make[3]: Leaving directory '/home/tom/workspaces/tauv_ws/build/uuv_sensor_ros_plugins'
make[3]: Leaving directory '/home/tom/workspaces/tauv_ws/build/uuv_sensor_ros_plugins'
make[3]: Entering directory '/home/tom/workspaces/tauv_ws/build/uuv_sensor_ros_plugins'
[  0%] Built target tauv_msgs_generate_messages_nodejs
make[3]: Leaving directory '/home/tom/workspaces/tauv_ws/build/uuv_sensor_ros_plugins'
make[3]: Leaving directory '/home/tom/workspaces/tauv_ws/build/uuv_sensor_ros_plugins'
[  0%] Built target std_msgs_generate_messages_cpp
make[3]: Entering directory '/home/tom/workspaces/tauv_ws/build/uuv_sensor_ros_plugins'
make[3]: Leaving directory '/home/tom/workspaces/tauv_ws/build/uuv_sensor_ros_plugins'
make[3]: Entering directory '/home/tom/workspaces/tauv_ws/build/uuv_sensor_ros_plugins'
[  0%] Built target tauv_msgs_generate_messages_eus
[  0%] Built target geometry_msgs_generate_messages_cpp
[  0%] Built target nodelet_generate_messages_lisp
make[3]: Leaving directory '/home/tom/workspaces/tauv_ws/build/uuv_sensor_ros_plugins'
make[3]: Entering directory '/home/tom/workspaces/tauv_ws/build/uuv_sensor_ros_plugins'
make[3]: Leaving directory '/home/tom/workspaces/tauv_ws/build/uuv_sensor_ros_plugins'
make[3]: Entering directory '/home/tom/workspaces/tauv_ws/build/uuv_sensor_ros_plugins'
make[3]: Entering directory '/home/tom/workspaces/tauv_ws/build/uuv_sensor_ros_plugins'
[  0%] Built target vision_msgs_generate_messages_eus
[  0%] Built target tauv_msgs_generate_messages_lisp
make[3]: Leaving directory '/home/tom/workspaces/tauv_ws/build/uuv_sensor_ros_plugins'
make[3]: Leaving directory '/home/tom/workspaces/tauv_ws/build/uuv_sensor_ros_plugins'
make[3]: Entering directory '/home/tom/workspaces/tauv_ws/build/uuv_sensor_ros_plugins'
make[3]: Entering directory '/home/tom/workspaces/tauv_ws/build/uuv_sensor_ros_plugins'
make[3]: Leaving directory '/home/tom/workspaces/tauv_ws/build/uuv_sensor_ros_plugins'
[  0%] Built target geometry_msgs_generate_messages_nodejs
[  0%] Built target dynamic_reconfigure_generate_messages_eus
[  0%] Built target gazebo_msgs_generate_messages_eus
make[3]: Entering directory '/home/tom/workspaces/tauv_ws/build/uuv_sensor_ros_plugins'
make[3]: Entering directory '/home/tom/workspaces/tauv_ws/build/uuv_sensor_ros_plugins'
make[3]: Entering directory '/home/tom/workspaces/tauv_ws/build/uuv_sensor_ros_plugins'
make[3]: Leaving directory '/home/tom/workspaces/tauv_ws/build/uuv_sensor_ros_plugins'
make[3]: Leaving directory '/home/tom/workspaces/tauv_ws/build/uuv_sensor_ros_plugins'
[  0%] Built target nav_msgs_generate_messages_nodejs
make[3]: Leaving directory '/home/tom/workspaces/tauv_ws/build/uuv_sensor_ros_plugins'
make[3]: Leaving directory '/home/tom/workspaces/tauv_ws/build/uuv_sensor_ros_plugins'
make[3]: Entering directory '/home/tom/workspaces/tauv_ws/build/uuv_sensor_ros_plugins'
[  0%] Built target jsk_recognition_msgs_generate_messages_eus
make[3]: Entering directory '/home/tom/workspaces/tauv_ws/build/uuv_sensor_ros_plugins'
[  0%] Built target std_msgs_generate_messages_py
make[3]: Leaving directory '/home/tom/workspaces/tauv_ws/build/uuv_sensor_ros_plugins'
make[3]: Entering directory '/home/tom/workspaces/tauv_ws/build/uuv_sensor_ros_plugins'
[  0%] Built target gazebo_plugins_gencfg
[  0%] Built target trajectory_msgs_generate_messages_eus
make[3]: Leaving directory '/home/tom/workspaces/tauv_ws/build/uuv_sensor_ros_plugins'
make[3]: Entering directory '/home/tom/workspaces/tauv_ws/build/uuv_sensor_ros_plugins'
make[3]: Entering directory '/home/tom/workspaces/tauv_ws/build/uuv_sensor_ros_plugins'
[  0%] Built target std_srvs_generate_messages_cpp
make[3]: Leaving directory '/home/tom/workspaces/tauv_ws/build/uuv_sensor_ros_plugins'
make[3]: Leaving directory '/home/tom/workspaces/tauv_ws/build/uuv_sensor_ros_plugins'
make[3]: Entering directory '/home/tom/workspaces/tauv_ws/build/uuv_sensor_ros_plugins'
make[3]: Leaving directory '/home/tom/workspaces/tauv_ws/build/uuv_sensor_ros_plugins'
make[3]: Leaving directory '/home/tom/workspaces/tauv_ws/build/uuv_sensor_ros_plugins'
[  0%] Built target sensor_msgs_generate_messages_eus
[  0%] Built target jsk_footstep_msgs_generate_messages_lisp
make[3]: Leaving directory '/home/tom/workspaces/tauv_ws/build/uuv_sensor_ros_plugins'
make[3]: Entering directory '/home/tom/workspaces/tauv_ws/build/uuv_sensor_ros_plugins'
[  0%] Built target sensor_msgs_generate_messages_py
make[3]: Entering directory '/home/tom/workspaces/tauv_ws/build/uuv_sensor_ros_plugins'
[  0%] Built target tf2_msgs_generate_messages_eus
[  0%] Built target roscpp_generate_messages_nodejs
make[3]: Leaving directory '/home/tom/workspaces/tauv_ws/build/uuv_sensor_ros_plugins'
make[3]: Leaving directory '/home/tom/workspaces/tauv_ws/build/uuv_sensor_ros_plugins'
make[3]: Entering directory '/home/tom/workspaces/tauv_ws/build/uuv_sensor_ros_plugins'
make[3]: Entering directory '/home/tom/workspaces/tauv_ws/build/uuv_sensor_ros_plugins'
make[3]: Entering directory '/home/tom/workspaces/tauv_ws/build/uuv_sensor_ros_plugins'
[  0%] Built target roscpp_generate_messages_cpp
[  0%] Built target actionlib_generate_messages_lisp
make[3]: Leaving directory '/home/tom/workspaces/tauv_ws/build/uuv_sensor_ros_plugins'
make[3]: Leaving directory '/home/tom/workspaces/tauv_ws/build/uuv_sensor_ros_plugins'
make[3]: Entering directory '/home/tom/workspaces/tauv_ws/build/uuv_sensor_ros_plugins'
[  0%] Built target geometry_msgs_generate_messages_lisp
make[3]: Entering directory '/home/tom/workspaces/tauv_ws/build/uuv_sensor_ros_plugins'
make[3]: Leaving directory '/home/tom/workspaces/tauv_ws/build/uuv_sensor_ros_plugins'
make[3]: Entering directory '/home/tom/workspaces/tauv_ws/build/uuv_sensor_ros_plugins'
make[3]: Leaving directory '/home/tom/workspaces/tauv_ws/build/uuv_sensor_ros_plugins'
make[3]: Leaving directory '/home/tom/workspaces/tauv_ws/build/uuv_sensor_ros_plugins'
[  0%] Built target vision_msgs_generate_messages_lisp
make[3]: Entering directory '/home/tom/workspaces/tauv_ws/build/uuv_sensor_ros_plugins'
[  0%] Built target nodelet_generate_messages_nodejs
make[3]: Entering directory '/home/tom/workspaces/tauv_ws/build/uuv_sensor_ros_plugins'
[  0%] Built target rosgraph_msgs_generate_messages_cpp
[  0%] Built target actionlib_generate_messages_eus
make[3]: Leaving directory '/home/tom/workspaces/tauv_ws/build/uuv_sensor_ros_plugins'
make[3]: Entering directory '/home/tom/workspaces/tauv_ws/build/uuv_sensor_ros_plugins'
make[3]: Entering directory '/home/tom/workspaces/tauv_ws/build/uuv_sensor_ros_plugins'
[  0%] Built target trajectory_msgs_generate_messages_py
make[3]: Leaving directory '/home/tom/workspaces/tauv_ws/build/uuv_sensor_ros_plugins'
make[3]: Leaving directory '/home/tom/workspaces/tauv_ws/build/uuv_sensor_ros_plugins'
make[3]: Entering directory '/home/tom/workspaces/tauv_ws/build/uuv_sensor_ros_plugins'
make[3]: Leaving directory '/home/tom/workspaces/tauv_ws/build/uuv_sensor_ros_plugins'
make[3]: Leaving directory '/home/tom/workspaces/tauv_ws/build/uuv_sensor_ros_plugins'
[  0%] Built target roscpp_generate_messages_eus
[  0%] Built target rosgraph_msgs_generate_messages_eus
make[3]: Entering directory '/home/tom/workspaces/tauv_ws/build/uuv_sensor_ros_plugins'
[  0%] Built target actionlib_generate_messages_nodejs
make[3]: Leaving directory '/home/tom/workspaces/tauv_ws/build/uuv_sensor_ros_plugins'
make[3]: Entering directory '/home/tom/workspaces/tauv_ws/build/uuv_sensor_ros_plugins'
[  0%] Built target std_srvs_generate_messages_py
[  0%] Built target actionlib_msgs_generate_messages_eus
make[3]: Entering directory '/home/tom/workspaces/tauv_ws/build/uuv_sensor_ros_plugins'
make[3]: Leaving directory '/home/tom/workspaces/tauv_ws/build/uuv_sensor_ros_plugins'
make[3]: Entering directory '/home/tom/workspaces/tauv_ws/build/uuv_sensor_ros_plugins'
make[3]: Entering directory '/home/tom/workspaces/tauv_ws/build/uuv_sensor_ros_plugins'
[  0%] Built target dynamic_reconfigure_generate_messages_py
make[3]: Leaving directory '/home/tom/workspaces/tauv_ws/build/uuv_sensor_ros_plugins'
make[3]: Entering directory '/home/tom/workspaces/tauv_ws/build/uuv_sensor_ros_plugins'
make[3]: Leaving directory '/home/tom/workspaces/tauv_ws/build/uuv_sensor_ros_plugins'
make[3]: Leaving directory '/home/tom/workspaces/tauv_ws/build/uuv_sensor_ros_plugins'
[  0%] Built target rosgraph_msgs_generate_messages_lisp
make[3]: Leaving directory '/home/tom/workspaces/tauv_ws/build/uuv_sensor_ros_plugins'
make[3]: Entering directory '/home/tom/workspaces/tauv_ws/build/uuv_sensor_ros_plugins'
make[3]: Leaving directory '/home/tom/workspaces/tauv_ws/build/uuv_sensor_ros_plugins'
[  0%] Built target rosgraph_msgs_generate_messages_nodejs
make[3]: Entering directory '/home/tom/workspaces/tauv_ws/build/uuv_sensor_ros_plugins'
make[3]: Leaving directory '/home/tom/workspaces/tauv_ws/build/uuv_sensor_ros_plugins'
[  0%] Built target jsk_recognition_msgs_generate_messages_lisp
make[3]: Entering directory '/home/tom/workspaces/tauv_ws/build/uuv_sensor_ros_plugins'
[  0%] Built target tf_generate_messages_eus
make[3]: Entering directory '/home/tom/workspaces/tauv_ws/build/uuv_sensor_ros_plugins'
[  0%] Built target tf_generate_messages_cpp
[  0%] Built target jsk_footstep_msgs_generate_messages_cpp
make[3]: Leaving directory '/home/tom/workspaces/tauv_ws/build/uuv_sensor_ros_plugins'
make[3]: Leaving directory '/home/tom/workspaces/tauv_ws/build/uuv_sensor_ros_plugins'
[  0%] Built target visualization_msgs_generate_messages_cpp
make[3]: Entering directory '/home/tom/workspaces/tauv_ws/build/uuv_sensor_ros_plugins'
make[3]: Leaving directory '/home/tom/workspaces/tauv_ws/build/uuv_sensor_ros_plugins'
make[3]: Entering directory '/home/tom/workspaces/tauv_ws/build/uuv_sensor_ros_plugins'
[  0%] Built target actionlib_msgs_generate_messages_py
make[3]: Entering directory '/home/tom/workspaces/tauv_ws/build/uuv_sensor_ros_plugins'
make[3]: Leaving directory '/home/tom/workspaces/tauv_ws/build/uuv_sensor_ros_plugins'
[  0%] Built target tf_generate_messages_lisp
make[3]: Leaving directory '/home/tom/workspaces/tauv_ws/build/uuv_sensor_ros_plugins'
make[3]: Entering directory '/home/tom/workspaces/tauv_ws/build/uuv_sensor_ros_plugins'
make[3]: Entering directory '/home/tom/workspaces/tauv_ws/build/uuv_sensor_ros_plugins'
[  0%] Built target nav_msgs_generate_messages_py
make[3]: Leaving directory '/home/tom/workspaces/tauv_ws/build/uuv_sensor_ros_plugins'
[  0%] Built target tauv_msgs_generate_messages_py
[  0%] Built target tf_generate_messages_nodejs
make[3]: Leaving directory '/home/tom/workspaces/tauv_ws/build/uuv_sensor_ros_plugins'
make[3]: Entering directory '/home/tom/workspaces/tauv_ws/build/uuv_sensor_ros_plugins'
make[3]: Entering directory '/home/tom/workspaces/tauv_ws/build/uuv_sensor_ros_plugins'
make[3]: Entering directory '/home/tom/workspaces/tauv_ws/build/uuv_sensor_ros_plugins'
make[3]: Leaving directory '/home/tom/workspaces/tauv_ws/build/uuv_sensor_ros_plugins'
[  0%] Built target uuv_sensor_plugins_ros_msgs_generate_messages_cpp
[  0%] Built target actionlib_generate_messages_py
make[3]: Leaving directory '/home/tom/workspaces/tauv_ws/build/uuv_sensor_ros_plugins'
make[3]: Entering directory '/home/tom/workspaces/tauv_ws/build/uuv_sensor_ros_plugins'
make[3]: Entering directory '/home/tom/workspaces/tauv_ws/build/uuv_sensor_ros_plugins'
[  0%] Built target actionlib_generate_messages_cpp
make[3]: Leaving directory '/home/tom/workspaces/tauv_ws/build/uuv_sensor_ros_plugins'
make[3]: Entering directory '/home/tom/workspaces/tauv_ws/build/uuv_sensor_ros_plugins'
[  0%] Built target dynamic_reconfigure_generate_messages_lisp
make[3]: Leaving directory '/home/tom/workspaces/tauv_ws/build/uuv_sensor_ros_plugins'
make[3]: Entering directory '/home/tom/workspaces/tauv_ws/build/uuv_sensor_ros_plugins'
make[3]: Leaving directory '/home/tom/workspaces/tauv_ws/build/uuv_sensor_ros_plugins'
make[3]: Leaving directory '/home/tom/workspaces/tauv_ws/build/uuv_sensor_ros_plugins'
[  0%] Built target gazebo_msgs_generate_messages_lisp
make[3]: Leaving directory '/home/tom/workspaces/tauv_ws/build/uuv_sensor_ros_plugins'
make[3]: Leaving directory '/home/tom/workspaces/tauv_ws/build/uuv_sensor_ros_plugins'
[  0%] Built target tf2_msgs_generate_messages_lisp
[  0%] Built target bond_generate_messages_cpp
[  0%] Built target dynamic_reconfigure_generate_messages_nodejs
make[3]: Entering directory '/home/tom/workspaces/tauv_ws/build/uuv_sensor_ros_plugins'
[  0%] Built target tf2_msgs_generate_messages_py
make[3]: Entering directory '/home/tom/workspaces/tauv_ws/build/uuv_sensor_ros_plugins'
[  0%] Built target gazebo_msgs_generate_messages_cpp
make[3]: Entering directory '/home/tom/workspaces/tauv_ws/build/uuv_sensor_ros_plugins'
make[3]: Entering directory '/home/tom/workspaces/tauv_ws/build/uuv_sensor_ros_plugins'
make[3]: Entering directory '/home/tom/workspaces/tauv_ws/build/uuv_sensor_ros_plugins'
make[3]: Entering directory '/home/tom/workspaces/tauv_ws/build/uuv_sensor_ros_plugins'
make[3]: Leaving directory '/home/tom/workspaces/tauv_ws/build/uuv_sensor_ros_plugins'
make[3]: Leaving directory '/home/tom/workspaces/tauv_ws/build/uuv_sensor_ros_plugins'
make[3]: Leaving directory '/home/tom/workspaces/tauv_ws/build/uuv_sensor_ros_plugins'
make[3]: Leaving directory '/home/tom/workspaces/tauv_ws/build/uuv_sensor_ros_plugins'
make[3]: Leaving directory '/home/tom/workspaces/tauv_ws/build/uuv_sensor_ros_plugins'
make[3]: Leaving directory '/home/tom/workspaces/tauv_ws/build/uuv_sensor_ros_plugins'
[  0%] Built target tauv_msgs_generate_messages_cpp
make[3]: Entering directory '/home/tom/workspaces/tauv_ws/build/uuv_sensor_ros_plugins'
[  0%] Built target gazebo_msgs_generate_messages_nodejs
[  0%] Built target std_msgs_generate_messages_nodejs
make[3]: Entering directory '/home/tom/workspaces/tauv_ws/build/uuv_sensor_ros_plugins'
make[3]: Entering directory '/home/tom/workspaces/tauv_ws/build/uuv_sensor_ros_plugins'
[  0%] Built target gazebo_msgs_generate_messages_py
[  0%] Built target trajectory_msgs_generate_messages_cpp
[  0%] Built target trajectory_msgs_generate_messages_lisp
make[3]: Entering directory '/home/tom/workspaces/tauv_ws/build/uuv_sensor_ros_plugins'
make[3]: Entering directory '/home/tom/workspaces/tauv_ws/build/uuv_sensor_ros_plugins'
make[3]: Entering directory '/home/tom/workspaces/tauv_ws/build/uuv_sensor_ros_plugins'
make[3]: Leaving directory '/home/tom/workspaces/tauv_ws/build/uuv_sensor_ros_plugins'
make[3]: Leaving directory '/home/tom/workspaces/tauv_ws/build/uuv_sensor_ros_plugins'
make[3]: Leaving directory '/home/tom/workspaces/tauv_ws/build/uuv_sensor_ros_plugins'
make[3]: Leaving directory '/home/tom/workspaces/tauv_ws/build/uuv_sensor_ros_plugins'
make[3]: Leaving directory '/home/tom/workspaces/tauv_ws/build/uuv_sensor_ros_plugins'
make[3]: Leaving directory '/home/tom/workspaces/tauv_ws/build/uuv_sensor_ros_plugins'
[  0%] Built target std_srvs_generate_messages_eus
[  0%] Built target std_msgs_generate_messages_eus
[  0%] Built target roscpp_generate_messages_lisp
[  0%] Built target trajectory_msgs_generate_messages_nodejs
make[3]: Entering directory '/home/tom/workspaces/tauv_ws/build/uuv_sensor_ros_plugins'
make[3]: Entering directory '/home/tom/workspaces/tauv_ws/build/uuv_sensor_ros_plugins'
make[3]: Entering directory '/home/tom/workspaces/tauv_ws/build/uuv_sensor_ros_plugins'
make[3]: Entering directory '/home/tom/workspaces/tauv_ws/build/uuv_sensor_ros_plugins'
[  0%] Built target uuv_sensor_plugins_ros_msgs_generate_messages_py
make[3]: Leaving directory '/home/tom/workspaces/tauv_ws/build/uuv_sensor_ros_plugins'
make[3]: Leaving directory '/home/tom/workspaces/tauv_ws/build/uuv_sensor_ros_plugins'
make[3]: Entering directory '/home/tom/workspaces/tauv_ws/build/uuv_sensor_ros_plugins'
[  0%] Built target std_srvs_generate_messages_lisp
make[3]: Leaving directory '/home/tom/workspaces/tauv_ws/build/uuv_sensor_ros_plugins'
make[3]: Leaving directory '/home/tom/workspaces/tauv_ws/build/uuv_sensor_ros_plugins'
[  0%] Built target std_srvs_generate_messages_nodejs
[  0%] Built target nodelet_generate_messages_py
make[3]: Entering directory '/home/tom/workspaces/tauv_ws/build/uuv_sensor_ros_plugins'
make[3]: Leaving directory '/home/tom/workspaces/tauv_ws/build/uuv_sensor_ros_plugins'
[  0%] Built target sensor_msgs_generate_messages_lisp
make[3]: Entering directory '/home/tom/workspaces/tauv_ws/build/uuv_sensor_ros_plugins'
make[3]: Entering directory '/home/tom/workspaces/tauv_ws/build/uuv_sensor_ros_plugins'
make[3]: Entering directory '/home/tom/workspaces/tauv_ws/build/uuv_sensor_ros_plugins'
make[3]: Leaving directory '/home/tom/workspaces/tauv_ws/build/uuv_sensor_ros_plugins'
[  0%] Built target nodelet_generate_messages_cpp
[  0%] Built target tf2_msgs_generate_messages_nodejs
make[3]: Leaving directory '/home/tom/workspaces/tauv_ws/build/uuv_sensor_ros_plugins'
make[3]: Entering directory '/home/tom/workspaces/tauv_ws/build/uuv_sensor_ros_plugins'
make[3]: Entering directory '/home/tom/workspaces/tauv_ws/build/uuv_sensor_ros_plugins'
make[3]: Leaving directory '/home/tom/workspaces/tauv_ws/build/uuv_sensor_ros_plugins'
make[3]: Leaving directory '/home/tom/workspaces/tauv_ws/build/uuv_sensor_ros_plugins'
[  0%] Built target nodelet_generate_messages_eus
make[3]: Leaving directory '/home/tom/workspaces/tauv_ws/build/uuv_sensor_ros_plugins'
[  0%] Built target bond_generate_messages_lisp
make[3]: Entering directory '/home/tom/workspaces/tauv_ws/build/uuv_sensor_ros_plugins'
make[3]: Leaving directory '/home/tom/workspaces/tauv_ws/build/uuv_sensor_ros_plugins'
[  0%] Built target jsk_footstep_msgs_generate_messages_nodejs
make[3]: Entering directory '/home/tom/workspaces/tauv_ws/build/uuv_sensor_ros_plugins'
[  0%] Built target bond_generate_messages_eus
make[3]: Entering directory '/home/tom/workspaces/tauv_ws/build/uuv_sensor_ros_plugins'
make[3]: Entering directory '/home/tom/workspaces/tauv_ws/build/uuv_sensor_ros_plugins'
make[3]: Leaving directory '/home/tom/workspaces/tauv_ws/build/uuv_sensor_ros_plugins'
[  0%] Built target bond_generate_messages_nodejs
make[3]: Entering directory '/home/tom/workspaces/tauv_ws/build/uuv_sensor_ros_plugins'
[  0%] Built target bond_generate_messages_py
make[3]: Leaving directory '/home/tom/workspaces/tauv_ws/build/uuv_sensor_ros_plugins'
[  0%] Built target nav_msgs_generate_messages_cpp
make[3]: Leaving directory '/home/tom/workspaces/tauv_ws/build/uuv_sensor_ros_plugins'
make[3]: Entering directory '/home/tom/workspaces/tauv_ws/build/uuv_sensor_ros_plugins'
make[3]: Entering directory '/home/tom/workspaces/tauv_ws/build/uuv_sensor_ros_plugins'
make[3]: Leaving directory '/home/tom/workspaces/tauv_ws/build/uuv_sensor_ros_plugins'
[  0%] Built target vision_msgs_generate_messages_nodejs
[  0%] Built target nav_msgs_generate_messages_eus
make[3]: Leaving directory '/home/tom/workspaces/tauv_ws/build/uuv_sensor_ros_plugins'
make[3]: Leaving directory '/home/tom/workspaces/tauv_ws/build/uuv_sensor_ros_plugins'
make[3]: Entering directory '/home/tom/workspaces/tauv_ws/build/uuv_sensor_ros_plugins'
make[3]: Leaving directory '/home/tom/workspaces/tauv_ws/build/uuv_sensor_ros_plugins'
make[3]: Entering directory '/home/tom/workspaces/tauv_ws/build/uuv_sensor_ros_plugins'
[  0%] Built target visualization_msgs_generate_messages_eus
[  0%] Built target nav_msgs_generate_messages_lisp
[  0%] Built target tf2_msgs_generate_messages_cpp
[  0%] Built target dynamic_reconfigure_generate_messages_cpp
make[3]: Entering directory '/home/tom/workspaces/tauv_ws/build/uuv_sensor_ros_plugins'
make[3]: Entering directory '/home/tom/workspaces/tauv_ws/build/uuv_sensor_ros_plugins'
make[3]: Entering directory '/home/tom/workspaces/tauv_ws/build/uuv_sensor_ros_plugins'
make[3]: Entering directory '/home/tom/workspaces/tauv_ws/build/uuv_sensor_ros_plugins'
make[3]: Leaving directory '/home/tom/workspaces/tauv_ws/build/uuv_sensor_ros_plugins'
make[3]: Leaving directory '/home/tom/workspaces/tauv_ws/build/uuv_sensor_ros_plugins'
make[3]: Leaving directory '/home/tom/workspaces/tauv_ws/build/uuv_sensor_ros_plugins'
make[3]: Leaving directory '/home/tom/workspaces/tauv_ws/build/uuv_sensor_ros_plugins'
make[3]: Leaving directory '/home/tom/workspaces/tauv_ws/build/uuv_sensor_ros_plugins'
make[3]: Leaving directory '/home/tom/workspaces/tauv_ws/build/uuv_sensor_ros_plugins'
[  0%] Built target jsk_recognition_msgs_generate_messages_py
make[3]: Entering directory '/home/tom/workspaces/tauv_ws/build/uuv_sensor_ros_plugins'
[  0%] Built target rosgraph_msgs_generate_messages_py
[  0%] Built target dynamic_reconfigure_gencfg
[  0%] Built target visualization_msgs_generate_messages_nodejs
[  0%] Built target visualization_msgs_generate_messages_lisp
[  0%] Built target pcl_msgs_generate_messages_cpp
make[3]: Entering directory '/home/tom/workspaces/tauv_ws/build/uuv_sensor_ros_plugins'
make[3]: Entering directory '/home/tom/workspaces/tauv_ws/build/uuv_sensor_ros_plugins'
make[3]: Entering directory '/home/tom/workspaces/tauv_ws/build/uuv_sensor_ros_plugins'
make[3]: Leaving directory '/home/tom/workspaces/tauv_ws/build/uuv_sensor_ros_plugins'
make[3]: Entering directory '/home/tom/workspaces/tauv_ws/build/uuv_sensor_ros_plugins'
make[3]: Leaving directory '/home/tom/workspaces/tauv_ws/build/uuv_sensor_ros_plugins'
make[3]: Leaving directory '/home/tom/workspaces/tauv_ws/build/uuv_sensor_ros_plugins'
make[3]: Leaving directory '/home/tom/workspaces/tauv_ws/build/uuv_sensor_ros_plugins'
make[3]: Entering directory '/home/tom/workspaces/tauv_ws/build/uuv_sensor_ros_plugins'
make[3]: Leaving directory '/home/tom/workspaces/tauv_ws/build/uuv_sensor_ros_plugins'
[  0%] Built target visualization_msgs_generate_messages_py
[  0%] Built target uuv_sensor_plugins_ros_msgs_generate_messages_eus
[  0%] Built target uuv_sensor_plugins_ros_msgs_generate_messages_lisp
make[3]: Entering directory '/home/tom/workspaces/tauv_ws/build/uuv_sensor_ros_plugins'
[  0%] Built target sensor_msgs_generate_messages_cpp
make[3]: Leaving directory '/home/tom/workspaces/tauv_ws/build/uuv_sensor_ros_plugins'
[  0%] Built target uuv_sensor_plugins_ros_msgs_generate_messages_nodejs
make[3]: Leaving directory '/home/tom/workspaces/tauv_ws/build/uuv_sensor_ros_plugins'
[  0%] Built target geometry_msgs_generate_messages_eus
make[3]: Entering directory '/home/tom/workspaces/tauv_ws/build/uuv_sensor_ros_plugins'
make[3]: Entering directory '/home/tom/workspaces/tauv_ws/build/uuv_sensor_ros_plugins'
make[3]: Entering directory '/home/tom/workspaces/tauv_ws/build/uuv_sensor_ros_plugins'
make[3]: Entering directory '/home/tom/workspaces/tauv_ws/build/uuv_sensor_ros_plugins'
make[3]: Entering directory '/home/tom/workspaces/tauv_ws/build/uuv_sensor_ros_plugins'
[ 21%] Built target uuv_sensor_gazebo_msgs
make[3]: Leaving directory '/home/tom/workspaces/tauv_ws/build/uuv_sensor_ros_plugins'
make[3]: Leaving directory '/home/tom/workspaces/tauv_ws/build/uuv_sensor_ros_plugins'
make[3]: Leaving directory '/home/tom/workspaces/tauv_ws/build/uuv_sensor_ros_plugins'
make[3]: Leaving directory '/home/tom/workspaces/tauv_ws/build/uuv_sensor_ros_plugins'
make[3]: Entering directory '/home/tom/workspaces/tauv_ws/build/uuv_sensor_ros_plugins'
make[3]: Leaving directory '/home/tom/workspaces/tauv_ws/build/uuv_sensor_ros_plugins'
make[3]: Leaving directory '/home/tom/workspaces/tauv_ws/build/uuv_sensor_ros_plugins'
[ 29%] Built target uuv_gazebo_ros_pose_gt_plugin
[ 33%] Built target uuv_gazebo_ros_camera_plugin
[ 41%] Built target uuv_gazebo_ros_cpc_plugin
[ 49%] Built target uuv_gazebo_ros_gps_plugin
make[3]: Entering directory '/home/tom/workspaces/tauv_ws/build/uuv_sensor_ros_plugins'
[ 54%] Built target uuv_gazebo_ros_base_sensor_plugin
make[3]: Leaving directory '/home/tom/workspaces/tauv_ws/build/uuv_sensor_ros_plugins'
make[3]: Entering directory '/home/tom/workspaces/tauv_ws/build/uuv_sensor_ros_plugins'
make[3]: Entering directory '/home/tom/workspaces/tauv_ws/build/uuv_sensor_ros_plugins'
make[3]: Entering directory '/home/tom/workspaces/tauv_ws/build/uuv_sensor_ros_plugins'
make[3]: Leaving directory '/home/tom/workspaces/tauv_ws/build/uuv_sensor_ros_plugins'
make[3]: Leaving directory '/home/tom/workspaces/tauv_ws/build/uuv_sensor_ros_plugins'
[ 60%] Built target uuv_gazebo_ros_base_model_plugin
make[3]: Entering directory '/home/tom/workspaces/tauv_ws/build/uuv_sensor_ros_plugins'
make[3]: Leaving directory '/home/tom/workspaces/tauv_ws/build/uuv_sensor_ros_plugins'
make[3]: Leaving directory '/home/tom/workspaces/tauv_ws/build/uuv_sensor_ros_plugins'
[ 68%] Built target uuv_gazebo_ros_magnetometer_plugin
[ 76%] Built target uuv_gazebo_ros_subsea_pressure_plugin
[ 84%] Built target uuv_gazebo_ros_dvl_plugin
[100%] Built target uuv_gazebo_ros_rpt_plugin
[100%] Built target uuv_gazebo_ros_imu_plugin
make[2]: Leaving directory '/home/tom/workspaces/tauv_ws/build/uuv_sensor_ros_plugins'
make[1]: Leaving directory '/home/tom/workspaces/tauv_ws/build/uuv_sensor_ros_plugins'
