[  0%] Built target _uuv_gazebo_ros_plugins_msgs_generate_messages_check_deps_GetThrusterState
[  0%] Built target geometry_msgs_generate_messages_nodejs
[  0%] Built target _uuv_gazebo_ros_plugins_msgs_generate_messages_check_deps_GetListParam
[  0%] Built target _uuv_gazebo_ros_plugins_msgs_generate_messages_check_deps_GetThrusterConversionFcn
[  0%] Built target _uuv_gazebo_ros_plugins_msgs_generate_messages_check_deps_SetFloat
[  0%] Built target std_msgs_generate_messages_nodejs
[  0%] Built target _uuv_gazebo_ros_plugins_msgs_generate_messages_check_deps_SetUseGlobalCurrentVel
[  0%] Built target _uuv_gazebo_ros_plugins_msgs_generate_messages_check_deps_FloatStamped
[  0%] Built target _uuv_gazebo_ros_plugins_msgs_generate_messages_check_deps_GetModelProperties
[  0%] Built target _uuv_gazebo_ros_plugins_msgs_generate_messages_check_deps_UnderwaterObjectModel
[  0%] Built target _uuv_gazebo_ros_plugins_msgs_generate_messages_check_deps_SetThrusterEfficiency
[  0%] Built target _uuv_gazebo_ros_plugins_msgs_generate_messages_check_deps_ThrusterConversionFcn
[  0%] Built target _uuv_gazebo_ros_plugins_msgs_generate_messages_check_deps_GetFloat
[  0%] Built target std_msgs_generate_messages_py
[  0%] Built target _uuv_gazebo_ros_plugins_msgs_generate_messages_check_deps_SetThrusterState
[  0%] Built target _uuv_gazebo_ros_plugins_msgs_generate_messages_check_deps_GetThrusterEfficiency
[  0%] Built target std_msgs_generate_messages_lisp
[  0%] Built target geometry_msgs_generate_messages_py
[  0%] Built target std_msgs_generate_messages_eus
[  0%] Built target geometry_msgs_generate_messages_lisp
[  0%] Built target geometry_msgs_generate_messages_eus
[  0%] Built target geometry_msgs_generate_messages_cpp
[  0%] Built target std_msgs_generate_messages_cpp
[  1%] [34m[1mGenerating Javascript code from uuv_gazebo_ros_plugins_msgs/FloatStamped.msg[0m
[  2%] [34m[1mGenerating Lisp code from uuv_gazebo_ros_plugins_msgs/FloatStamped.msg[0m
[  4%] [34m[1mGenerating Python from MSG uuv_gazebo_ros_plugins_msgs/FloatStamped[0m
[  5%] [34m[1mGenerating Python from MSG uuv_gazebo_ros_plugins_msgs/UnderwaterObjectModel[0m
[  7%] [34m[1mGenerating Javascript code from uuv_gazebo_ros_plugins_msgs/UnderwaterObjectModel.msg[0m
[  8%] [34m[1mGenerating Lisp code from uuv_gazebo_ros_plugins_msgs/UnderwaterObjectModel.msg[0m
[ 10%] [34m[1mGenerating Python from MSG uuv_gazebo_ros_plugins_msgs/ThrusterConversionFcn[0m
[ 11%] [34m[1mGenerating Javascript code from uuv_gazebo_ros_plugins_msgs/ThrusterConversionFcn.msg[0m
[ 13%] [34m[1mGenerating Python code from SRV uuv_gazebo_ros_plugins_msgs/SetThrusterEfficiency[0m
[ 14%] [34m[1mGenerating Python code from SRV uuv_gazebo_ros_plugins_msgs/SetThrusterState[0m
[ 16%] [34m[1mGenerating Lisp code from uuv_gazebo_ros_plugins_msgs/ThrusterConversionFcn.msg[0m
[ 17%] [34m[1mGenerating Javascript code from uuv_gazebo_ros_plugins_msgs/SetThrusterEfficiency.srv[0m
[ 19%] [34m[1mGenerating Python code from SRV uuv_gazebo_ros_plugins_msgs/GetThrusterEfficiency[0m
[ 20%] [34m[1mGenerating Python code from SRV uuv_gazebo_ros_plugins_msgs/GetThrusterState[0m
[ 22%] [34m[1mGenerating Lisp code from uuv_gazebo_ros_plugins_msgs/SetThrusterEfficiency.srv[0m
[ 23%] [34m[1mGenerating Lisp code from uuv_gazebo_ros_plugins_msgs/SetThrusterState.srv[0m
[ 25%] [34m[1mGenerating Javascript code from uuv_gazebo_ros_plugins_msgs/SetThrusterState.srv[0m
[ 27%] [34m[1mGenerating EusLisp code from uuv_gazebo_ros_plugins_msgs/FloatStamped.msg[0m
[ 27%] [34m[1mGenerating Javascript code from uuv_gazebo_ros_plugins_msgs/GetThrusterEfficiency.srv[0m
[ 29%] [34m[1mGenerating Python code from SRV uuv_gazebo_ros_plugins_msgs/SetUseGlobalCurrentVel[0m
[ 30%] [34m[1mGenerating Lisp code from uuv_gazebo_ros_plugins_msgs/GetThrusterEfficiency.srv[0m
[ 32%] [34m[1mGenerating Python code from SRV uuv_gazebo_ros_plugins_msgs/GetModelProperties[0m
[ 33%] [34m[1mGenerating Javascript code from uuv_gazebo_ros_plugins_msgs/GetThrusterState.srv[0m
[ 36%] [34m[1mGenerating Lisp code from uuv_gazebo_ros_plugins_msgs/GetThrusterState.srv[0m
[ 36%] [34m[1mGenerating Javascript code from uuv_gazebo_ros_plugins_msgs/SetUseGlobalCurrentVel.srv[0m
[ 38%] [34m[1mGenerating EusLisp code from uuv_gazebo_ros_plugins_msgs/UnderwaterObjectModel.msg[0m
[ 39%] [34m[1mGenerating Python code from SRV uuv_gazebo_ros_plugins_msgs/SetFloat[0m
[ 41%] [34m[1mGenerating Lisp code from uuv_gazebo_ros_plugins_msgs/SetUseGlobalCurrentVel.srv[0m
[ 42%] [34m[1mGenerating Javascript code from uuv_gazebo_ros_plugins_msgs/GetModelProperties.srv[0m
[ 44%] [34m[1mGenerating Javascript code from uuv_gazebo_ros_plugins_msgs/SetFloat.srv[0m
[ 45%] [34m[1mGenerating Lisp code from uuv_gazebo_ros_plugins_msgs/GetModelProperties.srv[0m
[ 47%] [34m[1mGenerating Javascript code from uuv_gazebo_ros_plugins_msgs/GetFloat.srv[0m
[ 48%] [34m[1mGenerating Javascript code from uuv_gazebo_ros_plugins_msgs/GetListParam.srv[0m
[ 50%] [34m[1mGenerating Python code from SRV uuv_gazebo_ros_plugins_msgs/GetFloat[0m
[ 51%] [34m[1mGenerating EusLisp code from uuv_gazebo_ros_plugins_msgs/ThrusterConversionFcn.msg[0m
[ 54%] [34m[1mGenerating Lisp code from uuv_gazebo_ros_plugins_msgs/SetFloat.srv[0m
[ 54%] [34m[1mGenerating Lisp code from uuv_gazebo_ros_plugins_msgs/GetFloat.srv[0m
[ 55%] [34m[1mGenerating Javascript code from uuv_gazebo_ros_plugins_msgs/GetThrusterConversionFcn.srv[0m
[ 57%] [34m[1mGenerating Python code from SRV uuv_gazebo_ros_plugins_msgs/GetListParam[0m
[ 58%] [34m[1mGenerating Lisp code from uuv_gazebo_ros_plugins_msgs/GetListParam.srv[0m
[ 60%] [34m[1mGenerating EusLisp code from uuv_gazebo_ros_plugins_msgs/SetThrusterEfficiency.srv[0m
[ 61%] [34m[1mGenerating Lisp code from uuv_gazebo_ros_plugins_msgs/GetThrusterConversionFcn.srv[0m
[ 61%] Built target uuv_gazebo_ros_plugins_msgs_generate_messages_nodejs
[ 63%] [34m[1mGenerating Python code from SRV uuv_gazebo_ros_plugins_msgs/GetThrusterConversionFcn[0m
[ 64%] [34m[1mGenerating EusLisp code from uuv_gazebo_ros_plugins_msgs/SetThrusterState.srv[0m
[ 66%] [34m[1mGenerating C++ code from uuv_gazebo_ros_plugins_msgs/FloatStamped.msg[0m
[ 67%] [34m[1mGenerating EusLisp code from uuv_gazebo_ros_plugins_msgs/GetThrusterEfficiency.srv[0m
[ 67%] Built target uuv_gazebo_ros_plugins_msgs_generate_messages_lisp
[ 69%] [34m[1mGenerating EusLisp code from uuv_gazebo_ros_plugins_msgs/GetThrusterState.srv[0m
[ 70%] [34m[1mGenerating Python msg __init__.py for uuv_gazebo_ros_plugins_msgs[0m
[ 72%] [34m[1mGenerating Python srv __init__.py for uuv_gazebo_ros_plugins_msgs[0m
[ 73%] [34m[1mGenerating C++ code from uuv_gazebo_ros_plugins_msgs/UnderwaterObjectModel.msg[0m
[ 75%] [34m[1mGenerating EusLisp code from uuv_gazebo_ros_plugins_msgs/SetUseGlobalCurrentVel.srv[0m
[ 75%] Built target uuv_gazebo_ros_plugins_msgs_generate_messages_py
[ 76%] [34m[1mGenerating EusLisp code from uuv_gazebo_ros_plugins_msgs/GetModelProperties.srv[0m
[ 77%] [34m[1mGenerating C++ code from uuv_gazebo_ros_plugins_msgs/ThrusterConversionFcn.msg[0m
[ 79%] [34m[1mGenerating EusLisp code from uuv_gazebo_ros_plugins_msgs/SetFloat.srv[0m
[ 80%] [34m[1mGenerating C++ code from uuv_gazebo_ros_plugins_msgs/SetThrusterEfficiency.srv[0m
[ 82%] [34m[1mGenerating EusLisp code from uuv_gazebo_ros_plugins_msgs/GetFloat.srv[0m
[ 83%] [34m[1mGenerating EusLisp code from uuv_gazebo_ros_plugins_msgs/GetListParam.srv[0m
[ 85%] [34m[1mGenerating C++ code from uuv_gazebo_ros_plugins_msgs/SetThrusterState.srv[0m
[ 86%] [34m[1mGenerating EusLisp code from uuv_gazebo_ros_plugins_msgs/GetThrusterConversionFcn.srv[0m
[ 88%] Built target uuv_gazebo_ros_plugins_msgs_generate_messages_eus
[ 89%] [34m[1mGenerating C++ code from uuv_gazebo_ros_plugins_msgs/GetThrusterEfficiency.srv[0m
[ 91%] [34m[1mGenerating C++ code from uuv_gazebo_ros_plugins_msgs/GetThrusterState.srv[0m
[ 92%] [34m[1mGenerating C++ code from uuv_gazebo_ros_plugins_msgs/SetUseGlobalCurrentVel.srv[0m
[ 94%] [34m[1mGenerating C++ code from uuv_gazebo_ros_plugins_msgs/GetModelProperties.srv[0m
[ 95%] [34m[1mGenerating C++ code from uuv_gazebo_ros_plugins_msgs/SetFloat.srv[0m
[ 97%] [34m[1mGenerating C++ code from uuv_gazebo_ros_plugins_msgs/GetFloat.srv[0m
[ 98%] [34m[1mGenerating C++ code from uuv_gazebo_ros_plugins_msgs/GetListParam.srv[0m
[100%] [34m[1mGenerating C++ code from uuv_gazebo_ros_plugins_msgs/GetThrusterConversionFcn.srv[0m
[100%] Built target uuv_gazebo_ros_plugins_msgs_generate_messages_cpp
[100%] Built target uuv_gazebo_ros_plugins_msgs_generate_messages
