[  0%] Built target uuv_gazebo_ros_plugins_xacro_generated_to_devel_space_
[ 14%] Built target custom_battery_consumer_ros_plugin
[ 14%] Built target roscpp_generate_messages_lisp
[ 14%] Built target roscpp_generate_messages_eus
[ 28%] Built target uuv_accelerations_test_plugin
[ 28%] Built target visualization_msgs_generate_messages_py
[ 28%] Built target uuv_gazebo_ros_plugins_msgs_generate_messages_py
[ 28%] Built target uuv_gazebo_ros_plugins_msgs_generate_messages_eus
[ 28%] Built target geometry_msgs_generate_messages_eus
[ 28%] Built target std_msgs_generate_messages_nodejs
[ 28%] Built target tf2_msgs_generate_messages_cpp
[ 28%] Built target std_msgs_generate_messages_cpp
[ 28%] Built target roscpp_generate_messages_nodejs
[ 28%] Built target geometry_msgs_generate_messages_lisp
[ 28%] Built target actionlib_generate_messages_lisp
[ 28%] Built target geometry_msgs_generate_messages_py
[ 28%] Built target tf2_msgs_generate_messages_eus
[ 28%] Built target roscpp_generate_messages_cpp
[ 28%] Built target sensor_msgs_generate_messages_py
[ 28%] Built target sensor_msgs_generate_messages_nodejs
[ 28%] Built target uuv_gazebo_ros_plugins_msgs_generate_messages_nodejs
[ 28%] Built target tf2_msgs_generate_messages_lisp
[ 28%] Built target uuv_gazebo_ros_plugins_msgs_generate_messages_cpp
[ 28%] Built target std_msgs_generate_messages_lisp
[ 28%] Built target rosgraph_msgs_generate_messages_lisp
[ 28%] Built target actionlib_msgs_generate_messages_eus
[ 28%] Built target rosgraph_msgs_generate_messages_py
[ 28%] Built target uuv_gazebo_ros_plugins_msgs_generate_messages_lisp
[ 28%] Built target sensor_msgs_generate_messages_eus
[ 28%] Built target sensor_msgs_generate_messages_lisp
[ 28%] Built target visualization_msgs_generate_messages_cpp
[ 28%] Built target actionlib_msgs_generate_messages_cpp
[ 28%] Built target std_msgs_generate_messages_py
[ 28%] Built target geometry_msgs_generate_messages_nodejs
[ 28%] Built target sensor_msgs_generate_messages_cpp
[ 28%] Built target visualization_msgs_generate_messages_lisp
[ 28%] Built target geometry_msgs_generate_messages_cpp
[ 28%] Built target visualization_msgs_generate_messages_eus
[ 28%] Built target tf2_msgs_generate_messages_py
[ 28%] Built target roscpp_generate_messages_py
[ 28%] Built target actionlib_generate_messages_eus
[ 28%] Built target rosgraph_msgs_generate_messages_cpp
[ 28%] Built target rosgraph_msgs_generate_messages_eus
[ 28%] Built target rosgraph_msgs_generate_messages_nodejs
[ 28%] Built target actionlib_generate_messages_cpp
[ 28%] Built target actionlib_msgs_generate_messages_py
[ 28%] Built target visualization_msgs_generate_messages_nodejs
[ 28%] Built target actionlib_generate_messages_nodejs
[ 28%] Built target actionlib_generate_messages_py
[ 28%] Built target std_msgs_generate_messages_eus
[ 28%] Built target actionlib_msgs_generate_messages_lisp
[ 28%] Built target actionlib_msgs_generate_messages_nodejs
[ 28%] Built target tf2_msgs_generate_messages_nodejs
[ 42%] Built target uuv_joint_state_publisher
[ 57%] Built target uuv_thruster_ros_plugin
[ 71%] Built target uuv_underwater_object_ros_plugin
[ 85%] Built target linear_battery_ros_plugin
[100%] Built target uuv_fin_ros_plugin
