make[1]: Entering directory '/home/tom/workspaces/tauv_ws/build/uuv_gazebo_ros_plugins'
make[2]: Entering directory '/home/tom/workspaces/tauv_ws/build/uuv_gazebo_ros_plugins'
make[3]: Entering directory '/home/tom/workspaces/tauv_ws/build/uuv_gazebo_ros_plugins'
make[3]: Entering directory '/home/tom/workspaces/tauv_ws/build/uuv_gazebo_ros_plugins'
make[3]: Leaving directory '/home/tom/workspaces/tauv_ws/build/uuv_gazebo_ros_plugins'
make[3]: Leaving directory '/home/tom/workspaces/tauv_ws/build/uuv_gazebo_ros_plugins'
[  0%] Built target uuv_gazebo_ros_plugins_xacro_generated_to_devel_space_
make[3]: Entering directory '/home/tom/workspaces/tauv_ws/build/uuv_gazebo_ros_plugins'
[ 14%] Built target custom_battery_consumer_ros_plugin
make[3]: Entering directory '/home/tom/workspaces/tauv_ws/build/uuv_gazebo_ros_plugins'
make[3]: Leaving directory '/home/tom/workspaces/tauv_ws/build/uuv_gazebo_ros_plugins'
make[3]: Leaving directory '/home/tom/workspaces/tauv_ws/build/uuv_gazebo_ros_plugins'
[ 14%] Built target roscpp_generate_messages_lisp
make[3]: Entering directory '/home/tom/workspaces/tauv_ws/build/uuv_gazebo_ros_plugins'
[ 28%] Built target uuv_accelerations_test_plugin
make[3]: Entering directory '/home/tom/workspaces/tauv_ws/build/uuv_gazebo_ros_plugins'
make[3]: Leaving directory '/home/tom/workspaces/tauv_ws/build/uuv_gazebo_ros_plugins'
make[3]: Leaving directory '/home/tom/workspaces/tauv_ws/build/uuv_gazebo_ros_plugins'
[ 28%] Built target roscpp_generate_messages_eus
[ 28%] Built target uuv_gazebo_ros_plugins_msgs_generate_messages_py
make[3]: Entering directory '/home/tom/workspaces/tauv_ws/build/uuv_gazebo_ros_plugins'
make[3]: Entering directory '/home/tom/workspaces/tauv_ws/build/uuv_gazebo_ros_plugins'
make[3]: Leaving directory '/home/tom/workspaces/tauv_ws/build/uuv_gazebo_ros_plugins'
make[3]: Leaving directory '/home/tom/workspaces/tauv_ws/build/uuv_gazebo_ros_plugins'
[ 28%] Built target visualization_msgs_generate_messages_py
[ 28%] Built target uuv_gazebo_ros_plugins_msgs_generate_messages_eus
make[3]: Entering directory '/home/tom/workspaces/tauv_ws/build/uuv_gazebo_ros_plugins'
make[3]: Entering directory '/home/tom/workspaces/tauv_ws/build/uuv_gazebo_ros_plugins'
make[3]: Leaving directory '/home/tom/workspaces/tauv_ws/build/uuv_gazebo_ros_plugins'
make[3]: Leaving directory '/home/tom/workspaces/tauv_ws/build/uuv_gazebo_ros_plugins'
[ 28%] Built target std_msgs_generate_messages_nodejs
make[3]: Entering directory '/home/tom/workspaces/tauv_ws/build/uuv_gazebo_ros_plugins'
[ 28%] Built target geometry_msgs_generate_messages_eus
make[3]: Leaving directory '/home/tom/workspaces/tauv_ws/build/uuv_gazebo_ros_plugins'
make[3]: Entering directory '/home/tom/workspaces/tauv_ws/build/uuv_gazebo_ros_plugins'
make[3]: Entering directory '/home/tom/workspaces/tauv_ws/build/uuv_gazebo_ros_plugins'
make[3]: Leaving directory '/home/tom/workspaces/tauv_ws/build/uuv_gazebo_ros_plugins'
[ 28%] Built target std_msgs_generate_messages_cpp
make[3]: Leaving directory '/home/tom/workspaces/tauv_ws/build/uuv_gazebo_ros_plugins'
make[3]: Entering directory '/home/tom/workspaces/tauv_ws/build/uuv_gazebo_ros_plugins'
[ 28%] Built target tf2_msgs_generate_messages_cpp
make[3]: Entering directory '/home/tom/workspaces/tauv_ws/build/uuv_gazebo_ros_plugins'
make[3]: Leaving directory '/home/tom/workspaces/tauv_ws/build/uuv_gazebo_ros_plugins'
[ 28%] Built target roscpp_generate_messages_nodejs
[ 28%] Built target geometry_msgs_generate_messages_lisp
make[3]: Entering directory '/home/tom/workspaces/tauv_ws/build/uuv_gazebo_ros_plugins'
make[3]: Entering directory '/home/tom/workspaces/tauv_ws/build/uuv_gazebo_ros_plugins'
make[3]: Leaving directory '/home/tom/workspaces/tauv_ws/build/uuv_gazebo_ros_plugins'
make[3]: Leaving directory '/home/tom/workspaces/tauv_ws/build/uuv_gazebo_ros_plugins'
make[3]: Leaving directory '/home/tom/workspaces/tauv_ws/build/uuv_gazebo_ros_plugins'
[ 28%] Built target actionlib_generate_messages_lisp
[ 28%] Built target roscpp_generate_messages_cpp
make[3]: Entering directory '/home/tom/workspaces/tauv_ws/build/uuv_gazebo_ros_plugins'
make[3]: Entering directory '/home/tom/workspaces/tauv_ws/build/uuv_gazebo_ros_plugins'
[ 28%] Built target geometry_msgs_generate_messages_py
make[3]: Leaving directory '/home/tom/workspaces/tauv_ws/build/uuv_gazebo_ros_plugins'
make[3]: Entering directory '/home/tom/workspaces/tauv_ws/build/uuv_gazebo_ros_plugins'
make[3]: Leaving directory '/home/tom/workspaces/tauv_ws/build/uuv_gazebo_ros_plugins'
[ 28%] Built target sensor_msgs_generate_messages_py
make[3]: Leaving directory '/home/tom/workspaces/tauv_ws/build/uuv_gazebo_ros_plugins'
make[3]: Entering directory '/home/tom/workspaces/tauv_ws/build/uuv_gazebo_ros_plugins'
[ 28%] Built target tf2_msgs_generate_messages_eus
make[3]: Leaving directory '/home/tom/workspaces/tauv_ws/build/uuv_gazebo_ros_plugins'
make[3]: Entering directory '/home/tom/workspaces/tauv_ws/build/uuv_gazebo_ros_plugins'
[ 28%] Built target sensor_msgs_generate_messages_nodejs
[ 28%] Built target uuv_gazebo_ros_plugins_msgs_generate_messages_nodejs
make[3]: Leaving directory '/home/tom/workspaces/tauv_ws/build/uuv_gazebo_ros_plugins'
make[3]: Entering directory '/home/tom/workspaces/tauv_ws/build/uuv_gazebo_ros_plugins'
[ 28%] Built target tf2_msgs_generate_messages_lisp
make[3]: Entering directory '/home/tom/workspaces/tauv_ws/build/uuv_gazebo_ros_plugins'
make[3]: Leaving directory '/home/tom/workspaces/tauv_ws/build/uuv_gazebo_ros_plugins'
[ 28%] Built target uuv_gazebo_ros_plugins_msgs_generate_messages_cpp
make[3]: Leaving directory '/home/tom/workspaces/tauv_ws/build/uuv_gazebo_ros_plugins'
[ 28%] Built target std_msgs_generate_messages_lisp
make[3]: Entering directory '/home/tom/workspaces/tauv_ws/build/uuv_gazebo_ros_plugins'
make[3]: Leaving directory '/home/tom/workspaces/tauv_ws/build/uuv_gazebo_ros_plugins'
[ 28%] Built target rosgraph_msgs_generate_messages_lisp
make[3]: Entering directory '/home/tom/workspaces/tauv_ws/build/uuv_gazebo_ros_plugins'
make[3]: Leaving directory '/home/tom/workspaces/tauv_ws/build/uuv_gazebo_ros_plugins'
make[3]: Entering directory '/home/tom/workspaces/tauv_ws/build/uuv_gazebo_ros_plugins'
make[3]: Leaving directory '/home/tom/workspaces/tauv_ws/build/uuv_gazebo_ros_plugins'
[ 28%] Built target actionlib_msgs_generate_messages_eus
[ 28%] Built target rosgraph_msgs_generate_messages_py
make[3]: Entering directory '/home/tom/workspaces/tauv_ws/build/uuv_gazebo_ros_plugins'
make[3]: Leaving directory '/home/tom/workspaces/tauv_ws/build/uuv_gazebo_ros_plugins'
[ 28%] Built target uuv_gazebo_ros_plugins_msgs_generate_messages_lisp
make[3]: Entering directory '/home/tom/workspaces/tauv_ws/build/uuv_gazebo_ros_plugins'
make[3]: Leaving directory '/home/tom/workspaces/tauv_ws/build/uuv_gazebo_ros_plugins'
[ 28%] Built target sensor_msgs_generate_messages_eus
make[3]: Entering directory '/home/tom/workspaces/tauv_ws/build/uuv_gazebo_ros_plugins'
make[3]: Leaving directory '/home/tom/workspaces/tauv_ws/build/uuv_gazebo_ros_plugins'
[ 28%] Built target sensor_msgs_generate_messages_lisp
make[3]: Entering directory '/home/tom/workspaces/tauv_ws/build/uuv_gazebo_ros_plugins'
make[3]: Leaving directory '/home/tom/workspaces/tauv_ws/build/uuv_gazebo_ros_plugins'
[ 28%] Built target visualization_msgs_generate_messages_cpp
make[3]: Entering directory '/home/tom/workspaces/tauv_ws/build/uuv_gazebo_ros_plugins'
make[3]: Leaving directory '/home/tom/workspaces/tauv_ws/build/uuv_gazebo_ros_plugins'
[ 28%] Built target actionlib_msgs_generate_messages_cpp
make[3]: Entering directory '/home/tom/workspaces/tauv_ws/build/uuv_gazebo_ros_plugins'
make[3]: Leaving directory '/home/tom/workspaces/tauv_ws/build/uuv_gazebo_ros_plugins'
[ 28%] Built target std_msgs_generate_messages_py
make[3]: Entering directory '/home/tom/workspaces/tauv_ws/build/uuv_gazebo_ros_plugins'
make[3]: Leaving directory '/home/tom/workspaces/tauv_ws/build/uuv_gazebo_ros_plugins'
[ 28%] Built target sensor_msgs_generate_messages_cpp
make[3]: Entering directory '/home/tom/workspaces/tauv_ws/build/uuv_gazebo_ros_plugins'
make[3]: Leaving directory '/home/tom/workspaces/tauv_ws/build/uuv_gazebo_ros_plugins'
make[3]: Entering directory '/home/tom/workspaces/tauv_ws/build/uuv_gazebo_ros_plugins'
[ 28%] Built target geometry_msgs_generate_messages_nodejs
make[3]: Leaving directory '/home/tom/workspaces/tauv_ws/build/uuv_gazebo_ros_plugins'
[ 28%] Built target visualization_msgs_generate_messages_lisp
make[3]: Entering directory '/home/tom/workspaces/tauv_ws/build/uuv_gazebo_ros_plugins'
make[3]: Leaving directory '/home/tom/workspaces/tauv_ws/build/uuv_gazebo_ros_plugins'
[ 28%] Built target geometry_msgs_generate_messages_cpp
make[3]: Entering directory '/home/tom/workspaces/tauv_ws/build/uuv_gazebo_ros_plugins'
make[3]: Entering directory '/home/tom/workspaces/tauv_ws/build/uuv_gazebo_ros_plugins'
make[3]: Entering directory '/home/tom/workspaces/tauv_ws/build/uuv_gazebo_ros_plugins'
make[3]: Leaving directory '/home/tom/workspaces/tauv_ws/build/uuv_gazebo_ros_plugins'
make[3]: Leaving directory '/home/tom/workspaces/tauv_ws/build/uuv_gazebo_ros_plugins'
make[3]: Leaving directory '/home/tom/workspaces/tauv_ws/build/uuv_gazebo_ros_plugins'
[ 28%] Built target visualization_msgs_generate_messages_eus
make[3]: Entering directory '/home/tom/workspaces/tauv_ws/build/uuv_gazebo_ros_plugins'
[ 28%] Built target tf2_msgs_generate_messages_py
make[3]: Entering directory '/home/tom/workspaces/tauv_ws/build/uuv_gazebo_ros_plugins'
[ 28%] Built target roscpp_generate_messages_py
make[3]: Entering directory '/home/tom/workspaces/tauv_ws/build/uuv_gazebo_ros_plugins'
make[3]: Leaving directory '/home/tom/workspaces/tauv_ws/build/uuv_gazebo_ros_plugins'
make[3]: Leaving directory '/home/tom/workspaces/tauv_ws/build/uuv_gazebo_ros_plugins'
make[3]: Leaving directory '/home/tom/workspaces/tauv_ws/build/uuv_gazebo_ros_plugins'
[ 28%] Built target actionlib_generate_messages_eus
make[3]: Entering directory '/home/tom/workspaces/tauv_ws/build/uuv_gazebo_ros_plugins'
[ 28%] Built target rosgraph_msgs_generate_messages_eus
make[3]: Entering directory '/home/tom/workspaces/tauv_ws/build/uuv_gazebo_ros_plugins'
[ 28%] Built target rosgraph_msgs_generate_messages_cpp
make[3]: Entering directory '/home/tom/workspaces/tauv_ws/build/uuv_gazebo_ros_plugins'
make[3]: Leaving directory '/home/tom/workspaces/tauv_ws/build/uuv_gazebo_ros_plugins'
make[3]: Leaving directory '/home/tom/workspaces/tauv_ws/build/uuv_gazebo_ros_plugins'
make[3]: Leaving directory '/home/tom/workspaces/tauv_ws/build/uuv_gazebo_ros_plugins'
[ 28%] Built target rosgraph_msgs_generate_messages_nodejs
[ 28%] Built target actionlib_generate_messages_cpp
[ 28%] Built target actionlib_msgs_generate_messages_py
make[3]: Entering directory '/home/tom/workspaces/tauv_ws/build/uuv_gazebo_ros_plugins'
make[3]: Entering directory '/home/tom/workspaces/tauv_ws/build/uuv_gazebo_ros_plugins'
make[3]: Leaving directory '/home/tom/workspaces/tauv_ws/build/uuv_gazebo_ros_plugins'
make[3]: Leaving directory '/home/tom/workspaces/tauv_ws/build/uuv_gazebo_ros_plugins'
[ 28%] Built target visualization_msgs_generate_messages_nodejs
make[3]: Entering directory '/home/tom/workspaces/tauv_ws/build/uuv_gazebo_ros_plugins'
[ 28%] Built target actionlib_generate_messages_nodejs
make[3]: Leaving directory '/home/tom/workspaces/tauv_ws/build/uuv_gazebo_ros_plugins'
make[3]: Entering directory '/home/tom/workspaces/tauv_ws/build/uuv_gazebo_ros_plugins'
[ 28%] Built target actionlib_generate_messages_py
make[3]: Leaving directory '/home/tom/workspaces/tauv_ws/build/uuv_gazebo_ros_plugins'
make[3]: Entering directory '/home/tom/workspaces/tauv_ws/build/uuv_gazebo_ros_plugins'
make[3]: Entering directory '/home/tom/workspaces/tauv_ws/build/uuv_gazebo_ros_plugins'
make[3]: Leaving directory '/home/tom/workspaces/tauv_ws/build/uuv_gazebo_ros_plugins'
make[3]: Leaving directory '/home/tom/workspaces/tauv_ws/build/uuv_gazebo_ros_plugins'
[ 28%] Built target std_msgs_generate_messages_eus
[ 28%] Built target actionlib_msgs_generate_messages_nodejs
make[3]: Entering directory '/home/tom/workspaces/tauv_ws/build/uuv_gazebo_ros_plugins'
[ 28%] Built target actionlib_msgs_generate_messages_lisp
make[3]: Entering directory '/home/tom/workspaces/tauv_ws/build/uuv_gazebo_ros_plugins'
make[3]: Entering directory '/home/tom/workspaces/tauv_ws/build/uuv_gazebo_ros_plugins'
make[3]: Leaving directory '/home/tom/workspaces/tauv_ws/build/uuv_gazebo_ros_plugins'
make[3]: Leaving directory '/home/tom/workspaces/tauv_ws/build/uuv_gazebo_ros_plugins'
[ 28%] Built target tf2_msgs_generate_messages_nodejs
make[3]: Leaving directory '/home/tom/workspaces/tauv_ws/build/uuv_gazebo_ros_plugins'
make[3]: Entering directory '/home/tom/workspaces/tauv_ws/build/uuv_gazebo_ros_plugins'
[ 42%] Built target uuv_joint_state_publisher
[35m[1mScanning dependencies of target uuv_underwater_object_ros_plugin[0m
make[3]: Entering directory '/home/tom/workspaces/tauv_ws/build/uuv_gazebo_ros_plugins'
[ 57%] Built target linear_battery_ros_plugin
make[3]: Leaving directory '/home/tom/workspaces/tauv_ws/build/uuv_gazebo_ros_plugins'
make[3]: Entering directory '/home/tom/workspaces/tauv_ws/build/uuv_gazebo_ros_plugins'
make[3]: Leaving directory '/home/tom/workspaces/tauv_ws/build/uuv_gazebo_ros_plugins'
[ 71%] Built target uuv_thruster_ros_plugin
make[3]: Leaving directory '/home/tom/workspaces/tauv_ws/build/uuv_gazebo_ros_plugins'
[ 85%] Built target uuv_fin_ros_plugin
make[3]: Entering directory '/home/tom/workspaces/tauv_ws/build/uuv_gazebo_ros_plugins'
[ 92%] [32mBuilding CXX object CMakeFiles/uuv_underwater_object_ros_plugin.dir/src/UnderwaterObjectROSPlugin.cc.o[0m
[100%] [32m[1mLinking CXX shared library /home/tom/workspaces/tauv_ws/devel/.private/uuv_gazebo_ros_plugins/lib/libuuv_underwater_object_ros_plugin.so[0m
make[3]: Leaving directory '/home/tom/workspaces/tauv_ws/build/uuv_gazebo_ros_plugins'
[100%] Built target uuv_underwater_object_ros_plugin
make[2]: Leaving directory '/home/tom/workspaces/tauv_ws/build/uuv_gazebo_ros_plugins'
make[1]: Leaving directory '/home/tom/workspaces/tauv_ws/build/uuv_gazebo_ros_plugins'
