[35m[1mScanning dependencies of target uuv_gazebo_ros_plugins_xacro_generated_to_devel_space_[0m
[35m[1mScanning dependencies of target roscpp_generate_messages_eus[0m
[35m[1mScanning dependencies of target roscpp_generate_messages_lisp[0m
[35m[1mScanning dependencies of target uuv_accelerations_test_plugin[0m
[35m[1mScanning dependencies of target custom_battery_consumer_ros_plugin[0m
[  0%] Built target uuv_gazebo_ros_plugins_xacro_generated_to_devel_space_
[  0%] Built target roscpp_generate_messages_lisp
[  0%] Built target roscpp_generate_messages_eus
[35m[1mScanning dependencies of target uuv_gazebo_ros_plugins_msgs_generate_messages_py[0m
[35m[1mScanning dependencies of target uuv_gazebo_ros_plugins_msgs_generate_messages_eus[0m
[35m[1mScanning dependencies of target visualization_msgs_generate_messages_py[0m
[  0%] Built target uuv_gazebo_ros_plugins_msgs_generate_messages_py
[  0%] Built target uuv_gazebo_ros_plugins_msgs_generate_messages_eus
[35m[1mScanning dependencies of target std_msgs_generate_messages_nodejs[0m
[  0%] Built target visualization_msgs_generate_messages_py
[  7%] [32mBuilding CXX object CMakeFiles/custom_battery_consumer_ros_plugin.dir/src/CustomBatteryConsumerROSPlugin.cc.o[0m
[  7%] Built target std_msgs_generate_messages_nodejs
[35m[1mScanning dependencies of target std_msgs_generate_messages_cpp[0m
[35m[1mScanning dependencies of target geometry_msgs_generate_messages_eus[0m
[35m[1mScanning dependencies of target tf2_msgs_generate_messages_cpp[0m
[ 14%] [32mBuilding CXX object CMakeFiles/uuv_accelerations_test_plugin.dir/src/AccelerationsTestPlugin.cc.o[0m
[ 14%] Built target std_msgs_generate_messages_cpp
[ 14%] Built target geometry_msgs_generate_messages_eus
[ 14%] Built target tf2_msgs_generate_messages_cpp
[35m[1mScanning dependencies of target roscpp_generate_messages_nodejs[0m
[35m[1mScanning dependencies of target geometry_msgs_generate_messages_lisp[0m
[35m[1mScanning dependencies of target actionlib_generate_messages_lisp[0m
[ 14%] Built target roscpp_generate_messages_nodejs
[ 14%] Built target geometry_msgs_generate_messages_lisp
[ 14%] Built target actionlib_generate_messages_lisp
[35m[1mScanning dependencies of target roscpp_generate_messages_cpp[0m
[35m[1mScanning dependencies of target geometry_msgs_generate_messages_py[0m
[35m[1mScanning dependencies of target tf2_msgs_generate_messages_eus[0m
[ 14%] Built target geometry_msgs_generate_messages_py
[ 14%] Built target roscpp_generate_messages_cpp
[ 14%] Built target tf2_msgs_generate_messages_eus
[35m[1mScanning dependencies of target sensor_msgs_generate_messages_py[0m
[35m[1mScanning dependencies of target sensor_msgs_generate_messages_nodejs[0m
[35m[1mScanning dependencies of target uuv_gazebo_ros_plugins_msgs_generate_messages_nodejs[0m
[ 14%] Built target sensor_msgs_generate_messages_nodejs
[ 14%] Built target sensor_msgs_generate_messages_py
[ 14%] Built target uuv_gazebo_ros_plugins_msgs_generate_messages_nodejs
[35m[1mScanning dependencies of target tf2_msgs_generate_messages_lisp[0m
[35m[1mScanning dependencies of target uuv_gazebo_ros_plugins_msgs_generate_messages_cpp[0m
[35m[1mScanning dependencies of target std_msgs_generate_messages_lisp[0m
[ 14%] Built target tf2_msgs_generate_messages_lisp
[ 14%] Built target uuv_gazebo_ros_plugins_msgs_generate_messages_cpp
[ 14%] Built target std_msgs_generate_messages_lisp
[35m[1mScanning dependencies of target rosgraph_msgs_generate_messages_lisp[0m
[35m[1mScanning dependencies of target actionlib_msgs_generate_messages_eus[0m
[ 14%] Built target rosgraph_msgs_generate_messages_lisp
[35m[1mScanning dependencies of target rosgraph_msgs_generate_messages_py[0m
[ 14%] Built target actionlib_msgs_generate_messages_eus
[35m[1mScanning dependencies of target uuv_gazebo_ros_plugins_msgs_generate_messages_lisp[0m
[35m[1mScanning dependencies of target sensor_msgs_generate_messages_eus[0m
[ 14%] Built target uuv_gazebo_ros_plugins_msgs_generate_messages_lisp
[ 14%] Built target rosgraph_msgs_generate_messages_py
[35m[1mScanning dependencies of target sensor_msgs_generate_messages_lisp[0m
[35m[1mScanning dependencies of target visualization_msgs_generate_messages_cpp[0m
[ 14%] Built target sensor_msgs_generate_messages_lisp
[ 14%] Built target sensor_msgs_generate_messages_eus
[ 14%] Built target visualization_msgs_generate_messages_cpp
[35m[1mScanning dependencies of target actionlib_msgs_generate_messages_cpp[0m
[35m[1mScanning dependencies of target std_msgs_generate_messages_py[0m
[ 14%] Built target actionlib_msgs_generate_messages_cpp
[ 14%] Built target std_msgs_generate_messages_py
[35m[1mScanning dependencies of target geometry_msgs_generate_messages_nodejs[0m
[35m[1mScanning dependencies of target sensor_msgs_generate_messages_cpp[0m
[ 14%] Built target geometry_msgs_generate_messages_nodejs
[35m[1mScanning dependencies of target visualization_msgs_generate_messages_lisp[0m
[ 14%] Built target sensor_msgs_generate_messages_cpp
[ 14%] Built target visualization_msgs_generate_messages_lisp
[35m[1mScanning dependencies of target geometry_msgs_generate_messages_cpp[0m
[35m[1mScanning dependencies of target tf2_msgs_generate_messages_py[0m
[35m[1mScanning dependencies of target visualization_msgs_generate_messages_eus[0m
[ 14%] Built target visualization_msgs_generate_messages_eus
[ 14%] Built target tf2_msgs_generate_messages_py
[ 14%] Built target geometry_msgs_generate_messages_cpp
[35m[1mScanning dependencies of target actionlib_generate_messages_eus[0m
[ 14%] Built target actionlib_generate_messages_eus
[35m[1mScanning dependencies of target rosgraph_msgs_generate_messages_cpp[0m
[35m[1mScanning dependencies of target roscpp_generate_messages_py[0m
[35m[1mScanning dependencies of target rosgraph_msgs_generate_messages_eus[0m
[ 14%] Built target rosgraph_msgs_generate_messages_cpp
[ 14%] Built target roscpp_generate_messages_py
[ 14%] Built target rosgraph_msgs_generate_messages_eus
[35m[1mScanning dependencies of target rosgraph_msgs_generate_messages_nodejs[0m
[35m[1mScanning dependencies of target actionlib_msgs_generate_messages_py[0m
[ 14%] Built target actionlib_msgs_generate_messages_py
[35m[1mScanning dependencies of target actionlib_generate_messages_cpp[0m
[ 14%] Built target rosgraph_msgs_generate_messages_nodejs
[35m[1mScanning dependencies of target visualization_msgs_generate_messages_nodejs[0m
[35m[1mScanning dependencies of target actionlib_generate_messages_nodejs[0m
[ 14%] Built target actionlib_generate_messages_cpp
[ 14%] Built target visualization_msgs_generate_messages_nodejs
[ 14%] Built target actionlib_generate_messages_nodejs
[35m[1mScanning dependencies of target actionlib_generate_messages_py[0m
[35m[1mScanning dependencies of target std_msgs_generate_messages_eus[0m
[35m[1mScanning dependencies of target actionlib_msgs_generate_messages_nodejs[0m
[ 14%] Built target actionlib_generate_messages_py
[ 14%] Built target std_msgs_generate_messages_eus
[ 14%] Built target actionlib_msgs_generate_messages_nodejs
[35m[1mScanning dependencies of target actionlib_msgs_generate_messages_lisp[0m
[ 14%] Built target actionlib_msgs_generate_messages_lisp
[35m[1mScanning dependencies of target tf2_msgs_generate_messages_nodejs[0m
[ 14%] Built target tf2_msgs_generate_messages_nodejs
[35m[1mScanning dependencies of target uuv_joint_state_publisher[0m
[35m[1mScanning dependencies of target linear_battery_ros_plugin[0m
[ 21%] [32mBuilding CXX object CMakeFiles/uuv_joint_state_publisher.dir/src/JointStatePublisher.cc.o[0m
[ 28%] [32mBuilding CXX object CMakeFiles/linear_battery_ros_plugin.dir/src/LinearBatteryROSPlugin.cc.o[0m
[35m[1mScanning dependencies of target uuv_thruster_ros_plugin[0m
[ 35%] [32mBuilding CXX object CMakeFiles/uuv_thruster_ros_plugin.dir/src/ThrusterROSPlugin.cc.o[0m
[ 42%] [32m[1mLinking CXX shared library /home/tom/workspaces/tauv_ws/devel/.private/uuv_gazebo_ros_plugins/lib/libcustom_battery_consumer_ros_plugin.so[0m
[ 42%] Built target custom_battery_consumer_ros_plugin
[35m[1mScanning dependencies of target uuv_fin_ros_plugin[0m
[ 50%] [32mBuilding CXX object CMakeFiles/uuv_fin_ros_plugin.dir/src/FinROSPlugin.cc.o[0m
[ 57%] [32m[1mLinking CXX shared library /home/tom/workspaces/tauv_ws/devel/.private/uuv_gazebo_ros_plugins/lib/libuuv_joint_state_publisher.so[0m
[ 64%] [32m[1mLinking CXX shared library /home/tom/workspaces/tauv_ws/devel/.private/uuv_gazebo_ros_plugins/lib/libuuv_accelerations_test_plugin.so[0m
[ 64%] Built target uuv_joint_state_publisher
[35m[1mScanning dependencies of target uuv_underwater_object_ros_plugin[0m
[ 71%] [32m[1mLinking CXX shared library /home/tom/workspaces/tauv_ws/devel/.private/uuv_gazebo_ros_plugins/lib/liblinear_battery_ros_plugin.so[0m
[ 78%] [32mBuilding CXX object CMakeFiles/uuv_underwater_object_ros_plugin.dir/src/UnderwaterObjectROSPlugin.cc.o[0m
[ 78%] Built target linear_battery_ros_plugin
[ 78%] Built target uuv_accelerations_test_plugin
[ 85%] [32m[1mLinking CXX shared library /home/tom/workspaces/tauv_ws/devel/.private/uuv_gazebo_ros_plugins/lib/libuuv_thruster_ros_plugin.so[0m
[ 85%] Built target uuv_thruster_ros_plugin
[ 92%] [32m[1mLinking CXX shared library /home/tom/workspaces/tauv_ws/devel/.private/uuv_gazebo_ros_plugins/lib/libuuv_fin_ros_plugin.so[0m
[ 92%] Built target uuv_fin_ros_plugin
[100%] [32m[1mLinking CXX shared library /home/tom/workspaces/tauv_ws/devel/.private/uuv_gazebo_ros_plugins/lib/libuuv_underwater_object_ros_plugin.so[0m
[100%] Built target uuv_underwater_object_ros_plugin
