make[1]: Entering directory '/home/tom/workspaces/tauv_ws/build/uuv_world_ros_plugins'
make[2]: Entering directory '/home/tom/workspaces/tauv_ws/build/uuv_world_ros_plugins'
make[3]: Entering directory '/home/tom/workspaces/tauv_ws/build/uuv_world_ros_plugins'
make[3]: Leaving directory '/home/tom/workspaces/tauv_ws/build/uuv_world_ros_plugins'
[  0%] Built target trajectory_msgs_generate_messages_lisp
make[3]: Entering directory '/home/tom/workspaces/tauv_ws/build/uuv_world_ros_plugins'
make[3]: Leaving directory '/home/tom/workspaces/tauv_ws/build/uuv_world_ros_plugins'
[  0%] Built target uuv_world_ros_plugins_msgs_generate_messages_py
make[3]: Entering directory '/home/tom/workspaces/tauv_ws/build/uuv_world_ros_plugins'
make[3]: Entering directory '/home/tom/workspaces/tauv_ws/build/uuv_world_ros_plugins'
make[3]: Leaving directory '/home/tom/workspaces/tauv_ws/build/uuv_world_ros_plugins'
make[3]: Leaving directory '/home/tom/workspaces/tauv_ws/build/uuv_world_ros_plugins'
[  0%] Built target uuv_world_ros_plugins_msgs_generate_messages_cpp
[  0%] Built target uuv_world_ros_plugins_msgs_generate_messages_lisp
make[3]: Entering directory '/home/tom/workspaces/tauv_ws/build/uuv_world_ros_plugins'
make[3]: Leaving directory '/home/tom/workspaces/tauv_ws/build/uuv_world_ros_plugins'
[  0%] Built target uuv_world_ros_plugins_msgs_generate_messages_nodejs
make[3]: Entering directory '/home/tom/workspaces/tauv_ws/build/uuv_world_ros_plugins'
make[3]: Leaving directory '/home/tom/workspaces/tauv_ws/build/uuv_world_ros_plugins'
[  0%] Built target std_srvs_generate_messages_lisp
make[3]: Entering directory '/home/tom/workspaces/tauv_ws/build/uuv_world_ros_plugins'
make[3]: Leaving directory '/home/tom/workspaces/tauv_ws/build/uuv_world_ros_plugins'
[  0%] Built target std_srvs_generate_messages_eus
make[3]: Entering directory '/home/tom/workspaces/tauv_ws/build/uuv_world_ros_plugins'
make[3]: Entering directory '/home/tom/workspaces/tauv_ws/build/uuv_world_ros_plugins'
make[3]: Leaving directory '/home/tom/workspaces/tauv_ws/build/uuv_world_ros_plugins'
make[3]: Leaving directory '/home/tom/workspaces/tauv_ws/build/uuv_world_ros_plugins'
make[3]: Entering directory '/home/tom/workspaces/tauv_ws/build/uuv_world_ros_plugins'
[  0%] Built target sensor_msgs_generate_messages_lisp
[  0%] Built target sensor_msgs_generate_messages_nodejs
make[3]: Entering directory '/home/tom/workspaces/tauv_ws/build/uuv_world_ros_plugins'
make[3]: Leaving directory '/home/tom/workspaces/tauv_ws/build/uuv_world_ros_plugins'
make[3]: Leaving directory '/home/tom/workspaces/tauv_ws/build/uuv_world_ros_plugins'
[  0%] Built target sensor_msgs_generate_messages_cpp
make[3]: Entering directory '/home/tom/workspaces/tauv_ws/build/uuv_world_ros_plugins'
[  0%] Built target sensor_msgs_generate_messages_py
make[3]: Entering directory '/home/tom/workspaces/tauv_ws/build/uuv_world_ros_plugins'
make[3]: Leaving directory '/home/tom/workspaces/tauv_ws/build/uuv_world_ros_plugins'
make[3]: Leaving directory '/home/tom/workspaces/tauv_ws/build/uuv_world_ros_plugins'
[  0%] Built target geometry_msgs_generate_messages_py
make[3]: Entering directory '/home/tom/workspaces/tauv_ws/build/uuv_world_ros_plugins'
[  0%] Built target geometry_msgs_generate_messages_nodejs
make[3]: Entering directory '/home/tom/workspaces/tauv_ws/build/uuv_world_ros_plugins'
make[3]: Entering directory '/home/tom/workspaces/tauv_ws/build/uuv_world_ros_plugins'
make[3]: Leaving directory '/home/tom/workspaces/tauv_ws/build/uuv_world_ros_plugins'
make[3]: Leaving directory '/home/tom/workspaces/tauv_ws/build/uuv_world_ros_plugins'
make[3]: Leaving directory '/home/tom/workspaces/tauv_ws/build/uuv_world_ros_plugins'
[  0%] Built target geometry_msgs_generate_messages_cpp
make[3]: Entering directory '/home/tom/workspaces/tauv_ws/build/uuv_world_ros_plugins'
[  0%] Built target geometry_msgs_generate_messages_lisp
[  0%] Built target trajectory_msgs_generate_messages_py
make[3]: Entering directory '/home/tom/workspaces/tauv_ws/build/uuv_world_ros_plugins'
make[3]: Leaving directory '/home/tom/workspaces/tauv_ws/build/uuv_world_ros_plugins'
make[3]: Leaving directory '/home/tom/workspaces/tauv_ws/build/uuv_world_ros_plugins'
[  0%] Built target std_srvs_generate_messages_py
make[3]: Entering directory '/home/tom/workspaces/tauv_ws/build/uuv_world_ros_plugins'
[  0%] Built target rosgraph_msgs_generate_messages_cpp
make[3]: Entering directory '/home/tom/workspaces/tauv_ws/build/uuv_world_ros_plugins'
make[3]: Leaving directory '/home/tom/workspaces/tauv_ws/build/uuv_world_ros_plugins'
make[3]: Leaving directory '/home/tom/workspaces/tauv_ws/build/uuv_world_ros_plugins'
[  0%] Built target roscpp_generate_messages_nodejs
make[3]: Entering directory '/home/tom/workspaces/tauv_ws/build/uuv_world_ros_plugins'
[  0%] Built target std_msgs_generate_messages_eus
make[3]: Entering directory '/home/tom/workspaces/tauv_ws/build/uuv_world_ros_plugins'
make[3]: Leaving directory '/home/tom/workspaces/tauv_ws/build/uuv_world_ros_plugins'
make[3]: Leaving directory '/home/tom/workspaces/tauv_ws/build/uuv_world_ros_plugins'
[  0%] Built target roscpp_generate_messages_eus
make[3]: Entering directory '/home/tom/workspaces/tauv_ws/build/uuv_world_ros_plugins'
[  0%] Built target sensor_msgs_generate_messages_eus
make[3]: Leaving directory '/home/tom/workspaces/tauv_ws/build/uuv_world_ros_plugins'
[  0%] Built target roscpp_generate_messages_cpp
make[3]: Entering directory '/home/tom/workspaces/tauv_ws/build/uuv_world_ros_plugins'
make[3]: Leaving directory '/home/tom/workspaces/tauv_ws/build/uuv_world_ros_plugins'
[  0%] Built target roscpp_generate_messages_py
make[3]: Entering directory '/home/tom/workspaces/tauv_ws/build/uuv_world_ros_plugins'
make[3]: Leaving directory '/home/tom/workspaces/tauv_ws/build/uuv_world_ros_plugins'
[  0%] Built target rosgraph_msgs_generate_messages_py
make[3]: Entering directory '/home/tom/workspaces/tauv_ws/build/uuv_world_ros_plugins'
make[3]: Leaving directory '/home/tom/workspaces/tauv_ws/build/uuv_world_ros_plugins'
make[3]: Entering directory '/home/tom/workspaces/tauv_ws/build/uuv_world_ros_plugins'
[  0%] Built target rosgraph_msgs_generate_messages_lisp
make[3]: Leaving directory '/home/tom/workspaces/tauv_ws/build/uuv_world_ros_plugins'
make[3]: Entering directory '/home/tom/workspaces/tauv_ws/build/uuv_world_ros_plugins'
make[3]: Leaving directory '/home/tom/workspaces/tauv_ws/build/uuv_world_ros_plugins'
[  0%] Built target std_srvs_generate_messages_nodejs
make[3]: Entering directory '/home/tom/workspaces/tauv_ws/build/uuv_world_ros_plugins'
[  0%] Built target std_msgs_generate_messages_lisp
make[3]: Entering directory '/home/tom/workspaces/tauv_ws/build/uuv_world_ros_plugins'
make[3]: Leaving directory '/home/tom/workspaces/tauv_ws/build/uuv_world_ros_plugins'
make[3]: Leaving directory '/home/tom/workspaces/tauv_ws/build/uuv_world_ros_plugins'
[  0%] Built target rosgraph_msgs_generate_messages_eus
make[3]: Entering directory '/home/tom/workspaces/tauv_ws/build/uuv_world_ros_plugins'
[  0%] Built target gazebo_msgs_generate_messages_lisp
make[3]: Entering directory '/home/tom/workspaces/tauv_ws/build/uuv_world_ros_plugins'
make[3]: Entering directory '/home/tom/workspaces/tauv_ws/build/uuv_world_ros_plugins'
make[3]: Leaving directory '/home/tom/workspaces/tauv_ws/build/uuv_world_ros_plugins'
make[3]: Leaving directory '/home/tom/workspaces/tauv_ws/build/uuv_world_ros_plugins'
[  0%] Built target roscpp_generate_messages_lisp
[  0%] Built target rosgraph_msgs_generate_messages_nodejs
make[3]: Leaving directory '/home/tom/workspaces/tauv_ws/build/uuv_world_ros_plugins'
make[3]: Entering directory '/home/tom/workspaces/tauv_ws/build/uuv_world_ros_plugins'
make[3]: Entering directory '/home/tom/workspaces/tauv_ws/build/uuv_world_ros_plugins'
[  0%] Built target std_srvs_generate_messages_cpp
make[3]: Leaving directory '/home/tom/workspaces/tauv_ws/build/uuv_world_ros_plugins'
make[3]: Leaving directory '/home/tom/workspaces/tauv_ws/build/uuv_world_ros_plugins'
make[3]: Entering directory '/home/tom/workspaces/tauv_ws/build/uuv_world_ros_plugins'
[  0%] Built target gazebo_msgs_generate_messages_py
[  0%] Built target std_msgs_generate_messages_cpp
make[3]: Entering directory '/home/tom/workspaces/tauv_ws/build/uuv_world_ros_plugins'
make[3]: Entering directory '/home/tom/workspaces/tauv_ws/build/uuv_world_ros_plugins'
make[3]: Leaving directory '/home/tom/workspaces/tauv_ws/build/uuv_world_ros_plugins'
make[3]: Leaving directory '/home/tom/workspaces/tauv_ws/build/uuv_world_ros_plugins'
make[3]: Leaving directory '/home/tom/workspaces/tauv_ws/build/uuv_world_ros_plugins'
[  0%] Built target gazebo_msgs_generate_messages_eus
make[3]: Entering directory '/home/tom/workspaces/tauv_ws/build/uuv_world_ros_plugins'
[  0%] Built target trajectory_msgs_generate_messages_cpp
make[3]: Entering directory '/home/tom/workspaces/tauv_ws/build/uuv_world_ros_plugins'
[  0%] Built target geometry_msgs_generate_messages_eus
make[3]: Entering directory '/home/tom/workspaces/tauv_ws/build/uuv_world_ros_plugins'
make[3]: Leaving directory '/home/tom/workspaces/tauv_ws/build/uuv_world_ros_plugins'
make[3]: Leaving directory '/home/tom/workspaces/tauv_ws/build/uuv_world_ros_plugins'
make[3]: Leaving directory '/home/tom/workspaces/tauv_ws/build/uuv_world_ros_plugins'
[  0%] Built target std_msgs_generate_messages_nodejs
make[3]: Entering directory '/home/tom/workspaces/tauv_ws/build/uuv_world_ros_plugins'
[  0%] Built target std_msgs_generate_messages_py
make[3]: Entering directory '/home/tom/workspaces/tauv_ws/build/uuv_world_ros_plugins'
make[3]: Leaving directory '/home/tom/workspaces/tauv_ws/build/uuv_world_ros_plugins'
make[3]: Leaving directory '/home/tom/workspaces/tauv_ws/build/uuv_world_ros_plugins'
[  0%] Built target uuv_world_ros_plugins_msgs_generate_messages_eus
[  0%] Built target gazebo_msgs_generate_messages_cpp
make[3]: Entering directory '/home/tom/workspaces/tauv_ws/build/uuv_world_ros_plugins'
[  0%] Built target trajectory_msgs_generate_messages_nodejs
make[3]: Entering directory '/home/tom/workspaces/tauv_ws/build/uuv_world_ros_plugins'
make[3]: Leaving directory '/home/tom/workspaces/tauv_ws/build/uuv_world_ros_plugins'
make[3]: Leaving directory '/home/tom/workspaces/tauv_ws/build/uuv_world_ros_plugins'
[  0%] Built target gazebo_msgs_generate_messages_nodejs
[  0%] Built target trajectory_msgs_generate_messages_eus
make[3]: Entering directory '/home/tom/workspaces/tauv_ws/build/uuv_world_ros_plugins'
make[3]: Leaving directory '/home/tom/workspaces/tauv_ws/build/uuv_world_ros_plugins'
make[3]: Entering directory '/home/tom/workspaces/tauv_ws/build/uuv_world_ros_plugins'
[ 50%] Built target uuv_underwater_current_ros_plugin
make[3]: Leaving directory '/home/tom/workspaces/tauv_ws/build/uuv_world_ros_plugins'
[100%] Built target uuv_sc_ros_interface_plugin
make[2]: Leaving directory '/home/tom/workspaces/tauv_ws/build/uuv_world_ros_plugins'
make[1]: Leaving directory '/home/tom/workspaces/tauv_ws/build/uuv_world_ros_plugins'
